#
# A fatal error has been detected by the Java Runtime Environment:
#
#  SIGSEGV (0xb) at pc=0x00007fb7da2a6309, pid=3221, tid=140427636451072
#
# JRE version: 6.0_27-b27
# Java VM: OpenJDK 64-Bit Server VM (20.0-b12 mixed mode linux-amd64 compressed oops)
# Derivative: IcedTea6 1.12.1
# Distribution: Ubuntu 12.10, package 6b27-1.12.1-2ubuntu0.12.10.2
# Problematic frame:
# C  [libGL.so.1+0x2fa309]  glDeleteBuffers+0x9
#
# If you would like to submit a bug report, please include
# instructions how to reproduce the bug and visit:
#   https://bugs.launchpad.net/ubuntu/+source/openjdk-6/
# The crash happened outside the Java Virtual Machine in native code.
# See problematic frame for where to report the bug.
#

---------------  T H R E A D  ---------------

Current thread (0x00007fb80429e000):  JavaThread "thread applet-Test.class" [_thread_in_native, id=3241, stack(0x00007fb7db532000,0x00007fb7db633000)]

siginfo:si_signo=SIGSEGV: si_errno=0, si_code=1 (SEGV_MAPERR), si_addr=0x0000000000000ee0

Registers:
RAX=0x0000000000000000, RBX=0x00000000b8d28048, RCX=0x00007fb7da2a6300, RDX=0x00000000ebd89648
RSP=0x00007fb7db631658, RBP=0x00007fb7db6316a0, RSI=0x00000000ebd89648, RDI=0x0000000000000001
R8 =0x00007fb80c1acaa0, R9 =0x0000000000000000, R10=0x00007fb801010d3b, R11=0x00007fb80c3b38e0
R12=0x0000000000000000, R13=0x00000000b8d28048, R14=0x00007fb7db631778, R15=0x00007fb80429e000
RIP=0x00007fb7da2a6309, EFLAGS=0x0000000000010206, CSGSFS=0x0000000000000033, ERR=0x0000000000000004
  TRAPNO=0x000000000000000e

Top of Stack: (sp=0x00007fb7db631658)
0x00007fb7db631658:   00007fb7d9b5a13c 00007fb7db631700
0x00007fb7db631668:   00000000000000b5 00007fb7db631768
0x00007fb7db631678:   0000000100000000 00007fb7db631778
0x00007fb7db631688:   00007fb80429e1d0 00000000ebd89648
0x00007fb7db631698:   00007fb7da2a6300 00007fb7db631728
0x00007fb7db6316a8:   00007fb801010d68 00007fb7da2a6300
0x00007fb7db6316b8:   00007fb7dc032bc8 00007fb7fffffffe
0x00007fb7db6316c8:   0000000000000594 00007fb7db631748
0x00007fb7db6316d8:   00007fb80101ba83 00007fb801004dd0
0x00007fb7db6316e8:   00007fb7db6316e8 00000000b8d28048
0x00007fb7db6316f8:   00007fb7db631778 00000000b8eba2d8
0x00007fb7db631708:   0000000000000000 00000000b8d28048
0x00007fb7db631718:   0000000000000000 00007fb7db631748
0x00007fb7db631728:   00007fb7db6317c0 00007fb80100585a
0x00007fb7db631738:   0000000000000000 00007fb80100df58
0x00007fb7db631748:   00007fb7da2a6300 00007fb7db6317f8
0x00007fb7db631758:   0000000000000000 0000000000000000
0x00007fb7db631768:   00000000ebd89638 0000000000000001
0x00007fb7db631778:   00000000eca157a0 00007fb7db631780
0x00007fb7db631788:   00000000b8d28195 00007fb7db6317f8
0x00007fb7db631798:   00000000b8eba2d8 0000000000000000
0x00007fb7db6317a8:   00000000b8d281a8 00007fb7db631748
0x00007fb7db6317b8:   00007fb7db6317e0 00007fb7db631840
0x00007fb7db6317c8:   00007fb801005d34 00007fb7da2a6300
0x00007fb7db6317d8:   0000000000000000 0000000000000000
0x00007fb7db6317e8:   00000000ebd89638 0000000000000001
0x00007fb7db6317f8:   00000000eca157a0 00007fb7db631800
0x00007fb7db631808:   00000000b88e673e 00007fb7db631868
0x00007fb7db631818:   00000000b8a55748 0000000000000000
0x00007fb7db631828:   00000000b88e6780 00007fb7db6317e0
0x00007fb7db631838:   00007fb7db631850 00007fb7db6318b0
0x00007fb7db631848:   00007fb80100585a 0000000000000000 

Instructions: (pc=0x00007fb7da2a6309)
0x00007fb7da2a62e9:   ff a0 d8 0e 00 00 cc cc cc cc cc cc cc cc cc cc
0x00007fb7da2a62f9:   cc cc cc cc cc cc cc 64 48 8b 04 25 80 ff ff ff
0x00007fb7da2a6309:   ff a0 e0 0e 00 00 cc cc cc cc cc cc cc cc cc cc
0x00007fb7da2a6319:   cc cc cc cc cc cc cc 64 48 8b 04 25 80 ff ff ff 

Register to memory mapping:

RAX=0x0000000000000000 is an unknown value
RBX=0x00000000b8d28048 is an oop
{method} 
 - klass: {other class}
RCX=0x00007fb7da2a6300: glDeleteBuffers+0 in /usr/lib/nvidia-current/libGL.so.1 at 0x00007fb7d9fac000
RDX=0x00000000ebd89648 is an unknown value
RSP=0x00007fb7db631658 is pointing into the stack for thread: 0x00007fb80429e000
RBP=0x00007fb7db6316a0 is pointing into the stack for thread: 0x00007fb80429e000
RSI=0x00000000ebd89648 is an unknown value
RDI=0x0000000000000001 is an unknown value
R8 =0x00007fb80c1acaa0: <offset 0x4d1aa0> in /usr/lib/jvm/java-6-openjdk-amd64/jre/lib/amd64/server/libjvm.so at 0x00007fb80bcdb000
R9 =0x0000000000000000 is an unknown value
R10=0x00007fb801010d3b is an Interpreter codelet
method entry point (kind = native)  [0x00007fb801010ae0, 0x00007fb801011320]  2112 bytes
R11=0x00007fb80c3b38e0: <offset 0x6d88e0> in /usr/lib/jvm/java-6-openjdk-amd64/jre/lib/amd64/server/libjvm.so at 0x00007fb80bcdb000
R12=0x0000000000000000 is an unknown value
R13=0x00000000b8d28048 is an oop
{method} 
 - klass: {other class}
R14=0x00007fb7db631778 is pointing into the stack for thread: 0x00007fb80429e000
R15=0x00007fb80429e000 is a thread


Stack: [0x00007fb7db532000,0x00007fb7db633000],  sp=0x00007fb7db631658,  free space=1021k
Native frames: (J=compiled Java code, j=interpreted, Vv=VM code, C=native code)
C  [libGL.so.1+0x2fa309]  glDeleteBuffers+0x9
j  jogamp.opengl.gl4.GL4bcImpl.dispatch_glDeleteBuffers1(ILjava/lang/Object;IZJ)V+0
j  jogamp.opengl.gl4.GL4bcImpl.glDeleteBuffers(I[II)V+101
j  processing.opengl.PGL.deleteBuffers(I[II)V+6
j  processing.opengl.PGraphicsOpenGL.deleteVertexBufferObject(II)V+38
j  processing.opengl.PGraphicsOpenGL.deletePolyBuffers()V+19
j  processing.opengl.PGraphicsOpenGL.dispose()V+9
j  processing.core.PApplet.dispose()V+28
j  processing.core.PApplet.destroy()V+1
j  sun.applet.AppletPanel.run()V+562
j  java.lang.Thread.run()V+11
v  ~StubRoutines::call_stub
V  [libjvm.so+0x4bcdf7]  JavaCalls::call_helper(JavaValue*, methodHandle*, JavaCallArguments*, Thread*)+0x2a7
V  [libjvm.so+0x4bc215]  JavaCalls::call(JavaValue*, methodHandle, JavaCallArguments*, Thread*)+0x25
V  [libjvm.so+0x4bc702]  JavaCalls::call_virtual(JavaValue*, KlassHandle, symbolHandle, symbolHandle, JavaCallArguments*, Thread*)+0x1b2
V  [libjvm.so+0x4bc82f]  JavaCalls::call_virtual(JavaValue*, Handle, KlassHandle, symbolHandle, symbolHandle, Thread*)+0x4f
V  [libjvm.so+0x4f190f]  thread_entry(JavaThread*, Thread*)+0xaf
V  [libjvm.so+0x75f708]  JavaThread::thread_main_inner()+0x58
V  [libjvm.so+0x662e1a]  java_start(Thread*)+0xda

Java frames: (J=compiled Java code, j=interpreted, Vv=VM code)
j  jogamp.opengl.gl4.GL4bcImpl.dispatch_glDeleteBuffers1(ILjava/lang/Object;IZJ)V+0
j  jogamp.opengl.gl4.GL4bcImpl.glDeleteBuffers(I[II)V+101
j  processing.opengl.PGL.deleteBuffers(I[II)V+6
j  processing.opengl.PGraphicsOpenGL.deleteVertexBufferObject(II)V+38
j  processing.opengl.PGraphicsOpenGL.deletePolyBuffers()V+19
j  processing.opengl.PGraphicsOpenGL.dispose()V+9
j  processing.core.PApplet.dispose()V+28
j  processing.core.PApplet.destroy()V+1
j  sun.applet.AppletPanel.run()V+562
j  java.lang.Thread.run()V+11
v  ~StubRoutines::call_stub

---------------  P R O C E S S  ---------------

Java Threads: ( => current thread )
  0x00007fb7cc0ef800 JavaThread "Thread-6" [_thread_blocked, id=3259, stack(0x00007fb7d8c2a000,0x00007fb7d8d2b000)]
  0x00007fb7c0055000 JavaThread "Animation Thread-Display-.x11_:0.0-1-EDT-1" daemon [_thread_blocked, id=3258, stack(0x00007fb7d9073000,0x00007fb7d9174000)]
  0x00007fb7c0079000 JavaThread "Animation Thread-SharedResourceRunner" daemon [_thread_blocked, id=3257, stack(0x00007fb7dacde000,0x00007fb7daddf000)]
  0x00007fb7c8005000 JavaThread "AWT-EventQueue-1" [_thread_blocked, id=3245, stack(0x00007fb7daddf000,0x00007fb7daee0000)]
  0x00007fb804008800 JavaThread "DestroyJavaVM" [_thread_blocked, id=3223, stack(0x00007fb80d5b6000,0x00007fb80d6b7000)]
  0x00007fb8042a6000 JavaThread "AWT-EventQueue-0" [_thread_blocked, id=3243, stack(0x00007fb7db431000,0x00007fb7db532000)]
  0x00007fb8042b6800 JavaThread "AWT-Shutdown" [_thread_blocked, id=3242, stack(0x00007fb7db633000,0x00007fb7db734000)]
=>0x00007fb80429e000 JavaThread "thread applet-Test.class" [_thread_in_native, id=3241, stack(0x00007fb7db532000,0x00007fb7db633000)]
  0x00007fb80428e000 JavaThread "AWT-XAWT" daemon [_thread_in_native, id=3239, stack(0x00007fb7db734000,0x00007fb7db835000)]
  0x00007fb804200800 JavaThread "Java2D Disposer" daemon [_thread_blocked, id=3238, stack(0x00007fb7dbc63000,0x00007fb7dbd64000)]
  0x00007fb80409a800 JavaThread "Low Memory Detector" daemon [_thread_blocked, id=3236, stack(0x00007fb808b79000,0x00007fb808c7a000)]
  0x00007fb804098800 JavaThread "C2 CompilerThread1" daemon [_thread_blocked, id=3235, stack(0x00007fb808c7a000,0x00007fb808d7b000)]
  0x00007fb804095800 JavaThread "C2 CompilerThread0" daemon [_thread_blocked, id=3234, stack(0x00007fb808d7b000,0x00007fb808e7c000)]
  0x00007fb804094000 JavaThread "Signal Dispatcher" daemon [_thread_blocked, id=3233, stack(0x00007fb808e7c000,0x00007fb808f7d000)]
  0x00007fb804075000 JavaThread "Finalizer" daemon [_thread_blocked, id=3232, stack(0x00007fb809665000,0x00007fb809766000)]
  0x00007fb804073000 JavaThread "Reference Handler" daemon [_thread_blocked, id=3231, stack(0x00007fb809766000,0x00007fb809867000)]

Other Threads:
  0x00007fb80406e000 VMThread [stack: 0x00007fb809867000,0x00007fb809968000] [id=3230]
  0x00007fb80409d000 WatcherThread [stack: 0x00007fb808a78000,0x00007fb808b79000] [id=3237]

VM state:not at safepoint (normal execution)

VM Mutex/Monitor currently owned by a thread: None

Heap
 PSYoungGen      total 18432K, used 9774K [0x00000000eb6b0000, 0x00000000ecb40000, 0x0000000100000000)
  eden space 15808K, 45% used [0x00000000eb6b0000,0x00000000ebdb1d88,0x00000000ec620000)
  from space 2624K, 99% used [0x00000000ec8b0000,0x00000000ecb39e40,0x00000000ecb40000)
  to   space 2624K, 0% used [0x00000000ec620000,0x00000000ec620000,0x00000000ec8b0000)
 PSOldGen        total 42176K, used 120K [0x00000000c2400000, 0x00000000c4d30000, 0x00000000eb6b0000)
  object space 42176K, 0% used [0x00000000c2400000,0x00000000c241e000,0x00000000c4d30000)
 PSPermGen       total 21248K, used 20779K [0x00000000b7e00000, 0x00000000b92c0000, 0x00000000c2400000)
  object space 21248K, 97% used [0x00000000b7e00000,0x00000000b924aeb8,0x00000000b92c0000)

Code Cache  [0x00007fb801000000, 0x00007fb801270000, 0x00007fb804000000)
 total_blobs=1041 nmethods=248 adapters=747 free_code_cache=49152320 largest_free_block=8640

Dynamic libraries:
00400000-00409000 r-xp 00000000 08:02 1708375                            /usr/lib/jvm/java-6-openjdk-amd64/jre/bin/java
00608000-00609000 r--p 00008000 08:02 1708375                            /usr/lib/jvm/java-6-openjdk-amd64/jre/bin/java
00609000-0060a000 rw-p 00009000 08:02 1708375                            /usr/lib/jvm/java-6-openjdk-amd64/jre/bin/java
00c39000-00c7e000 rw-p 00000000 00:00 0                                  [heap]
40537000-405b5000 rw-p 00000000 00:00 0 
40ca8000-40caa000 r-xs 00000000 08:02 1048586                            /tmp/gllan7Kl (deleted)
41c07000-41c85000 rw-p 00000000 00:00 0 
b7e00000-b92c0000 rw-p 00000000 00:00 0 
b92c0000-c2400000 rw-p 00000000 00:00 0 
c2400000-c4d30000 rw-p 00000000 00:00 0 
c4d30000-eb6b0000 rw-p 00000000 00:00 0 
eb6b0000-ecb40000 rw-p 00000000 00:00 0 
ecb40000-100000000 rw-p 00000000 00:00 0 
7fb7c0000000-7fb7c05d2000 rw-p 00000000 00:00 0 
7fb7c05d2000-7fb7c4000000 ---p 00000000 00:00 0 
7fb7c5c17000-7fb7c75e6000 r-xp 00000000 08:02 4326356                    /usr/lib/nvidia-current/libnvidia-glcore.so.304.43
7fb7c75e6000-7fb7c77e5000 ---p 019cf000 08:02 4326356                    /usr/lib/nvidia-current/libnvidia-glcore.so.304.43
7fb7c77e5000-7fb7c7fe6000 rwxp 019ce000 08:02 4326356                    /usr/lib/nvidia-current/libnvidia-glcore.so.304.43
7fb7c7fe6000-7fb7c8000000 rwxp 00000000 00:00 0 
7fb7c8000000-7fb7c850f000 rw-p 00000000 00:00 0 
7fb7c850f000-7fb7cc000000 ---p 00000000 00:00 0 
7fb7cc000000-7fb7cc182000 rw-p 00000000 00:00 0 
7fb7cc182000-7fb7d0000000 ---p 00000000 00:00 0 
7fb7d0000000-7fb7d0242000 rw-p 00000000 00:00 0 
7fb7d0242000-7fb7d4000000 ---p 00000000 00:00 0 
7fb7d4000000-7fb7d4021000 rw-p 00000000 00:00 0 
7fb7d4021000-7fb7d8000000 ---p 00000000 00:00 0 
7fb7d8c2a000-7fb7d8c2d000 ---p 00000000 00:00 0 
7fb7d8c2d000-7fb7d8d2b000 rw-p 00000000 00:00 0                          [stack:3259]
7fb7d8d2b000-7fb7d8d32000 r--s 00000000 08:02 1839534                    /usr/lib/x86_64-linux-gnu/gconv/gconv-modules.cache
7fb7d8db2000-7fb7d8eb2000 rw-s a524b000 00:05 9586                       /dev/nvidia0
7fb7d8f13000-7fb7d9013000 rw-s a76ac000 00:05 9586                       /dev/nvidia0
7fb7d9013000-7fb7d9053000 rw-s a5044000 00:05 9586                       /dev/nvidia0
7fb7d9053000-7fb7d9073000 rw-s b65ae000 00:05 9586                       /dev/nvidia0
7fb7d9073000-7fb7d9076000 ---p 00000000 00:00 0 
7fb7d9076000-7fb7d9174000 rw-p 00000000 00:00 0                          [stack:3258]
7fb7d9174000-7fb7d917d000 r-xp 00000000 08:02 1583959                    /usr/lib/x86_64-linux-gnu/libXrandr.so.2.2.0
7fb7d917d000-7fb7d937c000 ---p 00009000 08:02 1583959                    /usr/lib/x86_64-linux-gnu/libXrandr.so.2.2.0
7fb7d937c000-7fb7d937d000 r--p 00008000 08:02 1583959                    /usr/lib/x86_64-linux-gnu/libXrandr.so.2.2.0
7fb7d937d000-7fb7d937e000 rw-p 00009000 08:02 1583959                    /usr/lib/x86_64-linux-gnu/libXrandr.so.2.2.0
7fb7d9391000-7fb7d9395000 rw-s a76a7000 00:05 9586                       /dev/nvidia0
7fb7d9395000-7fb7d9396000 rw-s d0008000 00:05 9586                       /dev/nvidia0
7fb7d9396000-7fb7d9397000 rw-s a76a6000 00:05 9586                       /dev/nvidia0
7fb7d9397000-7fb7d9398000 rw-s f2c0a000 00:05 9586                       /dev/nvidia0
7fb7d9398000-7fb7d9399000 rw-s f2641000 00:05 9586                       /dev/nvidia0
7fb7d9399000-7fb7d939a000 rw-s 11cdaa000 00:05 9586                      /dev/nvidia0
7fb7d939a000-7fb7d939b000 rw-s b65af000 00:05 9586                       /dev/nvidia0
7fb7d939b000-7fb7d93a5000 r-xp 00000000 08:02 3280192                    /tmp/jogamp_0000/file_cache/jln5986031160960391785/jln4440790138901407880/libnewt.so
7fb7d93a5000-7fb7d95a5000 ---p 0000a000 08:02 3280192                    /tmp/jogamp_0000/file_cache/jln5986031160960391785/jln4440790138901407880/libnewt.so
7fb7d95a5000-7fb7d95a6000 r--p 0000a000 08:02 3280192                    /tmp/jogamp_0000/file_cache/jln5986031160960391785/jln4440790138901407880/libnewt.so
7fb7d95a6000-7fb7d95a7000 rw-p 0000b000 08:02 3280192                    /tmp/jogamp_0000/file_cache/jln5986031160960391785/jln4440790138901407880/libnewt.so
7fb7d95a7000-7fb7d95a9000 rw-p 00000000 00:00 0 
7fb7d95a9000-7fb7d95ab000 rw-s 00000000 08:02 1048586                    /tmp/gllan7Kl (deleted)
7fb7d95ab000-7fb7d97ab000 rw-s a771e000 00:05 9586                       /dev/nvidia0
7fb7d97ab000-7fb7d98ab000 rw-s a52fa000 00:05 9586                       /dev/nvidia0
7fb7d98ab000-7fb7d98af000 rw-s a7480000 00:05 9586                       /dev/nvidia0
7fb7d98af000-7fb7d98b0000 rw-s d0005000 00:05 9586                       /dev/nvidia0
7fb7d98b0000-7fb7d98b1000 rw-s a502f000 00:05 9586                       /dev/nvidia0
7fb7d98b1000-7fb7d98b5000 rw-s b66df000 00:05 9586                       /dev/nvidia0
7fb7d98b5000-7fb7d98b6000 rw-s f2c08000 00:05 9586                       /dev/nvidia0
7fb7d98b6000-7fb7d98f6000 rw-s a598b000 00:05 9586                       /dev/nvidia0
7fb7d98f6000-7fb7d9916000 rw-s 36236000 00:05 9586                       /dev/nvidia0
7fb7d9916000-7fb7d9917000 rw-s f2641000 00:05 9586                       /dev/nvidia0
7fb7d9917000-7fb7d9918000 rw-s 11cdaa000 00:05 9586                      /dev/nvidia0
7fb7d9918000-7fb7d9919000 rw-s 36235000 00:05 9586                       /dev/nvidia0
7fb7d9919000-7fb7d991b000 r-xp 00000000 08:02 1583942                    /usr/lib/x86_64-linux-gnu/libXinerama.so.1.0.0
7fb7d991b000-7fb7d9b1a000 ---p 00002000 08:02 1583942                    /usr/lib/x86_64-linux-gnu/libXinerama.so.1.0.0
7fb7d9b1a000-7fb7d9b1b000 r--p 00001000 08:02 1583942                    /usr/lib/x86_64-linux-gnu/libXinerama.so.1.0.0
7fb7d9b1b000-7fb7d9b1c000 rw-p 00002000 08:02 1583942                    /usr/lib/x86_64-linux-gnu/libXinerama.so.1.0.0
7fb7d9b1c000-7fb7d9ba8000 r-xp 00000000 08:02 3278391                    /tmp/jogamp_0000/file_cache/jln5986031160960391785/jln4440790138901407880/libjogl_desktop.so
7fb7d9ba8000-7fb7d9da7000 ---p 0008c000 08:02 3278391                    /tmp/jogamp_0000/file_cache/jln5986031160960391785/jln4440790138901407880/libjogl_desktop.so
7fb7d9da7000-7fb7d9da8000 r--p 0008b000 08:02 3278391                    /tmp/jogamp_0000/file_cache/jln5986031160960391785/jln4440790138901407880/libjogl_desktop.so
7fb7d9da8000-7fb7d9da9000 rw-p 0008c000 08:02 3278391                    /tmp/jogamp_0000/file_cache/jln5986031160960391785/jln4440790138901407880/libjogl_desktop.so
7fb7d9da9000-7fb7d9dac000 r-xp 00000000 08:02 4326353                    /usr/lib/nvidia-current/tls/libnvidia-tls.so.304.43
7fb7d9dac000-7fb7d9fab000 ---p 00003000 08:02 4326353                    /usr/lib/nvidia-current/tls/libnvidia-tls.so.304.43
7fb7d9fab000-7fb7d9fac000 rw-p 00002000 08:02 4326353                    /usr/lib/nvidia-current/tls/libnvidia-tls.so.304.43
7fb7d9fac000-7fb7da076000 r-xp 00000000 08:02 4326355                    /usr/lib/nvidia-current/libGL.so.304.43
7fb7da076000-7fb7da276000 ---p 000ca000 08:02 4326355                    /usr/lib/nvidia-current/libGL.so.304.43
7fb7da276000-7fb7da2b3000 rwxp 000ca000 08:02 4326355                    /usr/lib/nvidia-current/libGL.so.304.43
7fb7da2b3000-7fb7da2c9000 rwxp 00000000 00:00 0 
7fb7da2c9000-7fb7da2cd000 r-xp 00000000 08:02 1584988                    /usr/lib/x86_64-linux-gnu/libXxf86vm.so.1.0.0
7fb7da2cd000-7fb7da4cd000 ---p 00004000 08:02 1584988                    /usr/lib/x86_64-linux-gnu/libXxf86vm.so.1.0.0
7fb7da4cd000-7fb7da4ce000 r--p 00004000 08:02 1584988                    /usr/lib/x86_64-linux-gnu/libXxf86vm.so.1.0.0
7fb7da4ce000-7fb7da4cf000 rw-p 00005000 08:02 1584988                    /usr/lib/x86_64-linux-gnu/libXxf86vm.so.1.0.0
7fb7da4cf000-7fb7da4d5000 r-xp 00000000 08:02 3280191                    /tmp/jogamp_0000/file_cache/jln5986031160960391785/jln4440790138901407880/libnativewindow_x11.so
7fb7da4d5000-7fb7da6d4000 ---p 00006000 08:02 3280191                    /tmp/jogamp_0000/file_cache/jln5986031160960391785/jln4440790138901407880/libnativewindow_x11.so
7fb7da6d4000-7fb7da6d5000 r--p 00005000 08:02 3280191                    /tmp/jogamp_0000/file_cache/jln5986031160960391785/jln4440790138901407880/libnativewindow_x11.so
7fb7da6d5000-7fb7da6d6000 rw-p 00006000 08:02 3280191                    /tmp/jogamp_0000/file_cache/jln5986031160960391785/jln4440790138901407880/libnativewindow_x11.so
7fb7da6d6000-7fb7da6d8000 r-xp 00000000 08:02 3280190                    /tmp/jogamp_0000/file_cache/jln5986031160960391785/jln4440790138901407880/libnativewindow_awt.so
7fb7da6d8000-7fb7da8d7000 ---p 00002000 08:02 3280190                    /tmp/jogamp_0000/file_cache/jln5986031160960391785/jln4440790138901407880/libnativewindow_awt.so
7fb7da8d7000-7fb7da8d8000 r--p 00001000 08:02 3280190                    /tmp/jogamp_0000/file_cache/jln5986031160960391785/jln4440790138901407880/libnativewindow_awt.so
7fb7da8d8000-7fb7da8d9000 rw-p 00002000 08:02 3280190                    /tmp/jogamp_0000/file_cache/jln5986031160960391785/jln4440790138901407880/libnativewindow_awt.so
7fb7da8d9000-7fb7da8da000 r-xp 00000000 08:02 1575194                    /usr/lib/jvm/java-6-openjdk-amd64/jre/lib/amd64/libjawt.so
7fb7da8da000-7fb7daad9000 ---p 00001000 08:02 1575194                    /usr/lib/jvm/java-6-openjdk-amd64/jre/lib/amd64/libjawt.so
7fb7daad9000-7fb7daada000 r--p 00000000 08:02 1575194                    /usr/lib/jvm/java-6-openjdk-amd64/jre/lib/amd64/libjawt.so
7fb7daada000-7fb7daadb000 rw-p 00001000 08:02 1575194                    /usr/lib/jvm/java-6-openjdk-amd64/jre/lib/amd64/libjawt.so
7fb7daadb000-7fb7daadd000 r-xp 00000000 08:02 3278390                    /tmp/jogamp_0000/file_cache/jln5986031160960391785/jln4440790138901407880/libgluegen-rt.so
7fb7daadd000-7fb7dacdc000 ---p 00002000 08:02 3278390                    /tmp/jogamp_0000/file_cache/jln5986031160960391785/jln4440790138901407880/libgluegen-rt.so
7fb7dacdc000-7fb7dacdd000 r--p 00001000 08:02 3278390                    /tmp/jogamp_0000/file_cache/jln5986031160960391785/jln4440790138901407880/libgluegen-rt.so
7fb7dacdd000-7fb7dacde000 rw-p 00002000 08:02 3278390                    /tmp/jogamp_0000/file_cache/jln5986031160960391785/jln4440790138901407880/libgluegen-rt.so
7fb7dacde000-7fb7dace1000 ---p 00000000 00:00 0 
7fb7dace1000-7fb7daddf000 rw-p 00000000 00:00 0                          [stack:3257]
7fb7daddf000-7fb7dade2000 ---p 00000000 00:00 0 
7fb7dade2000-7fb7daee0000 rw-p 00000000 00:00 0                          [stack:3245]
7fb7daee0000-7fb7daee3000 ---p 00000000 00:00 0 
7fb7daee3000-7fb7dafe1000 rw-p 00000000 00:00 0 
7fb7dafe1000-7fb7dafe9000 r-xp 00000000 08:02 1575103                    /usr/lib/jvm/java-6-openjdk-amd64/jre/lib/amd64/libnio.so
7fb7dafe9000-7fb7db1e8000 ---p 00008000 08:02 1575103                    /usr/lib/jvm/java-6-openjdk-amd64/jre/lib/amd64/libnio.so
7fb7db1e8000-7fb7db1e9000 r--p 00007000 08:02 1575103                    /usr/lib/jvm/java-6-openjdk-amd64/jre/lib/amd64/libnio.so
7fb7db1e9000-7fb7db1ea000 rw-p 00008000 08:02 1575103                    /usr/lib/jvm/java-6-openjdk-amd64/jre/lib/amd64/libnio.so
7fb7db1ea000-7fb7db21b000 rw-p 00000000 00:00 0 
7fb7db21b000-7fb7db230000 r-xp 00000000 08:02 1575107                    /usr/lib/jvm/java-6-openjdk-amd64/jre/lib/amd64/libnet.so
7fb7db230000-7fb7db42f000 ---p 00015000 08:02 1575107                    /usr/lib/jvm/java-6-openjdk-amd64/jre/lib/amd64/libnet.so
7fb7db42f000-7fb7db430000 r--p 00014000 08:02 1575107                    /usr/lib/jvm/java-6-openjdk-amd64/jre/lib/amd64/libnet.so
7fb7db430000-7fb7db431000 rw-p 00015000 08:02 1575107                    /usr/lib/jvm/java-6-openjdk-amd64/jre/lib/amd64/libnet.so
7fb7db431000-7fb7db434000 ---p 00000000 00:00 0 
7fb7db434000-7fb7db532000 rw-p 00000000 00:00 0                          [stack:3243]
7fb7db532000-7fb7db535000 ---p 00000000 00:00 0 
7fb7db535000-7fb7db633000 rw-p 00000000 00:00 0                          [stack:3241]
7fb7db633000-7fb7db636000 ---p 00000000 00:00 0 
7fb7db636000-7fb7db734000 rw-p 00000000 00:00 0                          [stack:3242]
7fb7db734000-7fb7db737000 ---p 00000000 00:00 0 
7fb7db737000-7fb7db835000 rw-p 00000000 00:00 0                          [stack:3239]
7fb7db835000-7fb7db83a000 r-xp 00000000 08:02 1583967                    /usr/lib/x86_64-linux-gnu/libXfixes.so.3.1.0
7fb7db83a000-7fb7dba39000 ---p 00005000 08:02 1583967                    /usr/lib/x86_64-linux-gnu/libXfixes.so.3.1.0
7fb7dba39000-7fb7dba3a000 r--p 00004000 08:02 1583967                    /usr/lib/x86_64-linux-gnu/libXfixes.so.3.1.0
7fb7dba3a000-7fb7dba3b000 rw-p 00005000 08:02 1583967                    /usr/lib/x86_64-linux-gnu/libXfixes.so.3.1.0
7fb7dba3b000-7fb7dba44000 r-xp 00000000 08:02 1583970                    /usr/lib/x86_64-linux-gnu/libXcursor.so.1.0.2
7fb7dba44000-7fb7dbc44000 ---p 00009000 08:02 1583970                    /usr/lib/x86_64-linux-gnu/libXcursor.so.1.0.2
7fb7dbc44000-7fb7dbc45000 r--p 00009000 08:02 1583970                    /usr/lib/x86_64-linux-gnu/libXcursor.so.1.0.2
7fb7dbc45000-7fb7dbc46000 rw-p 0000a000 08:02 1583970                    /usr/lib/x86_64-linux-gnu/libXcursor.so.1.0.2
7fb7dbc46000-7fb7dbc63000 rw-s 11fcf8000 00:05 9586                      /dev/nvidia0
7fb7dbc63000-7fb7dbc66000 ---p 00000000 00:00 0 
7fb7dbc66000-7fb7dbd64000 rw-p 00000000 00:00 0                          [stack:3238]
7fb7dbd64000-7fb7dbdfa000 r-xp 00000000 08:02 1574082                    /usr/lib/x86_64-linux-gnu/libfreetype.so.6.9.0
7fb7dbdfa000-7fb7dbff9000 ---p 00096000 08:02 1574082                    /usr/lib/x86_64-linux-gnu/libfreetype.so.6.9.0
7fb7dbff9000-7fb7dbfff000 r--p 00095000 08:02 1574082                    /usr/lib/x86_64-linux-gnu/libfreetype.so.6.9.0
7fb7dbfff000-7fb7dc000000 rw-p 0009b000 08:02 1574082                    /usr/lib/x86_64-linux-gnu/libfreetype.so.6.9.0
7fb7dc000000-7fb7dc811000 rw-p 00000000 00:00 0 
7fb7dc811000-7fb7e0000000 ---p 00000000 00:00 0 
7fb7e0000000-7fb7e0021000 rw-p 00000000 00:00 0 
7fb7e0021000-7fb7e4000000 ---p 00000000 00:00 0 
7fb7e4000000-7fb7e4021000 rw-p 00000000 00:00 0 
7fb7e4021000-7fb7e8000000 ---p 00000000 00:00 0 
7fb7e8000000-7fb7e8377000 rw-p 00000000 00:00 0 
7fb7e8377000-7fb7ec000000 ---p 00000000 00:00 0 
7fb7ec000000-7fb7ec021000 rw-p 00000000 00:00 0 
7fb7ec021000-7fb7f0000000 ---p 00000000 00:00 0 
7fb7f0000000-7fb7f0021000 rw-p 00000000 00:00 0 
7fb7f0021000-7fb7f4000000 ---p 00000000 00:00 0 
7fb7f4000000-7fb7f4021000 rw-p 00000000 00:00 0 
7fb7f4021000-7fb7f8000000 ---p 00000000 00:00 0 
7fb7f8000000-7fb7f8021000 rw-p 00000000 00:00 0 
7fb7f8021000-7fb7fc000000 ---p 00000000 00:00 0 
7fb7fc000000-7fb7fc021000 rw-p 00000000 00:00 0 
7fb7fc021000-7fb800000000 ---p 00000000 00:00 0 
7fb800000000-7fb800001000 rw-s f2060000 00:05 9586                       /dev/nvidia0
7fb800001000-7fb800002000 r--p 00000000 00:00 0 
7fb800002000-7fb800005000 r--s 0007e000 08:02 1574637                    /usr/lib/jvm/java-6-openjdk-common/jre/lib/jsse.jar
7fb800005000-7fb800006000 r--s 00000000 08:02 2360001                    /var/cache/fontconfig/c05880de57d1f5e948fdfacc138775d9-le64.cache-3
7fb800006000-7fb80000f000 r--s 00000000 08:02 2366149                    /var/cache/fontconfig/945677eb7aeaf62f1d50efc3fb3ec7d8-le64.cache-3
7fb80000f000-7fb800013000 r--s 00000000 08:02 2361886                    /var/cache/fontconfig/99e8ed0e538f840c565b6ed5dad60d56-le64.cache-3
7fb800013000-7fb80001b000 r--s 00000000 08:02 2361773                    /var/cache/fontconfig/a6d8cf8e4ec09cdbc8633c31745a07dd-le64.cache-3
7fb80001b000-7fb800020000 r--s 00000000 08:02 2361883                    /var/cache/fontconfig/2cd17615ca594fa2959ae173292e504c-le64.cache-3
7fb800020000-7fb800021000 r--s 00000000 08:02 2366130                    /var/cache/fontconfig/e7071f4a29fa870f4323321c154eba04-le64.cache-3
7fb800021000-7fb800022000 r--s 00000000 08:02 2366129                    /var/cache/fontconfig/0d8c3b2ac0904cb8a57a757ad11a4a08-le64.cache-3
7fb800022000-7fb800028000 r--s 00000000 08:02 2366128                    /var/cache/fontconfig/a755afe4a08bf5b97852ceb7400b47bc-le64.cache-3
7fb800028000-7fb800031000 r--s 00000000 08:02 2366127                    /var/cache/fontconfig/6d41288fd70b0be22e8c3a91e032eec0-le64.cache-3
7fb800031000-7fb800041000 r--s 00000000 08:02 2361771                    /var/cache/fontconfig/04aabc0a78ac019cf9454389977116d2-le64.cache-3
7fb800041000-7fb800042000 r--s 00000000 08:02 2361069                    /var/cache/fontconfig/1ac9eb803944fde146138c791f5cc56a-le64.cache-3
7fb800042000-7fb800045000 r--s 00000000 08:02 2365023                    /var/cache/fontconfig/385c0604a188198f04d133e54aba7fe7-le64.cache-3
7fb800045000-7fb800046000 r--s 00000000 08:02 2361068                    /var/cache/fontconfig/dc05db6664285cc2f12bf69c139ae4c3-le64.cache-3
7fb800046000-7fb800048000 r--s 00000000 08:02 2361067                    /var/cache/fontconfig/767a8244fc0220cfb567a839d0392e0b-le64.cache-3
7fb800048000-7fb800049000 r--s 00000000 08:02 2362369                    /var/cache/fontconfig/4794a0821666d79190d59a36cb4f44b5-le64.cache-3
7fb800049000-7fb80004c000 r--s 00000000 08:02 2361768                    /var/cache/fontconfig/8801497958630a81b71ace7c5f9b32a8-le64.cache-3
7fb80004c000-7fb80007a000 r--s 00000000 08:02 2364547                    /var/cache/fontconfig/365b55f210c0a22e9a19e35191240f32-le64.cache-3
7fb80007a000-7fb80007f000 r--s 00000000 08:02 2359476                    /var/cache/fontconfig/3047814df9a2f067bd2d96a2b9c36e5a-le64.cache-3
7fb80007f000-7fb800084000 r-xp 00000000 08:02 1577868                    /usr/lib/x86_64-linux-gnu/libXdmcp.so.6.0.0
7fb800084000-7fb800283000 ---p 00005000 08:02 1577868                    /usr/lib/x86_64-linux-gnu/libXdmcp.so.6.0.0
7fb800283000-7fb800284000 r--p 00004000 08:02 1577868                    /usr/lib/x86_64-linux-gnu/libXdmcp.so.6.0.0
7fb800284000-7fb800285000 rw-p 00005000 08:02 1577868                    /usr/lib/x86_64-linux-gnu/libXdmcp.so.6.0.0
7fb800285000-7fb800287000 r-xp 00000000 08:02 1577098                    /usr/lib/x86_64-linux-gnu/libXau.so.6.0.0
7fb800287000-7fb800487000 ---p 00002000 08:02 1577098                    /usr/lib/x86_64-linux-gnu/libXau.so.6.0.0
7fb800487000-7fb800488000 r--p 00002000 08:02 1577098                    /usr/lib/x86_64-linux-gnu/libXau.so.6.0.0
7fb800488000-7fb800489000 rw-p 00003000 08:02 1577098                    /usr/lib/x86_64-linux-gnu/libXau.so.6.0.0
7fb800489000-7fb8004a6000 r-xp 00000000 08:02 1574274                    /usr/lib/x86_64-linux-gnu/libxcb.so.1.1.0
7fb8004a6000-7fb8006a5000 ---p 0001d000 08:02 1574274                    /usr/lib/x86_64-linux-gnu/libxcb.so.1.1.0
7fb8006a5000-7fb8006a6000 r--p 0001c000 08:02 1574274                    /usr/lib/x86_64-linux-gnu/libxcb.so.1.1.0
7fb8006a6000-7fb8006a7000 rw-p 0001d000 08:02 1574274                    /usr/lib/x86_64-linux-gnu/libxcb.so.1.1.0
7fb8006a7000-7fb8006b5000 r-xp 00000000 08:02 1583953                    /usr/lib/x86_64-linux-gnu/libXi.so.6.1.0
7fb8006b5000-7fb8008b4000 ---p 0000e000 08:02 1583953                    /usr/lib/x86_64-linux-gnu/libXi.so.6.1.0
7fb8008b4000-7fb8008b5000 r--p 0000d000 08:02 1583953                    /usr/lib/x86_64-linux-gnu/libXi.so.6.1.0
7fb8008b5000-7fb8008b6000 rw-p 0000e000 08:02 1583953                    /usr/lib/x86_64-linux-gnu/libXi.so.6.1.0
7fb8008b6000-7fb8008bb000 r-xp 00000000 08:02 1580334                    /usr/lib/x86_64-linux-gnu/libXtst.so.6.1.0
7fb8008bb000-7fb800aba000 ---p 00005000 08:02 1580334                    /usr/lib/x86_64-linux-gnu/libXtst.so.6.1.0
7fb800aba000-7fb800abb000 r--p 00004000 08:02 1580334                    /usr/lib/x86_64-linux-gnu/libXtst.so.6.1.0
7fb800abb000-7fb800abc000 rw-p 00005000 08:02 1580334                    /usr/lib/x86_64-linux-gnu/libXtst.so.6.1.0
7fb800abc000-7fb800ac5000 r-xp 00000000 08:02 1578520                    /usr/lib/x86_64-linux-gnu/libXrender.so.1.3.0
7fb800ac5000-7fb800cc4000 ---p 00009000 08:02 1578520                    /usr/lib/x86_64-linux-gnu/libXrender.so.1.3.0
7fb800cc4000-7fb800cc5000 r--p 00008000 08:02 1578520                    /usr/lib/x86_64-linux-gnu/libXrender.so.1.3.0
7fb800cc5000-7fb800cc6000 rw-p 00009000 08:02 1578520                    /usr/lib/x86_64-linux-gnu/libXrender.so.1.3.0
7fb800cc6000-7fb800dfa000 r-xp 00000000 08:02 1578402                    /usr/lib/x86_64-linux-gnu/libX11.so.6.3.0
7fb800dfa000-7fb800ffa000 ---p 00134000 08:02 1578402                    /usr/lib/x86_64-linux-gnu/libX11.so.6.3.0
7fb800ffa000-7fb800ffb000 r--p 00134000 08:02 1578402                    /usr/lib/x86_64-linux-gnu/libX11.so.6.3.0
7fb800ffb000-7fb801000000 rw-p 00135000 08:02 1578402                    /usr/lib/x86_64-linux-gnu/libX11.so.6.3.0
7fb801000000-7fb801270000 rwxp 00000000 00:00 0 
7fb801270000-7fb8042c6000 rw-p 00000000 00:00 0 
7fb8042c6000-7fb808000000 ---p 00000000 00:00 0 
7fb808000000-7fb808001000 r--s 00000000 08:02 2364544                    /var/cache/fontconfig/56cf4f4769d0f4abc89a4895d7bd3ae1-le64.cache-3
7fb808001000-7fb808002000 r--s 00000000 08:02 2361767                    /var/cache/fontconfig/b9d506c9ac06c20b433354fa67a72993-le64.cache-3
7fb808002000-7fb808007000 r--s 00000000 08:02 2361766                    /var/cache/fontconfig/b47c4e1ecd0709278f4910c18777a504-le64.cache-3
7fb808007000-7fb80800f000 r--s 00000000 08:02 2361769                    /var/cache/fontconfig/52f7bdb7ce746bfd7eaa1985bd9cfa93-le64.cache-3
7fb80800f000-7fb808012000 r--s 00000000 08:02 2361065                    /var/cache/fontconfig/e49e89034d371f0f9de17aab02136486-le64.cache-3
7fb808012000-7fb808023000 r--s 00000000 08:02 2364540                    /var/cache/fontconfig/d52a8644073d54c13679302ca1180695-le64.cache-3
7fb808023000-7fb80802a000 r--s 00000000 08:02 2359398                    /var/cache/fontconfig/3f7329c5293ffd510edef78f73874cfd-le64.cache-3
7fb80802a000-7fb80802b000 r--s 00000000 08:02 2360001                    /var/cache/fontconfig/c05880de57d1f5e948fdfacc138775d9-le64.cache-3
7fb80802b000-7fb808034000 r--s 00000000 08:02 2366149                    /var/cache/fontconfig/945677eb7aeaf62f1d50efc3fb3ec7d8-le64.cache-3
7fb808034000-7fb808038000 r--s 00000000 08:02 2361886                    /var/cache/fontconfig/99e8ed0e538f840c565b6ed5dad60d56-le64.cache-3
7fb808038000-7fb808040000 r--s 00000000 08:02 2361773                    /var/cache/fontconfig/a6d8cf8e4ec09cdbc8633c31745a07dd-le64.cache-3
7fb808040000-7fb808045000 r--s 00000000 08:02 2361883                    /var/cache/fontconfig/2cd17615ca594fa2959ae173292e504c-le64.cache-3
7fb808045000-7fb808046000 r--s 00000000 08:02 2366130                    /var/cache/fontconfig/e7071f4a29fa870f4323321c154eba04-le64.cache-3
7fb808046000-7fb808047000 r--s 00000000 08:02 2366129                    /var/cache/fontconfig/0d8c3b2ac0904cb8a57a757ad11a4a08-le64.cache-3
7fb808047000-7fb80804d000 r--s 00000000 08:02 2366128                    /var/cache/fontconfig/a755afe4a08bf5b97852ceb7400b47bc-le64.cache-3
7fb80804d000-7fb808056000 r--s 00000000 08:02 2366127                    /var/cache/fontconfig/6d41288fd70b0be22e8c3a91e032eec0-le64.cache-3
7fb808056000-7fb808066000 r--s 00000000 08:02 2361771                    /var/cache/fontconfig/04aabc0a78ac019cf9454389977116d2-le64.cache-3
7fb808066000-7fb808067000 r--s 00000000 08:02 2361069                    /var/cache/fontconfig/1ac9eb803944fde146138c791f5cc56a-le64.cache-3
7fb808067000-7fb80806a000 r--s 00000000 08:02 2365023                    /var/cache/fontconfig/385c0604a188198f04d133e54aba7fe7-le64.cache-3
7fb80806a000-7fb80806b000 r--s 00000000 08:02 2361068                    /var/cache/fontconfig/dc05db6664285cc2f12bf69c139ae4c3-le64.cache-3
7fb80806b000-7fb80806d000 r--s 00000000 08:02 2361067                    /var/cache/fontconfig/767a8244fc0220cfb567a839d0392e0b-le64.cache-3
7fb80806d000-7fb80806e000 r--s 00000000 08:02 2362369                    /var/cache/fontconfig/4794a0821666d79190d59a36cb4f44b5-le64.cache-3
7fb80806e000-7fb808071000 r--s 00000000 08:02 2361768                    /var/cache/fontconfig/8801497958630a81b71ace7c5f9b32a8-le64.cache-3
7fb808071000-7fb80809f000 r--s 00000000 08:02 2364547                    /var/cache/fontconfig/365b55f210c0a22e9a19e35191240f32-le64.cache-3
7fb80809f000-7fb8080a4000 r--s 00000000 08:02 2359476                    /var/cache/fontconfig/3047814df9a2f067bd2d96a2b9c36e5a-le64.cache-3
7fb8080a4000-7fb8080a5000 r--s 00000000 08:02 2364544                    /var/cache/fontconfig/56cf4f4769d0f4abc89a4895d7bd3ae1-le64.cache-3
7fb8080a5000-7fb8080a6000 r--s 00000000 08:02 2361767                    /var/cache/fontconfig/b9d506c9ac06c20b433354fa67a72993-le64.cache-3
7fb8080a6000-7fb8080ab000 r--s 00000000 08:02 2361766                    /var/cache/fontconfig/b47c4e1ecd0709278f4910c18777a504-le64.cache-3
7fb8080ab000-7fb8080b3000 r--s 00000000 08:02 2361769                    /var/cache/fontconfig/52f7bdb7ce746bfd7eaa1985bd9cfa93-le64.cache-3
7fb8080b3000-7fb8080b6000 r--s 00000000 08:02 2361065                    /var/cache/fontconfig/e49e89034d371f0f9de17aab02136486-le64.cache-3
7fb8080b6000-7fb8080b8000 r--s 00000000 08:02 2361066                    /var/cache/fontconfig/4b14b093aebc79c320de5e86ae1d3314-le64.cache-3
7fb8080b8000-7fb8080c9000 r--s 00000000 08:02 2364540                    /var/cache/fontconfig/d52a8644073d54c13679302ca1180695-le64.cache-3
7fb8080c9000-7fb8080d0000 r--s 00000000 08:02 2359398                    /var/cache/fontconfig/3f7329c5293ffd510edef78f73874cfd-le64.cache-3
7fb8080d0000-7fb8080d1000 r--s 00000000 08:02 2361064                    /var/cache/fontconfig/0c9eb80ebd1c36541ebe2852d3bb0c49-le64.cache-3
7fb8080d1000-7fb80810b000 r-xp 00000000 08:02 1575113                    /usr/lib/jvm/java-6-openjdk-amd64/jre/lib/amd64/libfontmanager.so
7fb80810b000-7fb80830a000 ---p 0003a000 08:02 1575113                    /usr/lib/jvm/java-6-openjdk-amd64/jre/lib/amd64/libfontmanager.so
7fb80830a000-7fb80830c000 r--p 00039000 08:02 1575113                    /usr/lib/jvm/java-6-openjdk-amd64/jre/lib/amd64/libfontmanager.so
7fb80830c000-7fb80830d000 rw-p 0003b000 08:02 1575113                    /usr/lib/jvm/java-6-openjdk-amd64/jre/lib/amd64/libfontmanager.so
7fb80830d000-7fb808313000 r--s 000fc000 08:02 1575065                    /usr/lib/jvm/java-6-openjdk-common/jre/lib/resources.jar
7fb808313000-7fb808315000 r--s 00012000 08:02 4587680                    /home/benjamin/Téléchargements/processing-2.0b7/libraries/Shapes3d V2.1.3/library/Shapes3d.jar
7fb808315000-7fb808316000 r--s 00000000 08:02 3278368                    /home/benjamin/Téléchargements/processing-2.0b7/lib/Picking-4/library/Picking.jar
7fb808316000-7fb808318000 r--s 00020000 08:02 1313439                    /home/benjamin/Téléchargements/processing-2.0b7/core/library/jogl-all-natives-windows-i586.jar
7fb808318000-7fb808319000 r--s 0001b000 08:02 1313449                    /home/benjamin/Téléchargements/processing-2.0b7/core/library/jogl-all-natives-windows-amd64.jar
7fb808319000-7fb80831a000 r--s 00050000 08:02 1313437                    /home/benjamin/Téléchargements/processing-2.0b7/core/library/jogl-all-natives-macosx-universal.jar
7fb80831a000-7fb80831b000 r--s 00023000 08:02 1313445                    /home/benjamin/Téléchargements/processing-2.0b7/core/library/jogl-all-natives-linux-i586.jar
7fb80831b000-7fb80832b000 r-xp 00000000 08:02 1583934                    /usr/lib/x86_64-linux-gnu/libXext.so.6.4.0
7fb80832b000-7fb80852b000 ---p 00010000 08:02 1583934                    /usr/lib/x86_64-linux-gnu/libXext.so.6.4.0
7fb80852b000-7fb80852c000 r--p 00010000 08:02 1583934                    /usr/lib/x86_64-linux-gnu/libXext.so.6.4.0
7fb80852c000-7fb80852d000 rw-p 00011000 08:02 1583934                    /usr/lib/x86_64-linux-gnu/libXext.so.6.4.0
7fb80852d000-7fb80852e000 r--s 00023000 08:02 1313446                    /home/benjamin/Téléchargements/processing-2.0b7/core/library/jogl-all-natives-linux-amd64.jar
7fb80852e000-7fb80854a000 r--s 0048b000 08:02 1313442                    /home/benjamin/Téléchargements/processing-2.0b7/core/library/jogl-all.jar
7fb80854a000-7fb808595000 r-xp 00000000 08:02 1708878                    /usr/lib/jvm/java-6-openjdk-amd64/jre/lib/amd64/xawt/libmawt.so
7fb808595000-7fb808795000 ---p 0004b000 08:02 1708878                    /usr/lib/jvm/java-6-openjdk-amd64/jre/lib/amd64/xawt/libmawt.so
7fb808795000-7fb808796000 r--p 0004b000 08:02 1708878                    /usr/lib/jvm/java-6-openjdk-amd64/jre/lib/amd64/xawt/libmawt.so
7fb808796000-7fb808799000 rw-p 0004c000 08:02 1708878                    /usr/lib/jvm/java-6-openjdk-amd64/jre/lib/amd64/xawt/libmawt.so
7fb808799000-7fb80879a000 rw-p 00000000 00:00 0 
7fb80879a000-7fb808848000 r-xp 00000000 08:02 1575116                    /usr/lib/jvm/java-6-openjdk-amd64/jre/lib/amd64/libawt.so
7fb808848000-7fb808a47000 ---p 000ae000 08:02 1575116                    /usr/lib/jvm/java-6-openjdk-amd64/jre/lib/amd64/libawt.so
7fb808a47000-7fb808a48000 r--p 000ad000 08:02 1575116                    /usr/lib/jvm/java-6-openjdk-amd64/jre/lib/amd64/libawt.so
7fb808a48000-7fb808a53000 rw-p 000ae000 08:02 1575116                    /usr/lib/jvm/java-6-openjdk-amd64/jre/lib/amd64/libawt.so
7fb808a53000-7fb808a78000 rw-p 00000000 00:00 0 
7fb808a78000-7fb808a79000 ---p 00000000 00:00 0 
7fb808a79000-7fb808b79000 rw-p 00000000 00:00 0                          [stack:3237]
7fb808b79000-7fb808b7c000 ---p 00000000 00:00 0 
7fb808b7c000-7fb808c7a000 rw-p 00000000 00:00 0                          [stack:3236]
7fb808c7a000-7fb808c7d000 ---p 00000000 00:00 0 
7fb808c7d000-7fb808d7b000 rw-p 00000000 00:00 0                          [stack:3235]
7fb808d7b000-7fb808d7e000 ---p 00000000 00:00 0 
7fb808d7e000-7fb808e7c000 rw-p 00000000 00:00 0                          [stack:3234]
7fb808e7c000-7fb808e7f000 ---p 00000000 00:00 0 
7fb808e7f000-7fb808f7d000 rw-p 00000000 00:00 0                          [stack:3233]
7fb808f7d000-7fb809665000 r--p 00000000 08:02 1579401                    /usr/lib/locale/locale-archive
7fb809665000-7fb809668000 ---p 00000000 00:00 0 
7fb809668000-7fb809766000 rw-p 00000000 00:00 0                          [stack:3232]
7fb809766000-7fb809769000 ---p 00000000 00:00 0 
7fb809769000-7fb809867000 rw-p 00000000 00:00 0                          [stack:3231]
7fb809867000-7fb809868000 ---p 00000000 00:00 0 
7fb809868000-7fb809c9e000 rw-p 00000000 00:00 0                          [stack:3230]
7fb809c9e000-7fb809e2f000 r--s 037d3000 08:02 1575094                    /usr/lib/jvm/java-6-openjdk-amd64/jre/lib/rt.jar
7fb809e2f000-7fb809e57000 rw-p 00000000 00:00 0 
7fb809e57000-7fb809e58000 ---p 00000000 00:00 0 
7fb809e58000-7fb809f58000 rw-p 00000000 00:00 0                          [stack:3229]
7fb809f58000-7fb809f59000 ---p 00000000 00:00 0 
7fb809f59000-7fb80a064000 rw-p 00000000 00:00 0                          [stack:3227]
7fb80a064000-7fb80a0ac000 rw-p 00000000 00:00 0 
7fb80a0ac000-7fb80a0c1000 rw-p 00000000 00:00 0 
7fb80a0c1000-7fb80a1f6000 rw-p 00000000 00:00 0 
7fb80a1f6000-7fb80a201000 rw-p 00000000 00:00 0 
7fb80a201000-7fb80a249000 rw-p 00000000 00:00 0 
7fb80a249000-7fb80a25e000 rw-p 00000000 00:00 0 
7fb80a25e000-7fb80a392000 rw-p 00000000 00:00 0 
7fb80a392000-7fb80a39d000 rw-p 00000000 00:00 0 
7fb80a39d000-7fb80a437000 rw-p 00000000 00:00 0 
7fb80a437000-7fb80a438000 rw-p 00000000 00:00 0 
7fb80a438000-7fb80a43f000 r-xp 00000000 08:02 1575196                    /usr/lib/jvm/java-6-openjdk-amd64/jre/lib/amd64/libzip.so
7fb80a43f000-7fb80a63e000 ---p 00007000 08:02 1575196                    /usr/lib/jvm/java-6-openjdk-amd64/jre/lib/amd64/libzip.so
7fb80a63e000-7fb80a63f000 r--p 00006000 08:02 1575196                    /usr/lib/jvm/java-6-openjdk-amd64/jre/lib/amd64/libzip.so
7fb80a63f000-7fb80a640000 rw-p 00007000 08:02 1575196                    /usr/lib/jvm/java-6-openjdk-amd64/jre/lib/amd64/libzip.so
7fb80a640000-7fb80a64c000 r-xp 00000000 08:02 8530577                    /lib/x86_64-linux-gnu/libnss_files-2.15.so
7fb80a64c000-7fb80a84b000 ---p 0000c000 08:02 8530577                    /lib/x86_64-linux-gnu/libnss_files-2.15.so
7fb80a84b000-7fb80a84c000 r--p 0000b000 08:02 8530577                    /lib/x86_64-linux-gnu/libnss_files-2.15.so
7fb80a84c000-7fb80a84d000 rw-p 0000c000 08:02 8530577                    /lib/x86_64-linux-gnu/libnss_files-2.15.so
7fb80a84d000-7fb80a857000 r-xp 00000000 08:02 8530573                    /lib/x86_64-linux-gnu/libnss_nis-2.15.so
7fb80a857000-7fb80aa57000 ---p 0000a000 08:02 8530573                    /lib/x86_64-linux-gnu/libnss_nis-2.15.so
7fb80aa57000-7fb80aa58000 r--p 0000a000 08:02 8530573                    /lib/x86_64-linux-gnu/libnss_nis-2.15.so
7fb80aa58000-7fb80aa59000 rw-p 0000b000 08:02 8530573                    /lib/x86_64-linux-gnu/libnss_nis-2.15.so
7fb80aa59000-7fb80aa70000 r-xp 00000000 08:02 8530586                    /lib/x86_64-linux-gnu/libnsl-2.15.so
7fb80aa70000-7fb80ac6f000 ---p 00017000 08:02 8530586                    /lib/x86_64-linux-gnu/libnsl-2.15.so
7fb80ac6f000-7fb80ac70000 r--p 00016000 08:02 8530586                    /lib/x86_64-linux-gnu/libnsl-2.15.so
7fb80ac70000-7fb80ac71000 rw-p 00017000 08:02 8530586                    /lib/x86_64-linux-gnu/libnsl-2.15.so
7fb80ac71000-7fb80ac73000 rw-p 00000000 00:00 0 
7fb80ac73000-7fb80ac7b000 r-xp 00000000 08:02 8530578                    /lib/x86_64-linux-gnu/libnss_compat-2.15.so
7fb80ac7b000-7fb80ae7a000 ---p 00008000 08:02 8530578                    /lib/x86_64-linux-gnu/libnss_compat-2.15.so
7fb80ae7a000-7fb80ae7b000 r--p 00007000 08:02 8530578                    /lib/x86_64-linux-gnu/libnss_compat-2.15.so
7fb80ae7b000-7fb80ae7c000 rw-p 00008000 08:02 8530578                    /lib/x86_64-linux-gnu/libnss_compat-2.15.so
7fb80ae7c000-7fb80aea9000 r-xp 00000000 08:02 1575115                    /usr/lib/jvm/java-6-openjdk-amd64/jre/lib/amd64/libjava.so
7fb80aea9000-7fb80b0a9000 ---p 0002d000 08:02 1575115                    /usr/lib/jvm/java-6-openjdk-amd64/jre/lib/amd64/libjava.so
7fb80b0a9000-7fb80b0aa000 r--p 0002d000 08:02 1575115                    /usr/lib/jvm/java-6-openjdk-amd64/jre/lib/amd64/libjava.so
7fb80b0aa000-7fb80b0ad000 rw-p 0002e000 08:02 1575115                    /usr/lib/jvm/java-6-openjdk-amd64/jre/lib/amd64/libjava.so
7fb80b0ad000-7fb80b0bc000 r-xp 00000000 08:02 1575114                    /usr/lib/jvm/java-6-openjdk-amd64/jre/lib/amd64/libverify.so
7fb80b0bc000-7fb80b2bb000 ---p 0000f000 08:02 1575114                    /usr/lib/jvm/java-6-openjdk-amd64/jre/lib/amd64/libverify.so
7fb80b2bb000-7fb80b2bd000 r--p 0000e000 08:02 1575114                    /usr/lib/jvm/java-6-openjdk-amd64/jre/lib/amd64/libverify.so
7fb80b2bd000-7fb80b2be000 rw-p 00010000 08:02 1575114                    /usr/lib/jvm/java-6-openjdk-amd64/jre/lib/amd64/libverify.so
7fb80b2be000-7fb80b2c5000 r-xp 00000000 08:02 8530571                    /lib/x86_64-linux-gnu/librt-2.15.so
7fb80b2c5000-7fb80b4c4000 ---p 00007000 08:02 8530571                    /lib/x86_64-linux-gnu/librt-2.15.so
7fb80b4c4000-7fb80b4c5000 r--p 00006000 08:02 8530571                    /lib/x86_64-linux-gnu/librt-2.15.so
7fb80b4c5000-7fb80b4c6000 rw-p 00007000 08:02 8530571                    /lib/x86_64-linux-gnu/librt-2.15.so
7fb80b4c6000-7fb80b4db000 r-xp 00000000 08:02 8526291                    /lib/x86_64-linux-gnu/libgcc_s.so.1
7fb80b4db000-7fb80b6da000 ---p 00015000 08:02 8526291                    /lib/x86_64-linux-gnu/libgcc_s.so.1
7fb80b6da000-7fb80b6db000 r--p 00014000 08:02 8526291                    /lib/x86_64-linux-gnu/libgcc_s.so.1
7fb80b6db000-7fb80b6dc000 rw-p 00015000 08:02 8526291                    /lib/x86_64-linux-gnu/libgcc_s.so.1
7fb80b6dc000-7fb80b7d7000 r-xp 00000000 08:02 8530575                    /lib/x86_64-linux-gnu/libm-2.15.so
7fb80b7d7000-7fb80b9d6000 ---p 000fb000 08:02 8530575                    /lib/x86_64-linux-gnu/libm-2.15.so
7fb80b9d6000-7fb80b9d7000 r--p 000fa000 08:02 8530575                    /lib/x86_64-linux-gnu/libm-2.15.so
7fb80b9d7000-7fb80b9d8000 rw-p 000fb000 08:02 8530575                    /lib/x86_64-linux-gnu/libm-2.15.so
7fb80b9d8000-7fb80babd000 r-xp 00000000 08:02 1578479                    /usr/lib/x86_64-linux-gnu/libstdc++.so.6.0.17
7fb80babd000-7fb80bcbc000 ---p 000e5000 08:02 1578479                    /usr/lib/x86_64-linux-gnu/libstdc++.so.6.0.17
7fb80bcbc000-7fb80bcc4000 r--p 000e4000 08:02 1578479                    /usr/lib/x86_64-linux-gnu/libstdc++.so.6.0.17
7fb80bcc4000-7fb80bcc6000 rw-p 000ec000 08:02 1578479                    /usr/lib/x86_64-linux-gnu/libstdc++.so.6.0.17
7fb80bcc6000-7fb80bcdb000 rw-p 00000000 00:00 0 
7fb80bcdb000-7fb80c5f9000 r-xp 00000000 08:02 1575119                    /usr/lib/jvm/java-6-openjdk-amd64/jre/lib/amd64/server/libjvm.so
7fb80c5f9000-7fb80c7f9000 ---p 0091e000 08:02 1575119                    /usr/lib/jvm/java-6-openjdk-amd64/jre/lib/amd64/server/libjvm.so
7fb80c7f9000-7fb80c879000 r--p 0091e000 08:02 1575119                    /usr/lib/jvm/java-6-openjdk-amd64/jre/lib/amd64/server/libjvm.so
7fb80c879000-7fb80c894000 rw-p 0099e000 08:02 1575119                    /usr/lib/jvm/java-6-openjdk-amd64/jre/lib/amd64/server/libjvm.so
7fb80c894000-7fb80c8bd000 rw-p 00000000 00:00 0 
7fb80c8bd000-7fb80c8d3000 r-xp 00000000 08:02 8519896                    /lib/x86_64-linux-gnu/libz.so.1.2.7
7fb80c8d3000-7fb80cad2000 ---p 00016000 08:02 8519896                    /lib/x86_64-linux-gnu/libz.so.1.2.7
7fb80cad2000-7fb80cad3000 r--p 00015000 08:02 8519896                    /lib/x86_64-linux-gnu/libz.so.1.2.7
7fb80cad3000-7fb80cad4000 rw-p 00016000 08:02 8519896                    /lib/x86_64-linux-gnu/libz.so.1.2.7
7fb80cad4000-7fb80cc89000 r-xp 00000000 08:02 8530567                    /lib/x86_64-linux-gnu/libc-2.15.so
7fb80cc89000-7fb80ce88000 ---p 001b5000 08:02 8530567                    /lib/x86_64-linux-gnu/libc-2.15.so
7fb80ce88000-7fb80ce8c000 r--p 001b4000 08:02 8530567                    /lib/x86_64-linux-gnu/libc-2.15.so
7fb80ce8c000-7fb80ce8e000 rw-p 001b8000 08:02 8530567                    /lib/x86_64-linux-gnu/libc-2.15.so
7fb80ce8e000-7fb80ce93000 rw-p 00000000 00:00 0 
7fb80ce93000-7fb80ce95000 r-xp 00000000 08:02 8528762                    /lib/x86_64-linux-gnu/libdl-2.15.so
7fb80ce95000-7fb80d095000 ---p 00002000 08:02 8528762                    /lib/x86_64-linux-gnu/libdl-2.15.so
7fb80d095000-7fb80d096000 r--p 00002000 08:02 8528762                    /lib/x86_64-linux-gnu/libdl-2.15.so
7fb80d096000-7fb80d097000 rw-p 00003000 08:02 8528762                    /lib/x86_64-linux-gnu/libdl-2.15.so
7fb80d097000-7fb80d09b000 r-xp 00000000 08:02 1575099                    /usr/lib/jvm/java-6-openjdk-amd64/jre/lib/amd64/jli/libjli.so
7fb80d09b000-7fb80d29a000 ---p 00004000 08:02 1575099                    /usr/lib/jvm/java-6-openjdk-amd64/jre/lib/amd64/jli/libjli.so
7fb80d29a000-7fb80d29b000 r--p 00003000 08:02 1575099                    /usr/lib/jvm/java-6-openjdk-amd64/jre/lib/amd64/jli/libjli.so
7fb80d29b000-7fb80d29c000 rw-p 00004000 08:02 1575099                    /usr/lib/jvm/java-6-openjdk-amd64/jre/lib/amd64/jli/libjli.so
7fb80d29c000-7fb80d2b4000 r-xp 00000000 08:02 8530569                    /lib/x86_64-linux-gnu/libpthread-2.15.so
7fb80d2b4000-7fb80d4b3000 ---p 00018000 08:02 8530569                    /lib/x86_64-linux-gnu/libpthread-2.15.so
7fb80d4b3000-7fb80d4b4000 r--p 00017000 08:02 8530569                    /lib/x86_64-linux-gnu/libpthread-2.15.so
7fb80d4b4000-7fb80d4b5000 rw-p 00018000 08:02 8530569                    /lib/x86_64-linux-gnu/libpthread-2.15.so
7fb80d4b5000-7fb80d4b9000 rw-p 00000000 00:00 0 
7fb80d4b9000-7fb80d4db000 r-xp 00000000 08:02 8530581                    /lib/x86_64-linux-gnu/ld-2.15.so
7fb80d4db000-7fb80d4dd000 r--s 00000000 08:02 2361066                    /var/cache/fontconfig/4b14b093aebc79c320de5e86ae1d3314-le64.cache-3
7fb80d4dd000-7fb80d4de000 r--s 00000000 08:02 2361064                    /var/cache/fontconfig/0c9eb80ebd1c36541ebe2852d3bb0c49-le64.cache-3
7fb80d4de000-7fb80d4e1000 r--s 00000000 08:02 2361184                    /var/cache/fontconfig/e13b20fdb08344e0e664864cc2ede53d-le64.cache-3
7fb80d4e1000-7fb80d4e5000 r--s 00000000 08:02 2361062                    /var/cache/fontconfig/7ef2298fde41cc6eeb7af42e48b7d293-le64.cache-3
7fb80d4e5000-7fb80d4e8000 r--s 00000000 08:02 2361184                    /var/cache/fontconfig/e13b20fdb08344e0e664864cc2ede53d-le64.cache-3
7fb80d4e8000-7fb80d4ec000 r--s 00000000 08:02 2361062                    /var/cache/fontconfig/7ef2298fde41cc6eeb7af42e48b7d293-le64.cache-3
7fb80d4ec000-7fb80d4ed000 r--s 00001000 08:02 1313441                    /home/benjamin/Téléchargements/processing-2.0b7/core/library/gluegen-rt-natives-windows-i586.jar
7fb80d4ed000-7fb80d4ee000 r--s 00001000 08:02 1313448                    /home/benjamin/Téléchargements/processing-2.0b7/core/library/gluegen-rt-natives-windows-amd64.jar
7fb80d4ee000-7fb80d4ef000 r--s 00000000 08:02 1313447                    /home/benjamin/Téléchargements/processing-2.0b7/core/library/gluegen-rt-natives-macosx-universal.jar
7fb80d4ef000-7fb80d4f0000 r--s 00000000 08:02 1313440                    /home/benjamin/Téléchargements/processing-2.0b7/core/library/gluegen-rt-natives-linux-i586.jar
7fb80d4f0000-7fb80d4f1000 r--s 00000000 08:02 1313443                    /home/benjamin/Téléchargements/processing-2.0b7/core/library/gluegen-rt-natives-linux-amd64.jar
7fb80d4f1000-7fb80d4f6000 r--s 00030000 08:02 1313444                    /home/benjamin/Téléchargements/processing-2.0b7/core/library/gluegen-rt.jar
7fb80d4f6000-7fb80d500000 rw-p 00000000 00:00 0 
7fb80d500000-7fb80d5b6000 rw-p 00000000 00:00 0 
7fb80d5b6000-7fb80d5b9000 ---p 00000000 00:00 0 
7fb80d5b9000-7fb80d6bc000 rw-p 00000000 00:00 0                          [stack:3223]
7fb80d6bc000-7fb80d6bf000 r--s 00077000 08:02 1313450                    /home/benjamin/Téléchargements/processing-2.0b7/core/library/core.jar
7fb80d6bf000-7fb80d6c3000 r--s 00039000 08:02 1575043                    /usr/lib/jvm/java-6-openjdk-common/jre/lib/ext/sunpkcs11.jar
7fb80d6c3000-7fb80d6c5000 r--s 00001000 08:02 1575049                    /usr/lib/jvm/java-6-openjdk-common/jre/lib/ext/dnsns.jar
7fb80d6c5000-7fb80d6c8000 r--s 00077000 08:02 1575045                    /usr/lib/jvm/java-6-openjdk-common/jre/lib/ext/localedata.jar
7fb80d6c8000-7fb80d6ca000 r--s 00006000 08:02 1847019                    /usr/share/java/java-atk-wrapper.jar
7fb80d6ca000-7fb80d6cd000 r--s 00031000 08:02 1575047                    /usr/lib/jvm/java-6-openjdk-common/jre/lib/ext/sunjce_provider.jar
7fb80d6cd000-7fb80d6cf000 r--s 0000f000 08:02 1575051                    /usr/lib/jvm/java-6-openjdk-common/jre/lib/ext/pulse-java.jar
7fb80d6cf000-7fb80d6d7000 rw-s 00000000 08:02 3151443                    /tmp/hsperfdata_benjamin/3221
7fb80d6d7000-7fb80d6d8000 rw-p 00000000 00:00 0 
7fb80d6d8000-7fb80d6d9000 r--p 00000000 00:00 0 
7fb80d6d9000-7fb80d6db000 rw-p 00000000 00:00 0 
7fb80d6db000-7fb80d6dc000 r--p 00022000 08:02 8530581                    /lib/x86_64-linux-gnu/ld-2.15.so
7fb80d6dc000-7fb80d6de000 rw-p 00023000 08:02 8530581                    /lib/x86_64-linux-gnu/ld-2.15.so
7fffbfbf2000-7fffbfc14000 rw-p 00000000 00:00 0                          [stack]
7fffbfc48000-7fffbfc49000 r-xp 00000000 00:00 0                          [vdso]
ffffffffff600000-ffffffffff601000 r-xp 00000000 00:00 0                  [vsyscall]

VM Arguments:
jvm_args: -Djava.security.policy=java.policy.applet -Dfile.encoding=UTF-8 
java_command: sun.applet.AppletViewer Test1362042428616.html
Launcher Type: SUN_STANDARD

Environment Variables:
PATH=/usr/lib/lightdm/lightdm:/usr/local/sbin:/usr/local/bin:/usr/sbin:/usr/bin:/sbin:/bin:/usr/games:/usr/local/games:/home/benjamin/commandes/
LD_LIBRARY_PATH=/usr/lib/jvm/java-6-openjdk-amd64/jre/lib/amd64/server:/usr/lib/jvm/java-6-openjdk-amd64/jre/lib/amd64:/usr/lib/jvm/java-6-openjdk-amd64/jre/../lib/amd64
SHELL=/bin/bash
DISPLAY=:0.0

Signal Handlers:
SIGSEGV: [libjvm.so+0x798890], sa_mask[0]=0x7ffbfeff, sa_flags=0x10000004
SIGBUS: [libjvm.so+0x798890], sa_mask[0]=0x7ffbfeff, sa_flags=0x10000004
SIGFPE: [libjvm.so+0x65f730], sa_mask[0]=0x7ffbfeff, sa_flags=0x10000004
SIGPIPE: [libjvm.so+0x65f730], sa_mask[0]=0x7ffbfeff, sa_flags=0x10000004
SIGXFSZ: [libjvm.so+0x65f730], sa_mask[0]=0x7ffbfeff, sa_flags=0x10000004
SIGILL: [libjvm.so+0x65f730], sa_mask[0]=0x7ffbfeff, sa_flags=0x10000004
SIGUSR1: SIG_DFL, sa_mask[0]=0x00000000, sa_flags=0x00000000
SIGUSR2: [libjvm.so+0x65f8f0], sa_mask[0]=0x00000004, sa_flags=0x10000004
SIGHUP: [libjvm.so+0x662250], sa_mask[0]=0x7ffbfeff, sa_flags=0x10000004
SIGINT: [libjvm.so+0x662250], sa_mask[0]=0x7ffbfeff, sa_flags=0x10000004
SIGTERM: [libjvm.so+0x662250], sa_mask[0]=0x7ffbfeff, sa_flags=0x10000004
SIGQUIT: [libjvm.so+0x662250], sa_mask[0]=0x7ffbfeff, sa_flags=0x10000004


---------------  S Y S T E M  ---------------

OS:Ubuntu 12.10 (quantal)
uname:Linux 3.5.0-24-generic #37-Ubuntu SMP Thu Feb 7 01:50:30 UTC 2013 x86_64
libc:glibc 2.15 NPTL 2.15 
rlimit: STACK 8192k, CORE 0k, NPROC 31455, NOFILE 4096, AS infinity
load average:0.97 0.67 0.45

/proc/meminfo:
MemTotal:        4044808 kB
MemFree:         1847652 kB
Buffers:          220216 kB
Cached:           796660 kB
SwapCached:            0 kB
Active:          1314632 kB
Inactive:         623764 kB
Active(anon):     928516 kB
Inactive(anon):      916 kB
Active(file):     386116 kB
Inactive(file):   622848 kB
Unevictable:       31332 kB
Mlocked:           31332 kB
SwapTotal:        498684 kB
SwapFree:         498684 kB
Dirty:              1064 kB
Writeback:             0 kB
AnonPages:        953172 kB
Mapped:           157664 kB
Shmem:              1716 kB
Slab:             113028 kB
SReclaimable:      88412 kB
SUnreclaim:        24616 kB
KernelStack:        3376 kB
PageTables:        27176 kB
NFS_Unstable:          0 kB
Bounce:                0 kB
WritebackTmp:          0 kB
CommitLimit:     2521088 kB
Committed_AS:    3242772 kB
VmallocTotal:   34359738367 kB
VmallocUsed:      315928 kB
VmallocChunk:   34359406588 kB
HardwareCorrupted:     0 kB
AnonHugePages:         0 kB
HugePages_Total:       0
HugePages_Free:        0
HugePages_Rsvd:        0
HugePages_Surp:        0
Hugepagesize:       2048 kB
DirectMap4k:      118784 kB
DirectMap2M:     4073472 kB


CPU:total 2 (2 cores per cpu, 1 threads per core) family 6 model 23 stepping 10, cmov, cx8, fxsr, mmx, sse, sse2, sse3, ssse3, sse4.1

Memory: 4k page, physical 4044808k(1847652k free), swap 498684k(498684k free)

vm_info: OpenJDK 64-Bit Server VM (20.0-b12) for linux-amd64 JRE (1.6.0_27-b27), built on Feb  8 2013 03:54:15 by "buildd" with gcc 4.7.2

time: Thu Feb 28 10:07:36 2013
elapsed time: 28 seconds

