#
# A fatal error has been detected by the Java Runtime Environment:
#
#  SIGSEGV (0xb) at pc=0x00007f7417dd7309, pid=11941, tid=140137286424320
#
# JRE version: 6.0_27-b27
# Java VM: OpenJDK 64-Bit Server VM (20.0-b12 mixed mode linux-amd64 compressed oops)
# Derivative: IcedTea6 1.12.1
# Distribution: Ubuntu 12.10, package 6b27-1.12.1-2ubuntu0.12.10.2
# Problematic frame:
# C  [libGL.so.1+0x2fa309]  glDeleteBuffers+0x9
#
# If you would like to submit a bug report, please include
# instructions how to reproduce the bug and visit:
#   https://bugs.launchpad.net/ubuntu/+source/openjdk-6/
# The crash happened outside the Java Virtual Machine in native code.
# See problematic frame for where to report the bug.
#

---------------  T H R E A D  ---------------

Current thread (0x00007f745428c800):  JavaThread "thread applet-Test.class" [_thread_in_native, id=11962, stack(0x00007f74411d5000,0x00007f74412d6000)]

siginfo:si_signo=SIGSEGV: si_errno=0, si_code=1 (SEGV_MAPERR), si_addr=0x0000000000000ee0

Registers:
RAX=0x0000000000000000, RBX=0x00000000b8d28048, RCX=0x00007f7417dd7300, RDX=0x00000000ec546da0
RSP=0x00007f74412d4658, RBP=0x00007f74412d46a0, RSI=0x00000000ec546da0, RDI=0x0000000000000001
R8 =0x00007f7459e81aa0, R9 =0x0000000000000000, R10=0x00007f7451010d3b, R11=0x00007f745a0888e0
R12=0x0000000000000000, R13=0x00000000b8d28048, R14=0x00007f74412d4778, R15=0x00007f745428c800
RIP=0x00007f7417dd7309, EFLAGS=0x0000000000010206, CSGSFS=0x0000000000000033, ERR=0x0000000000000004
  TRAPNO=0x000000000000000e

Top of Stack: (sp=0x00007f74412d4658)
0x00007f74412d4658:   00007f74152a213c 00007f74412d4700
0x00007f74412d4668:   00000000000000b5 00007f74412d4768
0x00007f74412d4678:   0000000100000000 00007f74412d4778
0x00007f74412d4688:   00007f745428c9d0 00000000ec546da0
0x00007f74412d4698:   00007f7417dd7300 00007f74412d4728
0x00007f74412d46a8:   00007f7451010d68 00007f7417dd7300
0x00007f74412d46b8:   00007f7434089728 00007f74fffffffe
0x00007f74412d46c8:   0000000000000594 00007f74412d4748
0x00007f74412d46d8:   00007f745101ba83 00007f7451004dd0
0x00007f74412d46e8:   00007f74412d46e8 00000000b8d28048
0x00007f74412d46f8:   00007f74412d4778 00000000b8ee4a60
0x00007f74412d4708:   0000000000000000 00000000b8d28048
0x00007f74412d4718:   0000000000000000 00007f74412d4748
0x00007f74412d4728:   00007f74412d47c0 00007f745100585a
0x00007f74412d4738:   0000000000000000 00007f745100df58
0x00007f74412d4748:   00007f7417dd7300 00007f74412d47f8
0x00007f74412d4758:   0000000000000000 0000000000000000
0x00007f74412d4768:   00000000ec546d90 0000000000000001
0x00007f74412d4778:   00000000ebfcc920 00007f74412d4780
0x00007f74412d4788:   00000000b8d28195 00007f74412d47f8
0x00007f74412d4798:   00000000b8ee4a60 0000000000000000
0x00007f74412d47a8:   00000000b8d281a8 00007f74412d4748
0x00007f74412d47b8:   00007f74412d47e0 00007f74412d4840
0x00007f74412d47c8:   00007f7451005d34 00007f7417dd7300
0x00007f74412d47d8:   0000000000000000 0000000000000000
0x00007f74412d47e8:   00000000ec546d90 0000000000000001
0x00007f74412d47f8:   00000000ebfcc920 00007f74412d4800
0x00007f74412d4808:   00000000b88e6426 00007f74412d4868
0x00007f74412d4818:   00000000b8a57980 0000000000000000
0x00007f74412d4828:   00000000b88e6468 00007f74412d47e0
0x00007f74412d4838:   00007f74412d4850 00007f74412d48b0
0x00007f74412d4848:   00007f745100585a 0000000000000000 

Instructions: (pc=0x00007f7417dd7309)
0x00007f7417dd72e9:   ff a0 d8 0e 00 00 cc cc cc cc cc cc cc cc cc cc
0x00007f7417dd72f9:   cc cc cc cc cc cc cc 64 48 8b 04 25 80 ff ff ff
0x00007f7417dd7309:   ff a0 e0 0e 00 00 cc cc cc cc cc cc cc cc cc cc
0x00007f7417dd7319:   cc cc cc cc cc cc cc 64 48 8b 04 25 80 ff ff ff 

Register to memory mapping:

RAX=0x0000000000000000 is an unknown value
RBX=0x00000000b8d28048 is an oop
{method} 
 - klass: {other class}
RCX=0x00007f7417dd7300: glDeleteBuffers+0 in /usr/lib/nvidia-current/libGL.so.1 at 0x00007f7417add000
RDX=0x00000000ec546da0 is an unknown value
RSP=0x00007f74412d4658 is pointing into the stack for thread: 0x00007f745428c800
RBP=0x00007f74412d46a0 is pointing into the stack for thread: 0x00007f745428c800
RSI=0x00000000ec546da0 is an unknown value
RDI=0x0000000000000001 is an unknown value
R8 =0x00007f7459e81aa0: <offset 0x4d1aa0> in /usr/lib/jvm/java-6-openjdk-amd64/jre/lib/amd64/server/libjvm.so at 0x00007f74599b0000
R9 =0x0000000000000000 is an unknown value
R10=0x00007f7451010d3b is an Interpreter codelet
method entry point (kind = native)  [0x00007f7451010ae0, 0x00007f7451011320]  2112 bytes
R11=0x00007f745a0888e0: <offset 0x6d88e0> in /usr/lib/jvm/java-6-openjdk-amd64/jre/lib/amd64/server/libjvm.so at 0x00007f74599b0000
R12=0x0000000000000000 is an unknown value
R13=0x00000000b8d28048 is an oop
{method} 
 - klass: {other class}
R14=0x00007f74412d4778 is pointing into the stack for thread: 0x00007f745428c800
R15=0x00007f745428c800 is a thread


Stack: [0x00007f74411d5000,0x00007f74412d6000],  sp=0x00007f74412d4658,  free space=1021k
Native frames: (J=compiled Java code, j=interpreted, Vv=VM code, C=native code)
C  [libGL.so.1+0x2fa309]  glDeleteBuffers+0x9
j  jogamp.opengl.gl4.GL4bcImpl.dispatch_glDeleteBuffers1(ILjava/lang/Object;IZJ)V+0
j  jogamp.opengl.gl4.GL4bcImpl.glDeleteBuffers(I[II)V+101
j  processing.opengl.PGL.deleteBuffers(I[II)V+6
j  processing.opengl.PGraphicsOpenGL.deleteVertexBufferObject(II)V+38
j  processing.opengl.PGraphicsOpenGL.deletePolyBuffers()V+19
j  processing.opengl.PGraphicsOpenGL.dispose()V+9
j  processing.core.PApplet.dispose()V+28
j  processing.core.PApplet.destroy()V+1
j  sun.applet.AppletPanel.run()V+562
j  java.lang.Thread.run()V+11
v  ~StubRoutines::call_stub
V  [libjvm.so+0x4bcdf7]  JavaCalls::call_helper(JavaValue*, methodHandle*, JavaCallArguments*, Thread*)+0x2a7
V  [libjvm.so+0x4bc215]  JavaCalls::call(JavaValue*, methodHandle, JavaCallArguments*, Thread*)+0x25
V  [libjvm.so+0x4bc702]  JavaCalls::call_virtual(JavaValue*, KlassHandle, symbolHandle, symbolHandle, JavaCallArguments*, Thread*)+0x1b2
V  [libjvm.so+0x4bc82f]  JavaCalls::call_virtual(JavaValue*, Handle, KlassHandle, symbolHandle, symbolHandle, Thread*)+0x4f
V  [libjvm.so+0x4f190f]  thread_entry(JavaThread*, Thread*)+0xaf
V  [libjvm.so+0x75f708]  JavaThread::thread_main_inner()+0x58
V  [libjvm.so+0x662e1a]  java_start(Thread*)+0xda

Java frames: (J=compiled Java code, j=interpreted, Vv=VM code)
j  jogamp.opengl.gl4.GL4bcImpl.dispatch_glDeleteBuffers1(ILjava/lang/Object;IZJ)V+0
j  jogamp.opengl.gl4.GL4bcImpl.glDeleteBuffers(I[II)V+101
j  processing.opengl.PGL.deleteBuffers(I[II)V+6
j  processing.opengl.PGraphicsOpenGL.deleteVertexBufferObject(II)V+38
j  processing.opengl.PGraphicsOpenGL.deletePolyBuffers()V+19
j  processing.opengl.PGraphicsOpenGL.dispose()V+9
j  processing.core.PApplet.dispose()V+28
j  processing.core.PApplet.destroy()V+1
j  sun.applet.AppletPanel.run()V+562
j  java.lang.Thread.run()V+11
v  ~StubRoutines::call_stub

---------------  P R O C E S S  ---------------

Java Threads: ( => current thread )
  0x00007f741c0c9800 JavaThread "Thread-6" [_thread_blocked, id=11980, stack(0x00007f7414505000,0x00007f7414606000)]
  0x00007f7410084800 JavaThread "Animation Thread-Display-.x11_:0.0-1-EDT-1" daemon [_thread_blocked, id=11979, stack(0x00007f741492d000,0x00007f7414a2e000)]
  0x00007f741002c000 JavaThread "Animation Thread-SharedResourceRunner" daemon [_thread_blocked, id=11978, stack(0x00007f74409b2000,0x00007f7440ab3000)]
  0x00007f741c01a800 JavaThread "Animation Thread" [_thread_in_native, id=11967, stack(0x00007f7440bb4000,0x00007f7440cb5000)]
  0x00007f7418004000 JavaThread "AWT-EventQueue-1" [_thread_blocked, id=11966, stack(0x00007f7440ab3000,0x00007f7440bb4000)]
  0x00007f7454008800 JavaThread "DestroyJavaVM" [_thread_blocked, id=11943, stack(0x00007f745b28b000,0x00007f745b38c000)]
  0x00007f7454294800 JavaThread "AWT-EventQueue-0" [_thread_blocked, id=11964, stack(0x00007f74410d4000,0x00007f74411d5000)]
  0x00007f7454292000 JavaThread "AWT-Shutdown" [_thread_blocked, id=11963, stack(0x00007f74412d6000,0x00007f74413d7000)]
=>0x00007f745428c800 JavaThread "thread applet-Test.class" [_thread_in_native, id=11962, stack(0x00007f74411d5000,0x00007f74412d6000)]
  0x00007f745427c000 JavaThread "AWT-XAWT" daemon [_thread_in_native, id=11960, stack(0x00007f74413d7000,0x00007f74414d8000)]
  0x00007f74541ee800 JavaThread "Java2D Disposer" daemon [_thread_blocked, id=11959, stack(0x00007f744195e000,0x00007f7441a5f000)]
  0x00007f745409a800 JavaThread "Low Memory Detector" daemon [_thread_blocked, id=11956, stack(0x00007f7443716000,0x00007f7443817000)]
  0x00007f7454098800 JavaThread "C2 CompilerThread1" daemon [_thread_blocked, id=11955, stack(0x00007f7443817000,0x00007f7443918000)]
  0x00007f7454095800 JavaThread "C2 CompilerThread0" daemon [_thread_blocked, id=11954, stack(0x00007f74500d9000,0x00007f74501da000)]
  0x00007f7454087000 JavaThread "Signal Dispatcher" daemon [_thread_blocked, id=11953, stack(0x00007f74501da000,0x00007f74502db000)]
  0x00007f7454075000 JavaThread "Finalizer" daemon [_thread_blocked, id=11952, stack(0x00007f74502db000,0x00007f74503dc000)]
  0x00007f7454073000 JavaThread "Reference Handler" daemon [_thread_blocked, id=11951, stack(0x00007f74503dc000,0x00007f74504dd000)]

Other Threads:
  0x00007f745406e000 VMThread [stack: 0x00007f74504dd000,0x00007f74505de000] [id=11950]
  0x00007f745409d000 WatcherThread [stack: 0x00007f7443615000,0x00007f7443716000] [id=11957]

VM state:not at safepoint (normal execution)

VM Mutex/Monitor currently owned by a thread: None

Heap
 PSYoungGen      total 18432K, used 16384K [0x00000000eb6b0000, 0x00000000ecb40000, 0x0000000100000000)
  eden space 15808K, 95% used [0x00000000eb6b0000,0x00000000ec56f558,0x00000000ec620000)
  from space 2624K, 48% used [0x00000000ec620000,0x00000000ec760ae0,0x00000000ec8b0000)
  to   space 2624K, 0% used [0x00000000ec8b0000,0x00000000ec8b0000,0x00000000ecb40000)
 PSOldGen        total 42176K, used 0K [0x00000000c2400000, 0x00000000c4d30000, 0x00000000eb6b0000)
  object space 42176K, 0% used [0x00000000c2400000,0x00000000c2400000,0x00000000c4d30000)
 PSPermGen       total 21248K, used 20723K [0x00000000b7e00000, 0x00000000b92c0000, 0x00000000c2400000)
  object space 21248K, 97% used [0x00000000b7e00000,0x00000000b923ced8,0x00000000b92c0000)

Code Cache  [0x00007f7451000000, 0x00007f7451270000, 0x00007f7454000000)
 total_blobs=940 nmethods=147 adapters=747 free_code_cache=49344512 largest_free_block=6528

Dynamic libraries:
00400000-00409000 r-xp 00000000 08:02 1708375                            /usr/lib/jvm/java-6-openjdk-amd64/jre/bin/java
00608000-00609000 r--p 00008000 08:02 1708375                            /usr/lib/jvm/java-6-openjdk-amd64/jre/bin/java
00609000-0060a000 rw-p 00009000 08:02 1708375                            /usr/lib/jvm/java-6-openjdk-amd64/jre/bin/java
011d7000-0121c000 rw-p 00000000 00:00 0                                  [heap]
405a1000-405a3000 r-xs 00000000 08:02 1048584                            /tmp/glmJgg58 (deleted)
40885000-40903000 rw-p 00000000 00:00 0 
41c22000-41ca0000 rw-p 00000000 00:00 0 
b7e00000-b92c0000 rw-p 00000000 00:00 0 
b92c0000-c2400000 rw-p 00000000 00:00 0 
c2400000-c4d30000 rw-p 00000000 00:00 0 
c4d30000-eb6b0000 rw-p 00000000 00:00 0 
eb6b0000-ecb40000 rw-p 00000000 00:00 0 
ecb40000-100000000 rw-p 00000000 00:00 0 
7f7410000000-7f74105a2000 rw-p 00000000 00:00 0 
7f74105a2000-7f7414000000 ---p 00000000 00:00 0 
7f7414505000-7f7414508000 ---p 00000000 00:00 0 
7f7414508000-7f7414606000 rw-p 00000000 00:00 0                          [stack:11980]
7f7414606000-7f741460d000 r--s 00000000 08:02 1839534                    /usr/lib/x86_64-linux-gnu/gconv/gconv-modules.cache
7f741460d000-7f741468d000 rw-s 6e65e000 00:05 9184                       /dev/nvidia0
7f741468d000-7f741478d000 rw-s 7ce91000 00:05 9184                       /dev/nvidia0
7f741478d000-7f74147cd000 rw-s 3c949000 00:05 9184                       /dev/nvidia0
7f74147ed000-7f74148ed000 rw-s 6e014000 00:05 9184                       /dev/nvidia0
7f74148ed000-7f741492d000 rw-s 765d5000 00:05 9184                       /dev/nvidia0
7f741492d000-7f7414930000 ---p 00000000 00:00 0 
7f7414930000-7f7414a2e000 rw-p 00000000 00:00 0                          [stack:11979]
7f7414a2e000-7f7414a37000 r-xp 00000000 08:02 1583959                    /usr/lib/x86_64-linux-gnu/libXrandr.so.2.2.0
7f7414a37000-7f7414c36000 ---p 00009000 08:02 1583959                    /usr/lib/x86_64-linux-gnu/libXrandr.so.2.2.0
7f7414c36000-7f7414c37000 r--p 00008000 08:02 1583959                    /usr/lib/x86_64-linux-gnu/libXrandr.so.2.2.0
7f7414c37000-7f7414c38000 rw-p 00009000 08:02 1583959                    /usr/lib/x86_64-linux-gnu/libXrandr.so.2.2.0
7f7414c51000-7f7414c55000 rw-s 76cbc000 00:05 9184                       /dev/nvidia0
7f7414c55000-7f7414c5f000 r-xp 00000000 08:02 4587571                    /tmp/jogamp_0000/file_cache/jln3181558848461536984/jln7598212532379823297/libnewt.so
7f7414c5f000-7f7414e5f000 ---p 0000a000 08:02 4587571                    /tmp/jogamp_0000/file_cache/jln3181558848461536984/jln7598212532379823297/libnewt.so
7f7414e5f000-7f7414e60000 r--p 0000a000 08:02 4587571                    /tmp/jogamp_0000/file_cache/jln3181558848461536984/jln7598212532379823297/libnewt.so
7f7414e60000-7f7414e61000 rw-p 0000b000 08:02 4587571                    /tmp/jogamp_0000/file_cache/jln3181558848461536984/jln7598212532379823297/libnewt.so
7f7414e61000-7f7415061000 rw-s 6e649000 00:05 9184                       /dev/nvidia0
7f7415061000-7f7415063000 r-xp 00000000 08:02 1583942                    /usr/lib/x86_64-linux-gnu/libXinerama.so.1.0.0
7f7415063000-7f7415262000 ---p 00002000 08:02 1583942                    /usr/lib/x86_64-linux-gnu/libXinerama.so.1.0.0
7f7415262000-7f7415263000 r--p 00001000 08:02 1583942                    /usr/lib/x86_64-linux-gnu/libXinerama.so.1.0.0
7f7415263000-7f7415264000 rw-p 00002000 08:02 1583942                    /usr/lib/x86_64-linux-gnu/libXinerama.so.1.0.0
7f7415264000-7f74152f0000 r-xp 00000000 08:02 4587567                    /tmp/jogamp_0000/file_cache/jln3181558848461536984/jln7598212532379823297/libjogl_desktop.so
7f74152f0000-7f74154ef000 ---p 0008c000 08:02 4587567                    /tmp/jogamp_0000/file_cache/jln3181558848461536984/jln7598212532379823297/libjogl_desktop.so
7f74154ef000-7f74154f0000 r--p 0008b000 08:02 4587567                    /tmp/jogamp_0000/file_cache/jln3181558848461536984/jln7598212532379823297/libjogl_desktop.so
7f74154f0000-7f74154f1000 rw-p 0008c000 08:02 4587567                    /tmp/jogamp_0000/file_cache/jln3181558848461536984/jln7598212532379823297/libjogl_desktop.so
7f74154f1000-7f7416ec0000 r-xp 00000000 08:02 4326356                    /usr/lib/nvidia-current/libnvidia-glcore.so.304.43
7f7416ec0000-7f74170bf000 ---p 019cf000 08:02 4326356                    /usr/lib/nvidia-current/libnvidia-glcore.so.304.43
7f74170bf000-7f74178c0000 rwxp 019ce000 08:02 4326356                    /usr/lib/nvidia-current/libnvidia-glcore.so.304.43
7f74178c0000-7f74178da000 rwxp 00000000 00:00 0 
7f74178da000-7f74178dd000 r-xp 00000000 08:02 4326353                    /usr/lib/nvidia-current/tls/libnvidia-tls.so.304.43
7f74178dd000-7f7417adc000 ---p 00003000 08:02 4326353                    /usr/lib/nvidia-current/tls/libnvidia-tls.so.304.43
7f7417adc000-7f7417add000 rw-p 00002000 08:02 4326353                    /usr/lib/nvidia-current/tls/libnvidia-tls.so.304.43
7f7417add000-7f7417ba7000 r-xp 00000000 08:02 4326355                    /usr/lib/nvidia-current/libGL.so.304.43
7f7417ba7000-7f7417da7000 ---p 000ca000 08:02 4326355                    /usr/lib/nvidia-current/libGL.so.304.43
7f7417da7000-7f7417de4000 rwxp 000ca000 08:02 4326355                    /usr/lib/nvidia-current/libGL.so.304.43
7f7417de4000-7f7417dfa000 rwxp 00000000 00:00 0 
7f7417dfa000-7f7417dfe000 r-xp 00000000 08:02 1584988                    /usr/lib/x86_64-linux-gnu/libXxf86vm.so.1.0.0
7f7417dfe000-7f7417ffe000 ---p 00004000 08:02 1584988                    /usr/lib/x86_64-linux-gnu/libXxf86vm.so.1.0.0
7f7417ffe000-7f7417fff000 r--p 00004000 08:02 1584988                    /usr/lib/x86_64-linux-gnu/libXxf86vm.so.1.0.0
7f7417fff000-7f7418000000 rw-p 00005000 08:02 1584988                    /usr/lib/x86_64-linux-gnu/libXxf86vm.so.1.0.0
7f7418000000-7f7418508000 rw-p 00000000 00:00 0 
7f7418508000-7f741c000000 ---p 00000000 00:00 0 
7f741c000000-7f741c1b1000 rw-p 00000000 00:00 0 
7f741c1b1000-7f7420000000 ---p 00000000 00:00 0 
7f7420000000-7f7420021000 rw-p 00000000 00:00 0 
7f7420021000-7f7424000000 ---p 00000000 00:00 0 
7f7424000000-7f7424247000 rw-p 00000000 00:00 0 
7f7424247000-7f7428000000 ---p 00000000 00:00 0 
7f7428000000-7f74282ae000 rw-p 00000000 00:00 0 
7f74282ae000-7f742c000000 ---p 00000000 00:00 0 
7f742c000000-7f742c021000 rw-p 00000000 00:00 0 
7f742c021000-7f7430000000 ---p 00000000 00:00 0 
7f7430000000-7f7430021000 rw-p 00000000 00:00 0 
7f7430021000-7f7434000000 ---p 00000000 00:00 0 
7f7434000000-7f743438d000 rw-p 00000000 00:00 0 
7f743438d000-7f7438000000 ---p 00000000 00:00 0 
7f7438000000-7f7438021000 rw-p 00000000 00:00 0 
7f7438021000-7f743c000000 ---p 00000000 00:00 0 
7f743c000000-7f743c021000 rw-p 00000000 00:00 0 
7f743c021000-7f7440000000 ---p 00000000 00:00 0 
7f7440003000-7f7440004000 rw-s d000e000 00:05 9184                       /dev/nvidia0
7f7440004000-7f7440005000 rw-s 6e0a9000 00:05 9184                       /dev/nvidia0
7f7440005000-7f7440025000 rw-s 29b53000 00:05 9184                       /dev/nvidia0
7f7440025000-7f7440125000 rw-s 6f51e000 00:05 9184                       /dev/nvidia0
7f7440125000-7f7440126000 rw-s f2c0a000 00:05 9184                       /dev/nvidia0
7f7440126000-7f7440166000 rw-s ba744000 00:05 9184                       /dev/nvidia0
7f7440166000-7f7440186000 rw-s 754e0000 00:05 9184                       /dev/nvidia0
7f7440186000-7f74401a3000 rw-s 11f2a6000 00:05 9184                      /dev/nvidia0
7f74401a3000-7f74401a9000 r-xp 00000000 08:02 4587570                    /tmp/jogamp_0000/file_cache/jln3181558848461536984/jln7598212532379823297/libnativewindow_x11.so
7f74401a9000-7f74403a8000 ---p 00006000 08:02 4587570                    /tmp/jogamp_0000/file_cache/jln3181558848461536984/jln7598212532379823297/libnativewindow_x11.so
7f74403a8000-7f74403a9000 r--p 00005000 08:02 4587570                    /tmp/jogamp_0000/file_cache/jln3181558848461536984/jln7598212532379823297/libnativewindow_x11.so
7f74403a9000-7f74403aa000 rw-p 00006000 08:02 4587570                    /tmp/jogamp_0000/file_cache/jln3181558848461536984/jln7598212532379823297/libnativewindow_x11.so
7f74403aa000-7f74403ac000 r-xp 00000000 08:02 4587569                    /tmp/jogamp_0000/file_cache/jln3181558848461536984/jln7598212532379823297/libnativewindow_awt.so
7f74403ac000-7f74405ab000 ---p 00002000 08:02 4587569                    /tmp/jogamp_0000/file_cache/jln3181558848461536984/jln7598212532379823297/libnativewindow_awt.so
7f74405ab000-7f74405ac000 r--p 00001000 08:02 4587569                    /tmp/jogamp_0000/file_cache/jln3181558848461536984/jln7598212532379823297/libnativewindow_awt.so
7f74405ac000-7f74405ad000 rw-p 00002000 08:02 4587569                    /tmp/jogamp_0000/file_cache/jln3181558848461536984/jln7598212532379823297/libnativewindow_awt.so
7f74405ad000-7f74405ae000 r-xp 00000000 08:02 1575194                    /usr/lib/jvm/java-6-openjdk-amd64/jre/lib/amd64/libjawt.so
7f74405ae000-7f74407ad000 ---p 00001000 08:02 1575194                    /usr/lib/jvm/java-6-openjdk-amd64/jre/lib/amd64/libjawt.so
7f74407ad000-7f74407ae000 r--p 00000000 08:02 1575194                    /usr/lib/jvm/java-6-openjdk-amd64/jre/lib/amd64/libjawt.so
7f74407ae000-7f74407af000 rw-p 00001000 08:02 1575194                    /usr/lib/jvm/java-6-openjdk-amd64/jre/lib/amd64/libjawt.so
7f74407af000-7f74407b1000 r-xp 00000000 08:02 4587823                    /tmp/jogamp_0000/file_cache/jln3181558848461536984/jln7598212532379823297/libgluegen-rt.so
7f74407b1000-7f74409b0000 ---p 00002000 08:02 4587823                    /tmp/jogamp_0000/file_cache/jln3181558848461536984/jln7598212532379823297/libgluegen-rt.so
7f74409b0000-7f74409b1000 r--p 00001000 08:02 4587823                    /tmp/jogamp_0000/file_cache/jln3181558848461536984/jln7598212532379823297/libgluegen-rt.so
7f74409b1000-7f74409b2000 rw-p 00002000 08:02 4587823                    /tmp/jogamp_0000/file_cache/jln3181558848461536984/jln7598212532379823297/libgluegen-rt.so
7f74409b2000-7f74409b5000 ---p 00000000 00:00 0 
7f74409b5000-7f7440ab3000 rw-p 00000000 00:00 0                          [stack:11978]
7f7440ab3000-7f7440ab6000 ---p 00000000 00:00 0 
7f7440ab6000-7f7440bb4000 rw-p 00000000 00:00 0                          [stack:11966]
7f7440bb4000-7f7440bb7000 ---p 00000000 00:00 0 
7f7440bb7000-7f7440cb5000 rw-p 00000000 00:00 0                          [stack:11967]
7f7440cb5000-7f7440cbd000 r-xp 00000000 08:02 1575103                    /usr/lib/jvm/java-6-openjdk-amd64/jre/lib/amd64/libnio.so
7f7440cbd000-7f7440ebc000 ---p 00008000 08:02 1575103                    /usr/lib/jvm/java-6-openjdk-amd64/jre/lib/amd64/libnio.so
7f7440ebc000-7f7440ebd000 r--p 00007000 08:02 1575103                    /usr/lib/jvm/java-6-openjdk-amd64/jre/lib/amd64/libnio.so
7f7440ebd000-7f7440ebe000 rw-p 00008000 08:02 1575103                    /usr/lib/jvm/java-6-openjdk-amd64/jre/lib/amd64/libnio.so
7f7440ebe000-7f7440ed3000 r-xp 00000000 08:02 1575107                    /usr/lib/jvm/java-6-openjdk-amd64/jre/lib/amd64/libnet.so
7f7440ed3000-7f74410d2000 ---p 00015000 08:02 1575107                    /usr/lib/jvm/java-6-openjdk-amd64/jre/lib/amd64/libnet.so
7f74410d2000-7f74410d3000 r--p 00014000 08:02 1575107                    /usr/lib/jvm/java-6-openjdk-amd64/jre/lib/amd64/libnet.so
7f74410d3000-7f74410d4000 rw-p 00015000 08:02 1575107                    /usr/lib/jvm/java-6-openjdk-amd64/jre/lib/amd64/libnet.so
7f74410d4000-7f74410d7000 ---p 00000000 00:00 0 
7f74410d7000-7f74411d5000 rw-p 00000000 00:00 0                          [stack:11964]
7f74411d5000-7f74411d8000 ---p 00000000 00:00 0 
7f74411d8000-7f74412d6000 rw-p 00000000 00:00 0                          [stack:11962]
7f74412d6000-7f74412d9000 ---p 00000000 00:00 0 
7f74412d9000-7f74413d7000 rw-p 00000000 00:00 0                          [stack:11963]
7f74413d7000-7f74413da000 ---p 00000000 00:00 0 
7f74413da000-7f74414d8000 rw-p 00000000 00:00 0                          [stack:11960]
7f74414d8000-7f74414d9000 r--s 00000000 08:02 2360001                    /var/cache/fontconfig/c05880de57d1f5e948fdfacc138775d9-le64.cache-3
7f74414d9000-7f74414e2000 r--s 00000000 08:02 2366149                    /var/cache/fontconfig/945677eb7aeaf62f1d50efc3fb3ec7d8-le64.cache-3
7f74414e2000-7f74414e6000 r--s 00000000 08:02 2361886                    /var/cache/fontconfig/99e8ed0e538f840c565b6ed5dad60d56-le64.cache-3
7f74414e6000-7f74414ee000 r--s 00000000 08:02 2361773                    /var/cache/fontconfig/a6d8cf8e4ec09cdbc8633c31745a07dd-le64.cache-3
7f74414ee000-7f74414f3000 r--s 00000000 08:02 2361883                    /var/cache/fontconfig/2cd17615ca594fa2959ae173292e504c-le64.cache-3
7f74414f3000-7f74414f4000 r--s 00000000 08:02 2366130                    /var/cache/fontconfig/e7071f4a29fa870f4323321c154eba04-le64.cache-3
7f74414f4000-7f74414f5000 r--s 00000000 08:02 2366129                    /var/cache/fontconfig/0d8c3b2ac0904cb8a57a757ad11a4a08-le64.cache-3
7f74414f5000-7f74414fb000 r--s 00000000 08:02 2366128                    /var/cache/fontconfig/a755afe4a08bf5b97852ceb7400b47bc-le64.cache-3
7f74414fb000-7f74414fc000 rw-s f2c0e000 00:05 9184                       /dev/nvidia0
7f74414fc000-7f74414fd000 rw-s f2641000 00:05 9184                       /dev/nvidia0
7f74414fd000-7f74414fe000 rw-s 550a0000 00:05 9184                       /dev/nvidia0
7f74414fe000-7f74414ff000 rw-s 7c358000 00:05 9184                       /dev/nvidia0
7f74414ff000-7f7441530000 rw-p 00000000 00:00 0 
7f7441530000-7f7441535000 r-xp 00000000 08:02 1583967                    /usr/lib/x86_64-linux-gnu/libXfixes.so.3.1.0
7f7441535000-7f7441734000 ---p 00005000 08:02 1583967                    /usr/lib/x86_64-linux-gnu/libXfixes.so.3.1.0
7f7441734000-7f7441735000 r--p 00004000 08:02 1583967                    /usr/lib/x86_64-linux-gnu/libXfixes.so.3.1.0
7f7441735000-7f7441736000 rw-p 00005000 08:02 1583967                    /usr/lib/x86_64-linux-gnu/libXfixes.so.3.1.0
7f7441736000-7f744173f000 r-xp 00000000 08:02 1583970                    /usr/lib/x86_64-linux-gnu/libXcursor.so.1.0.2
7f744173f000-7f744193f000 ---p 00009000 08:02 1583970                    /usr/lib/x86_64-linux-gnu/libXcursor.so.1.0.2
7f744193f000-7f7441940000 r--p 00009000 08:02 1583970                    /usr/lib/x86_64-linux-gnu/libXcursor.so.1.0.2
7f7441940000-7f7441941000 rw-p 0000a000 08:02 1583970                    /usr/lib/x86_64-linux-gnu/libXcursor.so.1.0.2
7f7441941000-7f7441945000 rw-s 5dc86000 00:05 9184                       /dev/nvidia0
7f7441945000-7f7441946000 rw-s d000b000 00:05 9184                       /dev/nvidia0
7f7441946000-7f7441947000 rw-s 64ef3000 00:05 9184                       /dev/nvidia0
7f7441947000-7f7441948000 rw-s f2c0c000 00:05 9184                       /dev/nvidia0
7f7441948000-7f7441949000 rw-s f2641000 00:05 9184                       /dev/nvidia0
7f7441949000-7f744194a000 rw-s 550a0000 00:05 9184                       /dev/nvidia0
7f744194a000-7f744194b000 rw-s 29a0e000 00:05 9184                       /dev/nvidia0
7f744194b000-7f744194d000 rw-p 00000000 00:00 0 
7f744194d000-7f744194f000 rw-s 00000000 08:02 1048584                    /tmp/glmJgg58 (deleted)
7f744194f000-7f7441953000 rw-s 3c819000 00:05 9184                       /dev/nvidia0
7f7441953000-7f7441954000 rw-s d0008000 00:05 9184                       /dev/nvidia0
7f7441954000-7f7441955000 rw-s b8d24000 00:05 9184                       /dev/nvidia0
7f7441955000-7f7441959000 rw-s 56704000 00:05 9184                       /dev/nvidia0
7f7441959000-7f744195a000 rw-s f2641000 00:05 9184                       /dev/nvidia0
7f744195a000-7f744195b000 rw-s 550a0000 00:05 9184                       /dev/nvidia0
7f744195b000-7f744195e000 r--s 0007e000 08:02 1574637                    /usr/lib/jvm/java-6-openjdk-common/jre/lib/jsse.jar
7f744195e000-7f7441961000 ---p 00000000 00:00 0 
7f7441961000-7f7441a5f000 rw-p 00000000 00:00 0                          [stack:11959]
7f7441a5f000-7f7441af5000 r-xp 00000000 08:02 1574082                    /usr/lib/x86_64-linux-gnu/libfreetype.so.6.9.0
7f7441af5000-7f7441cf4000 ---p 00096000 08:02 1574082                    /usr/lib/x86_64-linux-gnu/libfreetype.so.6.9.0
7f7441cf4000-7f7441cfa000 r--p 00095000 08:02 1574082                    /usr/lib/x86_64-linux-gnu/libfreetype.so.6.9.0
7f7441cfa000-7f7441cfb000 rw-p 0009b000 08:02 1574082                    /usr/lib/x86_64-linux-gnu/libfreetype.so.6.9.0
7f7441cfb000-7f7441d35000 r-xp 00000000 08:02 1575113                    /usr/lib/jvm/java-6-openjdk-amd64/jre/lib/amd64/libfontmanager.so
7f7441d35000-7f7441f34000 ---p 0003a000 08:02 1575113                    /usr/lib/jvm/java-6-openjdk-amd64/jre/lib/amd64/libfontmanager.so
7f7441f34000-7f7441f36000 r--p 00039000 08:02 1575113                    /usr/lib/jvm/java-6-openjdk-amd64/jre/lib/amd64/libfontmanager.so
7f7441f36000-7f7441f37000 rw-p 0003b000 08:02 1575113                    /usr/lib/jvm/java-6-openjdk-amd64/jre/lib/amd64/libfontmanager.so
7f7441f37000-7f7441f3c000 r-xp 00000000 08:02 1577868                    /usr/lib/x86_64-linux-gnu/libXdmcp.so.6.0.0
7f7441f3c000-7f744213b000 ---p 00005000 08:02 1577868                    /usr/lib/x86_64-linux-gnu/libXdmcp.so.6.0.0
7f744213b000-7f744213c000 r--p 00004000 08:02 1577868                    /usr/lib/x86_64-linux-gnu/libXdmcp.so.6.0.0
7f744213c000-7f744213d000 rw-p 00005000 08:02 1577868                    /usr/lib/x86_64-linux-gnu/libXdmcp.so.6.0.0
7f744213d000-7f744213f000 r-xp 00000000 08:02 1577098                    /usr/lib/x86_64-linux-gnu/libXau.so.6.0.0
7f744213f000-7f744233f000 ---p 00002000 08:02 1577098                    /usr/lib/x86_64-linux-gnu/libXau.so.6.0.0
7f744233f000-7f7442340000 r--p 00002000 08:02 1577098                    /usr/lib/x86_64-linux-gnu/libXau.so.6.0.0
7f7442340000-7f7442341000 rw-p 00003000 08:02 1577098                    /usr/lib/x86_64-linux-gnu/libXau.so.6.0.0
7f7442341000-7f744235e000 r-xp 00000000 08:02 1574274                    /usr/lib/x86_64-linux-gnu/libxcb.so.1.1.0
7f744235e000-7f744255d000 ---p 0001d000 08:02 1574274                    /usr/lib/x86_64-linux-gnu/libxcb.so.1.1.0
7f744255d000-7f744255e000 r--p 0001c000 08:02 1574274                    /usr/lib/x86_64-linux-gnu/libxcb.so.1.1.0
7f744255e000-7f744255f000 rw-p 0001d000 08:02 1574274                    /usr/lib/x86_64-linux-gnu/libxcb.so.1.1.0
7f744255f000-7f744256d000 r-xp 00000000 08:02 1583953                    /usr/lib/x86_64-linux-gnu/libXi.so.6.1.0
7f744256d000-7f744276c000 ---p 0000e000 08:02 1583953                    /usr/lib/x86_64-linux-gnu/libXi.so.6.1.0
7f744276c000-7f744276d000 r--p 0000d000 08:02 1583953                    /usr/lib/x86_64-linux-gnu/libXi.so.6.1.0
7f744276d000-7f744276e000 rw-p 0000e000 08:02 1583953                    /usr/lib/x86_64-linux-gnu/libXi.so.6.1.0
7f744276e000-7f7442773000 r-xp 00000000 08:02 1580334                    /usr/lib/x86_64-linux-gnu/libXtst.so.6.1.0
7f7442773000-7f7442972000 ---p 00005000 08:02 1580334                    /usr/lib/x86_64-linux-gnu/libXtst.so.6.1.0
7f7442972000-7f7442973000 r--p 00004000 08:02 1580334                    /usr/lib/x86_64-linux-gnu/libXtst.so.6.1.0
7f7442973000-7f7442974000 rw-p 00005000 08:02 1580334                    /usr/lib/x86_64-linux-gnu/libXtst.so.6.1.0
7f7442974000-7f744297d000 r-xp 00000000 08:02 1578520                    /usr/lib/x86_64-linux-gnu/libXrender.so.1.3.0
7f744297d000-7f7442b7c000 ---p 00009000 08:02 1578520                    /usr/lib/x86_64-linux-gnu/libXrender.so.1.3.0
7f7442b7c000-7f7442b7d000 r--p 00008000 08:02 1578520                    /usr/lib/x86_64-linux-gnu/libXrender.so.1.3.0
7f7442b7d000-7f7442b7e000 rw-p 00009000 08:02 1578520                    /usr/lib/x86_64-linux-gnu/libXrender.so.1.3.0
7f7442b7e000-7f7442cb2000 r-xp 00000000 08:02 1578402                    /usr/lib/x86_64-linux-gnu/libX11.so.6.3.0
7f7442cb2000-7f7442eb2000 ---p 00134000 08:02 1578402                    /usr/lib/x86_64-linux-gnu/libX11.so.6.3.0
7f7442eb2000-7f7442eb3000 r--p 00134000 08:02 1578402                    /usr/lib/x86_64-linux-gnu/libX11.so.6.3.0
7f7442eb3000-7f7442eb8000 rw-p 00135000 08:02 1578402                    /usr/lib/x86_64-linux-gnu/libX11.so.6.3.0
7f7442eb8000-7f7442ec8000 r-xp 00000000 08:02 1583934                    /usr/lib/x86_64-linux-gnu/libXext.so.6.4.0
7f7442ec8000-7f74430c8000 ---p 00010000 08:02 1583934                    /usr/lib/x86_64-linux-gnu/libXext.so.6.4.0
7f74430c8000-7f74430c9000 r--p 00010000 08:02 1583934                    /usr/lib/x86_64-linux-gnu/libXext.so.6.4.0
7f74430c9000-7f74430ca000 rw-p 00011000 08:02 1583934                    /usr/lib/x86_64-linux-gnu/libXext.so.6.4.0
7f74430ca000-7f74430d3000 r--s 00000000 08:02 2366127                    /var/cache/fontconfig/6d41288fd70b0be22e8c3a91e032eec0-le64.cache-3
7f74430d3000-7f74430e3000 r--s 00000000 08:02 2361771                    /var/cache/fontconfig/04aabc0a78ac019cf9454389977116d2-le64.cache-3
7f74430e3000-7f74430e4000 r--s 00000000 08:02 2361069                    /var/cache/fontconfig/1ac9eb803944fde146138c791f5cc56a-le64.cache-3
7f74430e4000-7f74430e7000 r--s 00000000 08:02 2365023                    /var/cache/fontconfig/385c0604a188198f04d133e54aba7fe7-le64.cache-3
7f74430e7000-7f7443132000 r-xp 00000000 08:02 1708878                    /usr/lib/jvm/java-6-openjdk-amd64/jre/lib/amd64/xawt/libmawt.so
7f7443132000-7f7443332000 ---p 0004b000 08:02 1708878                    /usr/lib/jvm/java-6-openjdk-amd64/jre/lib/amd64/xawt/libmawt.so
7f7443332000-7f7443333000 r--p 0004b000 08:02 1708878                    /usr/lib/jvm/java-6-openjdk-amd64/jre/lib/amd64/xawt/libmawt.so
7f7443333000-7f7443336000 rw-p 0004c000 08:02 1708878                    /usr/lib/jvm/java-6-openjdk-amd64/jre/lib/amd64/xawt/libmawt.so
7f7443336000-7f7443337000 rw-p 00000000 00:00 0 
7f7443337000-7f74433e5000 r-xp 00000000 08:02 1575116                    /usr/lib/jvm/java-6-openjdk-amd64/jre/lib/amd64/libawt.so
7f74433e5000-7f74435e4000 ---p 000ae000 08:02 1575116                    /usr/lib/jvm/java-6-openjdk-amd64/jre/lib/amd64/libawt.so
7f74435e4000-7f74435e5000 r--p 000ad000 08:02 1575116                    /usr/lib/jvm/java-6-openjdk-amd64/jre/lib/amd64/libawt.so
7f74435e5000-7f74435f0000 rw-p 000ae000 08:02 1575116                    /usr/lib/jvm/java-6-openjdk-amd64/jre/lib/amd64/libawt.so
7f74435f0000-7f7443615000 rw-p 00000000 00:00 0 
7f7443615000-7f7443616000 ---p 00000000 00:00 0 
7f7443616000-7f7443716000 rw-p 00000000 00:00 0                          [stack:11957]
7f7443716000-7f7443719000 ---p 00000000 00:00 0 
7f7443719000-7f7443817000 rw-p 00000000 00:00 0                          [stack:11956]
7f7443817000-7f744381a000 ---p 00000000 00:00 0 
7f744381a000-7f7443918000 rw-p 00000000 00:00 0                          [stack:11955]
7f7443918000-7f7444000000 r--p 00000000 08:02 1579401                    /usr/lib/locale/locale-archive
7f7444000000-7f7444021000 rw-p 00000000 00:00 0 
7f7444021000-7f7448000000 ---p 00000000 00:00 0 
7f7448000000-7f7448021000 rw-p 00000000 00:00 0 
7f7448021000-7f744c000000 ---p 00000000 00:00 0 
7f744c000000-7f744c021000 rw-p 00000000 00:00 0 
7f744c021000-7f7450000000 ---p 00000000 00:00 0 
7f7450000000-7f7450001000 rw-s 78209000 00:05 9184                       /dev/nvidia0
7f7450001000-7f7450002000 rw-s f2060000 00:05 9184                       /dev/nvidia0
7f7450002000-7f7450003000 r--s 00000000 08:02 2361068                    /var/cache/fontconfig/dc05db6664285cc2f12bf69c139ae4c3-le64.cache-3
7f7450003000-7f7450005000 r--s 00000000 08:02 2361067                    /var/cache/fontconfig/767a8244fc0220cfb567a839d0392e0b-le64.cache-3
7f7450005000-7f7450006000 r--s 00000000 08:02 2362369                    /var/cache/fontconfig/4794a0821666d79190d59a36cb4f44b5-le64.cache-3
7f7450006000-7f7450009000 r--s 00000000 08:02 2361768                    /var/cache/fontconfig/8801497958630a81b71ace7c5f9b32a8-le64.cache-3
7f7450009000-7f7450037000 r--s 00000000 08:02 2364547                    /var/cache/fontconfig/365b55f210c0a22e9a19e35191240f32-le64.cache-3
7f7450037000-7f745003c000 r--s 00000000 08:02 2359476                    /var/cache/fontconfig/3047814df9a2f067bd2d96a2b9c36e5a-le64.cache-3
7f745003c000-7f745003d000 r--s 00000000 08:02 2364544                    /var/cache/fontconfig/56cf4f4769d0f4abc89a4895d7bd3ae1-le64.cache-3
7f745003d000-7f745003e000 r--s 00000000 08:02 2361767                    /var/cache/fontconfig/b9d506c9ac06c20b433354fa67a72993-le64.cache-3
7f745003e000-7f7450043000 r--s 00000000 08:02 2361766                    /var/cache/fontconfig/b47c4e1ecd0709278f4910c18777a504-le64.cache-3
7f7450043000-7f745004b000 r--s 00000000 08:02 2361769                    /var/cache/fontconfig/52f7bdb7ce746bfd7eaa1985bd9cfa93-le64.cache-3
7f745004b000-7f745004e000 r--s 00000000 08:02 2361065                    /var/cache/fontconfig/e49e89034d371f0f9de17aab02136486-le64.cache-3
7f745004e000-7f7450050000 r--s 00000000 08:02 2361066                    /var/cache/fontconfig/4b14b093aebc79c320de5e86ae1d3314-le64.cache-3
7f7450050000-7f7450061000 r--s 00000000 08:02 2364540                    /var/cache/fontconfig/d52a8644073d54c13679302ca1180695-le64.cache-3
7f7450061000-7f7450068000 r--s 00000000 08:02 2359398                    /var/cache/fontconfig/3f7329c5293ffd510edef78f73874cfd-le64.cache-3
7f7450068000-7f745006b000 r--s 00000000 08:02 2361184                    /var/cache/fontconfig/e13b20fdb08344e0e664864cc2ede53d-le64.cache-3
7f745006b000-7f745006f000 r--s 00000000 08:02 2361062                    /var/cache/fontconfig/7ef2298fde41cc6eeb7af42e48b7d293-le64.cache-3
7f745006f000-7f7450070000 r--s 00000000 08:02 2360001                    /var/cache/fontconfig/c05880de57d1f5e948fdfacc138775d9-le64.cache-3
7f7450070000-7f7450079000 r--s 00000000 08:02 2366149                    /var/cache/fontconfig/945677eb7aeaf62f1d50efc3fb3ec7d8-le64.cache-3
7f7450079000-7f745007d000 r--s 00000000 08:02 2361886                    /var/cache/fontconfig/99e8ed0e538f840c565b6ed5dad60d56-le64.cache-3
7f745007d000-7f7450085000 r--s 00000000 08:02 2361773                    /var/cache/fontconfig/a6d8cf8e4ec09cdbc8633c31745a07dd-le64.cache-3
7f7450085000-7f745008a000 r--s 00000000 08:02 2361883                    /var/cache/fontconfig/2cd17615ca594fa2959ae173292e504c-le64.cache-3
7f745008a000-7f745008b000 r--s 00000000 08:02 2366130                    /var/cache/fontconfig/e7071f4a29fa870f4323321c154eba04-le64.cache-3
7f745008b000-7f745008c000 r--s 00000000 08:02 2366129                    /var/cache/fontconfig/0d8c3b2ac0904cb8a57a757ad11a4a08-le64.cache-3
7f745008c000-7f7450092000 r--s 00000000 08:02 2366128                    /var/cache/fontconfig/a755afe4a08bf5b97852ceb7400b47bc-le64.cache-3
7f7450092000-7f745009b000 r--s 00000000 08:02 2366127                    /var/cache/fontconfig/6d41288fd70b0be22e8c3a91e032eec0-le64.cache-3
7f745009b000-7f74500ab000 r--s 00000000 08:02 2361771                    /var/cache/fontconfig/04aabc0a78ac019cf9454389977116d2-le64.cache-3
7f74500ab000-7f74500d9000 r--s 00000000 08:02 2364547                    /var/cache/fontconfig/365b55f210c0a22e9a19e35191240f32-le64.cache-3
7f74500d9000-7f74500dc000 ---p 00000000 00:00 0 
7f74500dc000-7f74501da000 rw-p 00000000 00:00 0                          [stack:11954]
7f74501da000-7f74501dd000 ---p 00000000 00:00 0 
7f74501dd000-7f74502db000 rw-p 00000000 00:00 0                          [stack:11953]
7f74502db000-7f74502de000 ---p 00000000 00:00 0 
7f74502de000-7f74503dc000 rw-p 00000000 00:00 0                          [stack:11952]
7f74503dc000-7f74503df000 ---p 00000000 00:00 0 
7f74503df000-7f74504dd000 rw-p 00000000 00:00 0                          [stack:11951]
7f74504dd000-7f74504de000 ---p 00000000 00:00 0 
7f74504de000-7f74508e1000 rw-p 00000000 00:00 0                          [stack:11950]
7f74508e1000-7f7450a72000 r--s 037d3000 08:02 1575094                    /usr/lib/jvm/java-6-openjdk-amd64/jre/lib/rt.jar
7f7450a72000-7f7450a73000 ---p 00000000 00:00 0 
7f7450a73000-7f7450b73000 rw-p 00000000 00:00 0                          [stack:11949]
7f7450b73000-7f7450b74000 ---p 00000000 00:00 0 
7f7450b74000-7f7450c89000 rw-p 00000000 00:00 0                          [stack:11946]
7f7450c89000-7f7450dbe000 rw-p 00000000 00:00 0 
7f7450dbe000-7f7450dc9000 rw-p 00000000 00:00 0 
7f7450dc9000-7f7450e11000 rw-p 00000000 00:00 0 
7f7450e11000-7f7450e26000 rw-p 00000000 00:00 0 
7f7450e26000-7f7450f5a000 rw-p 00000000 00:00 0 
7f7450f5a000-7f7450f65000 rw-p 00000000 00:00 0 
7f7450f65000-7f7450fff000 rw-p 00000000 00:00 0 
7f7450fff000-7f7451000000 rw-p 00000000 00:00 0 
7f7451000000-7f7451270000 rwxp 00000000 00:00 0 
7f7451270000-7f74542b4000 rw-p 00000000 00:00 0 
7f74542b4000-7f7458000000 ---p 00000000 00:00 0 
7f7458000000-7f7458001000 r--p 00000000 00:00 0 
7f7458001000-7f7458002000 r--s 00000000 08:02 2361064                    /var/cache/fontconfig/0c9eb80ebd1c36541ebe2852d3bb0c49-le64.cache-3
7f7458002000-7f7458003000 r--s 00000000 08:02 2361069                    /var/cache/fontconfig/1ac9eb803944fde146138c791f5cc56a-le64.cache-3
7f7458003000-7f7458006000 r--s 00000000 08:02 2365023                    /var/cache/fontconfig/385c0604a188198f04d133e54aba7fe7-le64.cache-3
7f7458006000-7f7458007000 r--s 00000000 08:02 2361068                    /var/cache/fontconfig/dc05db6664285cc2f12bf69c139ae4c3-le64.cache-3
7f7458007000-7f7458009000 r--s 00000000 08:02 2361067                    /var/cache/fontconfig/767a8244fc0220cfb567a839d0392e0b-le64.cache-3
7f7458009000-7f745800a000 r--s 00000000 08:02 2362369                    /var/cache/fontconfig/4794a0821666d79190d59a36cb4f44b5-le64.cache-3
7f745800a000-7f745800d000 r--s 00000000 08:02 2361768                    /var/cache/fontconfig/8801497958630a81b71ace7c5f9b32a8-le64.cache-3
7f745800d000-7f7458012000 r--s 00000000 08:02 2359476                    /var/cache/fontconfig/3047814df9a2f067bd2d96a2b9c36e5a-le64.cache-3
7f7458012000-7f7458013000 r--s 00000000 08:02 2364544                    /var/cache/fontconfig/56cf4f4769d0f4abc89a4895d7bd3ae1-le64.cache-3
7f7458013000-7f7458014000 r--s 00000000 08:02 2361767                    /var/cache/fontconfig/b9d506c9ac06c20b433354fa67a72993-le64.cache-3
7f7458014000-7f7458019000 r--s 00000000 08:02 2361766                    /var/cache/fontconfig/b47c4e1ecd0709278f4910c18777a504-le64.cache-3
7f7458019000-7f7458021000 r--s 00000000 08:02 2361769                    /var/cache/fontconfig/52f7bdb7ce746bfd7eaa1985bd9cfa93-le64.cache-3
7f7458021000-7f7458024000 r--s 00000000 08:02 2361065                    /var/cache/fontconfig/e49e89034d371f0f9de17aab02136486-le64.cache-3
7f7458024000-7f7458035000 r--s 00000000 08:02 2364540                    /var/cache/fontconfig/d52a8644073d54c13679302ca1180695-le64.cache-3
7f7458035000-7f745803b000 r--s 000fc000 08:02 1575065                    /usr/lib/jvm/java-6-openjdk-common/jre/lib/resources.jar
7f745803b000-7f745803d000 r--s 00012000 08:02 4587680                    /home/benjamin/Téléchargements/processing-2.0b7/lib/Shapes3d V2.1.3/library/Shapes3d.jar
7f745803d000-7f745803f000 r--s 00020000 08:02 1313439                    /home/benjamin/Téléchargements/processing-2.0b7/core/library/jogl-all-natives-windows-i586.jar
7f745803f000-7f7458040000 r--s 0001b000 08:02 1313449                    /home/benjamin/Téléchargements/processing-2.0b7/core/library/jogl-all-natives-windows-amd64.jar
7f7458040000-7f7458041000 r--s 00050000 08:02 1313437                    /home/benjamin/Téléchargements/processing-2.0b7/core/library/jogl-all-natives-macosx-universal.jar
7f7458041000-7f7458042000 r--s 00023000 08:02 1313445                    /home/benjamin/Téléchargements/processing-2.0b7/core/library/jogl-all-natives-linux-i586.jar
7f7458042000-7f7458043000 r--s 00023000 08:02 1313446                    /home/benjamin/Téléchargements/processing-2.0b7/core/library/jogl-all-natives-linux-amd64.jar
7f7458043000-7f745805f000 r--s 0048b000 08:02 1313442                    /home/benjamin/Téléchargements/processing-2.0b7/core/library/jogl-all.jar
7f745805f000-7f74580c5000 rw-p 00000000 00:00 0 
7f74580c5000-7f745810d000 rw-p 00000000 00:00 0 
7f745810d000-7f7458114000 r-xp 00000000 08:02 1575196                    /usr/lib/jvm/java-6-openjdk-amd64/jre/lib/amd64/libzip.so
7f7458114000-7f7458313000 ---p 00007000 08:02 1575196                    /usr/lib/jvm/java-6-openjdk-amd64/jre/lib/amd64/libzip.so
7f7458313000-7f7458314000 r--p 00006000 08:02 1575196                    /usr/lib/jvm/java-6-openjdk-amd64/jre/lib/amd64/libzip.so
7f7458314000-7f7458315000 rw-p 00007000 08:02 1575196                    /usr/lib/jvm/java-6-openjdk-amd64/jre/lib/amd64/libzip.so
7f7458315000-7f7458321000 r-xp 00000000 08:02 8530577                    /lib/x86_64-linux-gnu/libnss_files-2.15.so
7f7458321000-7f7458520000 ---p 0000c000 08:02 8530577                    /lib/x86_64-linux-gnu/libnss_files-2.15.so
7f7458520000-7f7458521000 r--p 0000b000 08:02 8530577                    /lib/x86_64-linux-gnu/libnss_files-2.15.so
7f7458521000-7f7458522000 rw-p 0000c000 08:02 8530577                    /lib/x86_64-linux-gnu/libnss_files-2.15.so
7f7458522000-7f745852c000 r-xp 00000000 08:02 8530573                    /lib/x86_64-linux-gnu/libnss_nis-2.15.so
7f745852c000-7f745872c000 ---p 0000a000 08:02 8530573                    /lib/x86_64-linux-gnu/libnss_nis-2.15.so
7f745872c000-7f745872d000 r--p 0000a000 08:02 8530573                    /lib/x86_64-linux-gnu/libnss_nis-2.15.so
7f745872d000-7f745872e000 rw-p 0000b000 08:02 8530573                    /lib/x86_64-linux-gnu/libnss_nis-2.15.so
7f745872e000-7f7458745000 r-xp 00000000 08:02 8530586                    /lib/x86_64-linux-gnu/libnsl-2.15.so
7f7458745000-7f7458944000 ---p 00017000 08:02 8530586                    /lib/x86_64-linux-gnu/libnsl-2.15.so
7f7458944000-7f7458945000 r--p 00016000 08:02 8530586                    /lib/x86_64-linux-gnu/libnsl-2.15.so
7f7458945000-7f7458946000 rw-p 00017000 08:02 8530586                    /lib/x86_64-linux-gnu/libnsl-2.15.so
7f7458946000-7f7458948000 rw-p 00000000 00:00 0 
7f7458948000-7f7458950000 r-xp 00000000 08:02 8530578                    /lib/x86_64-linux-gnu/libnss_compat-2.15.so
7f7458950000-7f7458b4f000 ---p 00008000 08:02 8530578                    /lib/x86_64-linux-gnu/libnss_compat-2.15.so
7f7458b4f000-7f7458b50000 r--p 00007000 08:02 8530578                    /lib/x86_64-linux-gnu/libnss_compat-2.15.so
7f7458b50000-7f7458b51000 rw-p 00008000 08:02 8530578                    /lib/x86_64-linux-gnu/libnss_compat-2.15.so
7f7458b51000-7f7458b7e000 r-xp 00000000 08:02 1575115                    /usr/lib/jvm/java-6-openjdk-amd64/jre/lib/amd64/libjava.so
7f7458b7e000-7f7458d7e000 ---p 0002d000 08:02 1575115                    /usr/lib/jvm/java-6-openjdk-amd64/jre/lib/amd64/libjava.so
7f7458d7e000-7f7458d7f000 r--p 0002d000 08:02 1575115                    /usr/lib/jvm/java-6-openjdk-amd64/jre/lib/amd64/libjava.so
7f7458d7f000-7f7458d82000 rw-p 0002e000 08:02 1575115                    /usr/lib/jvm/java-6-openjdk-amd64/jre/lib/amd64/libjava.so
7f7458d82000-7f7458d91000 r-xp 00000000 08:02 1575114                    /usr/lib/jvm/java-6-openjdk-amd64/jre/lib/amd64/libverify.so
7f7458d91000-7f7458f90000 ---p 0000f000 08:02 1575114                    /usr/lib/jvm/java-6-openjdk-amd64/jre/lib/amd64/libverify.so
7f7458f90000-7f7458f92000 r--p 0000e000 08:02 1575114                    /usr/lib/jvm/java-6-openjdk-amd64/jre/lib/amd64/libverify.so
7f7458f92000-7f7458f93000 rw-p 00010000 08:02 1575114                    /usr/lib/jvm/java-6-openjdk-amd64/jre/lib/amd64/libverify.so
7f7458f93000-7f7458f9a000 r-xp 00000000 08:02 8530571                    /lib/x86_64-linux-gnu/librt-2.15.so
7f7458f9a000-7f7459199000 ---p 00007000 08:02 8530571                    /lib/x86_64-linux-gnu/librt-2.15.so
7f7459199000-7f745919a000 r--p 00006000 08:02 8530571                    /lib/x86_64-linux-gnu/librt-2.15.so
7f745919a000-7f745919b000 rw-p 00007000 08:02 8530571                    /lib/x86_64-linux-gnu/librt-2.15.so
7f745919b000-7f74591b0000 r-xp 00000000 08:02 8526291                    /lib/x86_64-linux-gnu/libgcc_s.so.1
7f74591b0000-7f74593af000 ---p 00015000 08:02 8526291                    /lib/x86_64-linux-gnu/libgcc_s.so.1
7f74593af000-7f74593b0000 r--p 00014000 08:02 8526291                    /lib/x86_64-linux-gnu/libgcc_s.so.1
7f74593b0000-7f74593b1000 rw-p 00015000 08:02 8526291                    /lib/x86_64-linux-gnu/libgcc_s.so.1
7f74593b1000-7f74594ac000 r-xp 00000000 08:02 8530575                    /lib/x86_64-linux-gnu/libm-2.15.so
7f74594ac000-7f74596ab000 ---p 000fb000 08:02 8530575                    /lib/x86_64-linux-gnu/libm-2.15.so
7f74596ab000-7f74596ac000 r--p 000fa000 08:02 8530575                    /lib/x86_64-linux-gnu/libm-2.15.so
7f74596ac000-7f74596ad000 rw-p 000fb000 08:02 8530575                    /lib/x86_64-linux-gnu/libm-2.15.so
7f74596ad000-7f7459792000 r-xp 00000000 08:02 1578479                    /usr/lib/x86_64-linux-gnu/libstdc++.so.6.0.17
7f7459792000-7f7459991000 ---p 000e5000 08:02 1578479                    /usr/lib/x86_64-linux-gnu/libstdc++.so.6.0.17
7f7459991000-7f7459999000 r--p 000e4000 08:02 1578479                    /usr/lib/x86_64-linux-gnu/libstdc++.so.6.0.17
7f7459999000-7f745999b000 rw-p 000ec000 08:02 1578479                    /usr/lib/x86_64-linux-gnu/libstdc++.so.6.0.17
7f745999b000-7f74599b0000 rw-p 00000000 00:00 0 
7f74599b0000-7f745a2ce000 r-xp 00000000 08:02 1575119                    /usr/lib/jvm/java-6-openjdk-amd64/jre/lib/amd64/server/libjvm.so
7f745a2ce000-7f745a4ce000 ---p 0091e000 08:02 1575119                    /usr/lib/jvm/java-6-openjdk-amd64/jre/lib/amd64/server/libjvm.so
7f745a4ce000-7f745a54e000 r--p 0091e000 08:02 1575119                    /usr/lib/jvm/java-6-openjdk-amd64/jre/lib/amd64/server/libjvm.so
7f745a54e000-7f745a569000 rw-p 0099e000 08:02 1575119                    /usr/lib/jvm/java-6-openjdk-amd64/jre/lib/amd64/server/libjvm.so
7f745a569000-7f745a592000 rw-p 00000000 00:00 0 
7f745a592000-7f745a5a8000 r-xp 00000000 08:02 8519896                    /lib/x86_64-linux-gnu/libz.so.1.2.7
7f745a5a8000-7f745a7a7000 ---p 00016000 08:02 8519896                    /lib/x86_64-linux-gnu/libz.so.1.2.7
7f745a7a7000-7f745a7a8000 r--p 00015000 08:02 8519896                    /lib/x86_64-linux-gnu/libz.so.1.2.7
7f745a7a8000-7f745a7a9000 rw-p 00016000 08:02 8519896                    /lib/x86_64-linux-gnu/libz.so.1.2.7
7f745a7a9000-7f745a95e000 r-xp 00000000 08:02 8530567                    /lib/x86_64-linux-gnu/libc-2.15.so
7f745a95e000-7f745ab5d000 ---p 001b5000 08:02 8530567                    /lib/x86_64-linux-gnu/libc-2.15.so
7f745ab5d000-7f745ab61000 r--p 001b4000 08:02 8530567                    /lib/x86_64-linux-gnu/libc-2.15.so
7f745ab61000-7f745ab63000 rw-p 001b8000 08:02 8530567                    /lib/x86_64-linux-gnu/libc-2.15.so
7f745ab63000-7f745ab68000 rw-p 00000000 00:00 0 
7f745ab68000-7f745ab6a000 r-xp 00000000 08:02 8528762                    /lib/x86_64-linux-gnu/libdl-2.15.so
7f745ab6a000-7f745ad6a000 ---p 00002000 08:02 8528762                    /lib/x86_64-linux-gnu/libdl-2.15.so
7f745ad6a000-7f745ad6b000 r--p 00002000 08:02 8528762                    /lib/x86_64-linux-gnu/libdl-2.15.so
7f745ad6b000-7f745ad6c000 rw-p 00003000 08:02 8528762                    /lib/x86_64-linux-gnu/libdl-2.15.so
7f745ad6c000-7f745ad70000 r-xp 00000000 08:02 1575099                    /usr/lib/jvm/java-6-openjdk-amd64/jre/lib/amd64/jli/libjli.so
7f745ad70000-7f745af6f000 ---p 00004000 08:02 1575099                    /usr/lib/jvm/java-6-openjdk-amd64/jre/lib/amd64/jli/libjli.so
7f745af6f000-7f745af70000 r--p 00003000 08:02 1575099                    /usr/lib/jvm/java-6-openjdk-amd64/jre/lib/amd64/jli/libjli.so
7f745af70000-7f745af71000 rw-p 00004000 08:02 1575099                    /usr/lib/jvm/java-6-openjdk-amd64/jre/lib/amd64/jli/libjli.so
7f745af71000-7f745af89000 r-xp 00000000 08:02 8530569                    /lib/x86_64-linux-gnu/libpthread-2.15.so
7f745af89000-7f745b188000 ---p 00018000 08:02 8530569                    /lib/x86_64-linux-gnu/libpthread-2.15.so
7f745b188000-7f745b189000 r--p 00017000 08:02 8530569                    /lib/x86_64-linux-gnu/libpthread-2.15.so
7f745b189000-7f745b18a000 rw-p 00018000 08:02 8530569                    /lib/x86_64-linux-gnu/libpthread-2.15.so
7f745b18a000-7f745b18e000 rw-p 00000000 00:00 0 
7f745b18e000-7f745b1b0000 r-xp 00000000 08:02 8530581                    /lib/x86_64-linux-gnu/ld-2.15.so
7f745b1b0000-7f745b1b2000 r--s 00000000 08:02 2361066                    /var/cache/fontconfig/4b14b093aebc79c320de5e86ae1d3314-le64.cache-3
7f745b1b2000-7f745b1b9000 r--s 00000000 08:02 2359398                    /var/cache/fontconfig/3f7329c5293ffd510edef78f73874cfd-le64.cache-3
7f745b1b9000-7f745b1ba000 r--s 00000000 08:02 2361064                    /var/cache/fontconfig/0c9eb80ebd1c36541ebe2852d3bb0c49-le64.cache-3
7f745b1ba000-7f745b1bd000 r--s 00000000 08:02 2361184                    /var/cache/fontconfig/e13b20fdb08344e0e664864cc2ede53d-le64.cache-3
7f745b1bd000-7f745b1c1000 r--s 00000000 08:02 2361062                    /var/cache/fontconfig/7ef2298fde41cc6eeb7af42e48b7d293-le64.cache-3
7f745b1c1000-7f745b1c2000 r--s 00001000 08:02 1313441                    /home/benjamin/Téléchargements/processing-2.0b7/core/library/gluegen-rt-natives-windows-i586.jar
7f745b1c2000-7f745b1c3000 r--s 00001000 08:02 1313448                    /home/benjamin/Téléchargements/processing-2.0b7/core/library/gluegen-rt-natives-windows-amd64.jar
7f745b1c3000-7f745b1c4000 r--s 00000000 08:02 1313447                    /home/benjamin/Téléchargements/processing-2.0b7/core/library/gluegen-rt-natives-macosx-universal.jar
7f745b1c4000-7f745b1c5000 r--s 00000000 08:02 1313440                    /home/benjamin/Téléchargements/processing-2.0b7/core/library/gluegen-rt-natives-linux-i586.jar
7f745b1c5000-7f745b1c6000 r--s 00000000 08:02 1313443                    /home/benjamin/Téléchargements/processing-2.0b7/core/library/gluegen-rt-natives-linux-amd64.jar
7f745b1c6000-7f745b1cb000 r--s 00030000 08:02 1313444                    /home/benjamin/Téléchargements/processing-2.0b7/core/library/gluegen-rt.jar
7f745b1cb000-7f745b1d5000 rw-p 00000000 00:00 0 
7f745b1d5000-7f745b28b000 rw-p 00000000 00:00 0 
7f745b28b000-7f745b28e000 ---p 00000000 00:00 0 
7f745b28e000-7f745b391000 rw-p 00000000 00:00 0                          [stack:11943]
7f745b391000-7f745b394000 r--s 00077000 08:02 1313450                    /home/benjamin/Téléchargements/processing-2.0b7/core/library/core.jar
7f745b394000-7f745b398000 r--s 00039000 08:02 1575043                    /usr/lib/jvm/java-6-openjdk-common/jre/lib/ext/sunpkcs11.jar
7f745b398000-7f745b39a000 r--s 00001000 08:02 1575049                    /usr/lib/jvm/java-6-openjdk-common/jre/lib/ext/dnsns.jar
7f745b39a000-7f745b39d000 r--s 00077000 08:02 1575045                    /usr/lib/jvm/java-6-openjdk-common/jre/lib/ext/localedata.jar
7f745b39d000-7f745b39f000 r--s 00006000 08:02 1847019                    /usr/share/java/java-atk-wrapper.jar
7f745b39f000-7f745b3a2000 r--s 00031000 08:02 1575047                    /usr/lib/jvm/java-6-openjdk-common/jre/lib/ext/sunjce_provider.jar
7f745b3a2000-7f745b3a4000 r--s 0000f000 08:02 1575051                    /usr/lib/jvm/java-6-openjdk-common/jre/lib/ext/pulse-java.jar
7f745b3a4000-7f745b3ac000 rw-s 00000000 08:02 3151446                    /tmp/hsperfdata_benjamin/11941
7f745b3ac000-7f745b3ad000 rw-p 00000000 00:00 0 
7f745b3ad000-7f745b3ae000 r--p 00000000 00:00 0 
7f745b3ae000-7f745b3b0000 rw-p 00000000 00:00 0 
7f745b3b0000-7f745b3b1000 r--p 00022000 08:02 8530581                    /lib/x86_64-linux-gnu/ld-2.15.so
7f745b3b1000-7f745b3b3000 rw-p 00023000 08:02 8530581                    /lib/x86_64-linux-gnu/ld-2.15.so
7fff1f481000-7fff1f4a3000 rw-p 00000000 00:00 0                          [stack]
7fff1f51b000-7fff1f51c000 r-xp 00000000 00:00 0                          [vdso]
ffffffffff600000-ffffffffff601000 r-xp 00000000 00:00 0                  [vsyscall]

VM Arguments:
jvm_args: -Djava.security.policy=java.policy.applet -Dfile.encoding=UTF-8 
java_command: sun.applet.AppletViewer Test1361808725438.html
Launcher Type: SUN_STANDARD

Environment Variables:
PATH=/usr/lib/lightdm/lightdm:/usr/local/sbin:/usr/local/bin:/usr/sbin:/usr/bin:/sbin:/bin:/usr/games:/usr/local/games:/home/benjamin/commandes/
LD_LIBRARY_PATH=/usr/lib/jvm/java-6-openjdk-amd64/jre/lib/amd64/server:/usr/lib/jvm/java-6-openjdk-amd64/jre/lib/amd64:/usr/lib/jvm/java-6-openjdk-amd64/jre/../lib/amd64
SHELL=/bin/bash
DISPLAY=:0.0

Signal Handlers:
SIGSEGV: [libjvm.so+0x798890], sa_mask[0]=0x7ffbfeff, sa_flags=0x10000004
SIGBUS: [libjvm.so+0x798890], sa_mask[0]=0x7ffbfeff, sa_flags=0x10000004
SIGFPE: [libjvm.so+0x65f730], sa_mask[0]=0x7ffbfeff, sa_flags=0x10000004
SIGPIPE: [libjvm.so+0x65f730], sa_mask[0]=0x7ffbfeff, sa_flags=0x10000004
SIGXFSZ: [libjvm.so+0x65f730], sa_mask[0]=0x7ffbfeff, sa_flags=0x10000004
SIGILL: [libjvm.so+0x65f730], sa_mask[0]=0x7ffbfeff, sa_flags=0x10000004
SIGUSR1: SIG_DFL, sa_mask[0]=0x00000000, sa_flags=0x00000000
SIGUSR2: [libjvm.so+0x65f8f0], sa_mask[0]=0x00000004, sa_flags=0x10000004
SIGHUP: [libjvm.so+0x662250], sa_mask[0]=0x7ffbfeff, sa_flags=0x10000004
SIGINT: [libjvm.so+0x662250], sa_mask[0]=0x7ffbfeff, sa_flags=0x10000004
SIGTERM: [libjvm.so+0x662250], sa_mask[0]=0x7ffbfeff, sa_flags=0x10000004
SIGQUIT: [libjvm.so+0x662250], sa_mask[0]=0x7ffbfeff, sa_flags=0x10000004


---------------  S Y S T E M  ---------------

OS:Ubuntu 12.10 (quantal)
uname:Linux 3.5.0-24-generic #37-Ubuntu SMP Thu Feb 7 01:50:30 UTC 2013 x86_64
libc:glibc 2.15 NPTL 2.15 
rlimit: STACK 8192k, CORE 0k, NPROC 31455, NOFILE 4096, AS infinity
load average:0.70 0.69 0.68

/proc/meminfo:
MemTotal:        4044808 kB
MemFree:         1127128 kB
Buffers:           81296 kB
Cached:           703920 kB
SwapCached:         4368 kB
Active:          1614824 kB
Inactive:        1038748 kB
Active(anon):    1202972 kB
Inactive(anon):   674072 kB
Active(file):     411852 kB
Inactive(file):   364676 kB
Unevictable:       31408 kB
Mlocked:           31408 kB
SwapTotal:        498684 kB
SwapFree:         490088 kB
Dirty:              1084 kB
Writeback:             0 kB
AnonPages:       1896720 kB
Mapped:           218340 kB
Shmem:              2860 kB
Slab:              90588 kB
SReclaimable:      59092 kB
SUnreclaim:        31496 kB
KernelStack:        4384 kB
PageTables:        44760 kB
NFS_Unstable:          0 kB
Bounce:                0 kB
WritebackTmp:          0 kB
CommitLimit:     2521088 kB
Committed_AS:    5422464 kB
VmallocTotal:   34359738367 kB
VmallocUsed:      315960 kB
VmallocChunk:   34359406588 kB
HardwareCorrupted:     0 kB
AnonHugePages:         0 kB
HugePages_Total:       0
HugePages_Free:        0
HugePages_Rsvd:        0
HugePages_Surp:        0
Hugepagesize:       2048 kB
DirectMap4k:      366592 kB
DirectMap2M:     3825664 kB


CPU:total 2 (2 cores per cpu, 1 threads per core) family 6 model 23 stepping 10, cmov, cx8, fxsr, mmx, sse, sse2, sse3, ssse3, sse4.1

Memory: 4k page, physical 4044808k(1127128k free), swap 498684k(490088k free)

vm_info: OpenJDK 64-Bit Server VM (20.0-b12) for linux-amd64 JRE (1.6.0_27-b27), built on Feb  8 2013 03:54:15 by "buildd" with gcc 4.7.2

time: Mon Feb 25 17:12:14 2013
elapsed time: 9 seconds

