#
# A fatal error has been detected by the Java Runtime Environment:
#
#  SIGSEGV (0xb) at pc=0x00007f3d1a99d309, pid=11735, tid=139900436317952
#
# JRE version: 6.0_27-b27
# Java VM: OpenJDK 64-Bit Server VM (20.0-b12 mixed mode linux-amd64 compressed oops)
# Derivative: IcedTea6 1.12.1
# Distribution: Ubuntu 12.10, package 6b27-1.12.1-2ubuntu0.12.10.2
# Problematic frame:
# C  [libGL.so.1+0x2fa309]  glDeleteBuffers+0x9
#
# If you would like to submit a bug report, please include
# instructions how to reproduce the bug and visit:
#   https://bugs.launchpad.net/ubuntu/+source/openjdk-6/
# The crash happened outside the Java Virtual Machine in native code.
# See problematic frame for where to report the bug.
#

---------------  T H R E A D  ---------------

Current thread (0x00007f3d4c334000):  JavaThread "thread applet-Test.class" [_thread_in_native, id=11754, stack(0x00007f3d1bbf8000,0x00007f3d1bcf9000)]

siginfo:si_signo=SIGSEGV: si_errno=0, si_code=1 (SEGV_MAPERR), si_addr=0x0000000000000ee0

Registers:
RAX=0x0000000000000000, RBX=0x00000000b8d27f90, RCX=0x00007f3d1a99d300, RDX=0x00000000eb970868
RSP=0x00007f3d1bcf7658, RBP=0x00007f3d1bcf76a0, RSI=0x00000000eb970868, RDI=0x0000000000000001
R8 =0x00007f3d54912aa0, R9 =0x0000000000000000, R10=0x00007f3d49010d3b, R11=0x00007f3d54b198e0
R12=0x0000000000000000, R13=0x00000000b8d27f90, R14=0x00007f3d1bcf7778, R15=0x00007f3d4c334000
RIP=0x00007f3d1a99d309, EFLAGS=0x0000000000010202, CSGSFS=0x0000000000000033, ERR=0x0000000000000004
  TRAPNO=0x000000000000000e

Top of Stack: (sp=0x00007f3d1bcf7658)
0x00007f3d1bcf7658:   00007f3d0bdb113c 00007f3d1bcf7700
0x00007f3d1bcf7668:   00000000000000b5 00007f3d1bcf7768
0x00007f3d1bcf7678:   0000000100000000 00007f3d1bcf7778
0x00007f3d1bcf7688:   00007f3d4c3341d0 00000000eb970868
0x00007f3d1bcf7698:   00007f3d1a99d300 00007f3d1bcf7728
0x00007f3d1bcf76a8:   00007f3d49010d68 00007f3d1a99d300
0x00007f3d1bcf76b8:   00007f3d30078788 00007f3dfffffffe
0x00007f3d1bcf76c8:   0000000000000594 00007f3d1bcf7748
0x00007f3d1bcf76d8:   00007f3d4901ba83 00007f3d49004dd0
0x00007f3d1bcf76e8:   00007f3d1bcf76e8 00000000b8d27f90
0x00007f3d1bcf76f8:   00007f3d1bcf7778 00000000b8f21048
0x00007f3d1bcf7708:   0000000000000000 00000000b8d27f90
0x00007f3d1bcf7718:   0000000000000000 00007f3d1bcf7748
0x00007f3d1bcf7728:   00007f3d1bcf77c0 00007f3d4900585a
0x00007f3d1bcf7738:   0000000000000000 00007f3d4900df58
0x00007f3d1bcf7748:   00007f3d1a99d300 00007f3d1bcf77f8
0x00007f3d1bcf7758:   0000000000000000 0000000000000000
0x00007f3d1bcf7768:   00000000eb970858 0000000000000001
0x00007f3d1bcf7778:   00000000eca1dab0 00007f3d1bcf7780
0x00007f3d1bcf7788:   00000000b8d280dd 00007f3d1bcf77f8
0x00007f3d1bcf7798:   00000000b8f21048 0000000000000000
0x00007f3d1bcf77a8:   00000000b8d280f0 00007f3d1bcf7748
0x00007f3d1bcf77b8:   00007f3d1bcf77e0 00007f3d1bcf7840
0x00007f3d1bcf77c8:   00007f3d49005d34 00007f3d1a99d300
0x00007f3d1bcf77d8:   0000000000000000 0000000000000000
0x00007f3d1bcf77e8:   00000000eb970858 0000000000000001
0x00007f3d1bcf77f8:   00000000eca1dab0 00007f3d1bcf7800
0x00007f3d1bcf7808:   00000000b88f7356 00007f3d1bcf7868
0x00007f3d1bcf7818:   00000000b8a55690 0000000000000000
0x00007f3d1bcf7828:   00000000b88f7398 00007f3d1bcf77e0
0x00007f3d1bcf7838:   00007f3d1bcf7850 00007f3d1bcf78b0
0x00007f3d1bcf7848:   00007f3d4900585a 0000000000000000 

Instructions: (pc=0x00007f3d1a99d309)
0x00007f3d1a99d2e9:   ff a0 d8 0e 00 00 cc cc cc cc cc cc cc cc cc cc
0x00007f3d1a99d2f9:   cc cc cc cc cc cc cc 64 48 8b 04 25 80 ff ff ff
0x00007f3d1a99d309:   ff a0 e0 0e 00 00 cc cc cc cc cc cc cc cc cc cc
0x00007f3d1a99d319:   cc cc cc cc cc cc cc 64 48 8b 04 25 80 ff ff ff 

Register to memory mapping:

RAX=0x0000000000000000 is an unknown value
RBX=0x00000000b8d27f90 is an oop
{method} 
 - klass: {other class}
RCX=0x00007f3d1a99d300: glDeleteBuffers+0 in /usr/lib/nvidia-current/libGL.so.1 at 0x00007f3d1a6a3000
RDX=0x00000000eb970868 is an unknown value
RSP=0x00007f3d1bcf7658 is pointing into the stack for thread: 0x00007f3d4c334000
RBP=0x00007f3d1bcf76a0 is pointing into the stack for thread: 0x00007f3d4c334000
RSI=0x00000000eb970868 is an unknown value
RDI=0x0000000000000001 is an unknown value
R8 =0x00007f3d54912aa0: <offset 0x4d1aa0> in /usr/lib/jvm/java-6-openjdk-amd64/jre/lib/amd64/server/libjvm.so at 0x00007f3d54441000
R9 =0x0000000000000000 is an unknown value
R10=0x00007f3d49010d3b is an Interpreter codelet
method entry point (kind = native)  [0x00007f3d49010ae0, 0x00007f3d49011320]  2112 bytes
R11=0x00007f3d54b198e0: <offset 0x6d88e0> in /usr/lib/jvm/java-6-openjdk-amd64/jre/lib/amd64/server/libjvm.so at 0x00007f3d54441000
R12=0x0000000000000000 is an unknown value
R13=0x00000000b8d27f90 is an oop
{method} 
 - klass: {other class}
R14=0x00007f3d1bcf7778 is pointing into the stack for thread: 0x00007f3d4c334000
R15=0x00007f3d4c334000 is a thread


Stack: [0x00007f3d1bbf8000,0x00007f3d1bcf9000],  sp=0x00007f3d1bcf7658,  free space=1021k
Native frames: (J=compiled Java code, j=interpreted, Vv=VM code, C=native code)
C  [libGL.so.1+0x2fa309]  glDeleteBuffers+0x9
j  jogamp.opengl.gl4.GL4bcImpl.dispatch_glDeleteBuffers1(ILjava/lang/Object;IZJ)V+0
j  jogamp.opengl.gl4.GL4bcImpl.glDeleteBuffers(I[II)V+101
j  processing.opengl.PGL.deleteBuffers(I[II)V+6
j  processing.opengl.PGraphicsOpenGL.deleteVertexBufferObject(II)V+38
j  processing.opengl.PGraphicsOpenGL.deletePolyBuffers()V+19
j  processing.opengl.PGraphicsOpenGL.dispose()V+9
j  processing.core.PApplet.dispose()V+28
j  processing.core.PApplet.destroy()V+1
j  sun.applet.AppletPanel.run()V+562
j  java.lang.Thread.run()V+11
v  ~StubRoutines::call_stub
V  [libjvm.so+0x4bcdf7]  JavaCalls::call_helper(JavaValue*, methodHandle*, JavaCallArguments*, Thread*)+0x2a7
V  [libjvm.so+0x4bc215]  JavaCalls::call(JavaValue*, methodHandle, JavaCallArguments*, Thread*)+0x25
V  [libjvm.so+0x4bc702]  JavaCalls::call_virtual(JavaValue*, KlassHandle, symbolHandle, symbolHandle, JavaCallArguments*, Thread*)+0x1b2
V  [libjvm.so+0x4bc82f]  JavaCalls::call_virtual(JavaValue*, Handle, KlassHandle, symbolHandle, symbolHandle, Thread*)+0x4f
V  [libjvm.so+0x4f190f]  thread_entry(JavaThread*, Thread*)+0xaf
V  [libjvm.so+0x75f708]  JavaThread::thread_main_inner()+0x58
V  [libjvm.so+0x662e1a]  java_start(Thread*)+0xda

Java frames: (J=compiled Java code, j=interpreted, Vv=VM code)
j  jogamp.opengl.gl4.GL4bcImpl.dispatch_glDeleteBuffers1(ILjava/lang/Object;IZJ)V+0
j  jogamp.opengl.gl4.GL4bcImpl.glDeleteBuffers(I[II)V+101
j  processing.opengl.PGL.deleteBuffers(I[II)V+6
j  processing.opengl.PGraphicsOpenGL.deleteVertexBufferObject(II)V+38
j  processing.opengl.PGraphicsOpenGL.deletePolyBuffers()V+19
j  processing.opengl.PGraphicsOpenGL.dispose()V+9
j  processing.core.PApplet.dispose()V+28
j  processing.core.PApplet.destroy()V+1
j  sun.applet.AppletPanel.run()V+562
j  java.lang.Thread.run()V+11
v  ~StubRoutines::call_stub

---------------  P R O C E S S  ---------------

Java Threads: ( => current thread )
  0x00007f3d0c013800 JavaThread "Thread-6" [_thread_blocked, id=11773, stack(0x00007f3d0af54000,0x00007f3d0b055000)]
  0x00007f3d10028800 JavaThread "Animation Thread-Display-.x11_:0.0-1-EDT-1" daemon [_thread_blocked, id=11772, stack(0x00007f3d0b33c000,0x00007f3d0b43d000)]
  0x00007f3d10051000 JavaThread "Animation Thread-SharedResourceRunner" daemon [_thread_blocked, id=11771, stack(0x00007f3d1b3d5000,0x00007f3d1b4d6000)]
  0x00007f3d0c01b800 JavaThread "Animation Thread" [_thread_in_native, id=11760, stack(0x00007f3d1b5d7000,0x00007f3d1b6d8000)]
  0x00007f3d1400a800 JavaThread "AWT-EventQueue-1" [_thread_blocked, id=11759, stack(0x00007f3d1b4d6000,0x00007f3d1b5d7000)]
  0x00007f3d4c008800 JavaThread "DestroyJavaVM" [_thread_blocked, id=11737, stack(0x00007f3d55d1c000,0x00007f3d55e1d000)]
  0x00007f3d4c33c000 JavaThread "AWT-EventQueue-0" [_thread_blocked, id=11756, stack(0x00007f3d1baf7000,0x00007f3d1bbf8000)]
  0x00007f3d4c34c800 JavaThread "AWT-Shutdown" [_thread_blocked, id=11755, stack(0x00007f3d1bcf9000,0x00007f3d1bdfa000)]
=>0x00007f3d4c334000 JavaThread "thread applet-Test.class" [_thread_in_native, id=11754, stack(0x00007f3d1bbf8000,0x00007f3d1bcf9000)]
  0x00007f3d4c324000 JavaThread "AWT-XAWT" daemon [_thread_in_native, id=11752, stack(0x00007f3d480f0000,0x00007f3d481f1000)]
  0x00007f3d4c296800 JavaThread "Java2D Disposer" daemon [_thread_blocked, id=11751, stack(0x00007f3d5001a000,0x00007f3d5011b000)]
  0x00007f3d4c09a800 JavaThread "Low Memory Detector" daemon [_thread_blocked, id=11749, stack(0x00007f3d512df000,0x00007f3d513e0000)]
  0x00007f3d4c098800 JavaThread "C2 CompilerThread1" daemon [_thread_blocked, id=11748, stack(0x00007f3d513e0000,0x00007f3d514e1000)]
  0x00007f3d4c095800 JavaThread "C2 CompilerThread0" daemon [_thread_blocked, id=11747, stack(0x00007f3d514e1000,0x00007f3d515e2000)]
  0x00007f3d4c087000 JavaThread "Signal Dispatcher" daemon [_thread_blocked, id=11746, stack(0x00007f3d515e2000,0x00007f3d516e3000)]
  0x00007f3d4c075000 JavaThread "Finalizer" daemon [_thread_blocked, id=11745, stack(0x00007f3d51dcb000,0x00007f3d51ecc000)]
  0x00007f3d4c073000 JavaThread "Reference Handler" daemon [_thread_blocked, id=11744, stack(0x00007f3d51ecc000,0x00007f3d51fcd000)]

Other Threads:
  0x00007f3d4c06e000 VMThread [stack: 0x00007f3d51fcd000,0x00007f3d520ce000] [id=11743]
  0x00007f3d4c09d000 WatcherThread [stack: 0x00007f3d511de000,0x00007f3d512df000] [id=11750]

VM state:not at safepoint (normal execution)

VM Mutex/Monitor currently owned by a thread: None

Heap
 PSYoungGen      total 18432K, used 5595K [0x00000000eb6b0000, 0x00000000ecb40000, 0x0000000100000000)
  eden space 15808K, 18% used [0x00000000eb6b0000,0x00000000eb998fa8,0x00000000ec620000)
  from space 2624K, 99% used [0x00000000ec8b0000,0x00000000ecb3de50,0x00000000ecb40000)
  to   space 2624K, 0% used [0x00000000ec620000,0x00000000ec620000,0x00000000ec8b0000)
 PSOldGen        total 42176K, used 88K [0x00000000c2400000, 0x00000000c4d30000, 0x00000000eb6b0000)
  object space 42176K, 0% used [0x00000000c2400000,0x00000000c2416000,0x00000000c4d30000)
 PSPermGen       total 21248K, used 20756K [0x00000000b7e00000, 0x00000000b92c0000, 0x00000000c2400000)
  object space 21248K, 97% used [0x00000000b7e00000,0x00000000b9245330,0x00000000b92c0000)

Code Cache  [0x00007f3d49000000, 0x00007f3d49270000, 0x00007f3d4c000000)
 total_blobs=981 nmethods=186 adapters=749 free_code_cache=49251136 largest_free_block=11648

Dynamic libraries:
00400000-00409000 r-xp 00000000 08:02 1708375                            /usr/lib/jvm/java-6-openjdk-amd64/jre/bin/java
00608000-00609000 r--p 00008000 08:02 1708375                            /usr/lib/jvm/java-6-openjdk-amd64/jre/bin/java
00609000-0060a000 rw-p 00009000 08:02 1708375                            /usr/lib/jvm/java-6-openjdk-amd64/jre/bin/java
01e99000-01ede000 rw-p 00000000 00:00 0                                  [heap]
41168000-4116a000 r-xs 00000000 08:02 1048584                            /tmp/glzzbi14 (deleted)
41c1d000-41c9b000 rw-p 00000000 00:00 0 
41f33000-41fb1000 rw-p 00000000 00:00 0 
b7e00000-b92c0000 rw-p 00000000 00:00 0 
b92c0000-c2400000 rw-p 00000000 00:00 0 
c2400000-c4d30000 rw-p 00000000 00:00 0 
c4d30000-eb6b0000 rw-p 00000000 00:00 0 
eb6b0000-ecb40000 rw-p 00000000 00:00 0 
ecb40000-100000000 rw-p 00000000 00:00 0 
7f3d0af54000-7f3d0af57000 ---p 00000000 00:00 0 
7f3d0af57000-7f3d0b055000 rw-p 00000000 00:00 0                          [stack:11773]
7f3d0b055000-7f3d0b05c000 r--s 00000000 08:02 1839534                    /usr/lib/x86_64-linux-gnu/gconv/gconv-modules.cache
7f3d0b05c000-7f3d0b0dc000 rw-s 35748000 00:05 9184                       /dev/nvidia0
7f3d0b0dc000-7f3d0b1dc000 rw-s 6e770000 00:05 9184                       /dev/nvidia0
7f3d0b1dc000-7f3d0b21c000 rw-s 0806a000 00:05 9184                       /dev/nvidia0
7f3d0b23c000-7f3d0b33c000 rw-s 6f549000 00:05 9184                       /dev/nvidia0
7f3d0b33c000-7f3d0b33f000 ---p 00000000 00:00 0 
7f3d0b33f000-7f3d0b43d000 rw-p 00000000 00:00 0                          [stack:11772]
7f3d0b43d000-7f3d0b446000 r-xp 00000000 08:02 1583959                    /usr/lib/x86_64-linux-gnu/libXrandr.so.2.2.0
7f3d0b446000-7f3d0b645000 ---p 00009000 08:02 1583959                    /usr/lib/x86_64-linux-gnu/libXrandr.so.2.2.0
7f3d0b645000-7f3d0b646000 r--p 00008000 08:02 1583959                    /usr/lib/x86_64-linux-gnu/libXrandr.so.2.2.0
7f3d0b646000-7f3d0b647000 rw-p 00009000 08:02 1583959                    /usr/lib/x86_64-linux-gnu/libXrandr.so.2.2.0
7f3d0b664000-7f3d0b66e000 r-xp 00000000 08:02 4587576                    /tmp/jogamp_0000/file_cache/jln2275282550743817494/jln6968067454766640241/libnewt.so
7f3d0b66e000-7f3d0b86e000 ---p 0000a000 08:02 4587576                    /tmp/jogamp_0000/file_cache/jln2275282550743817494/jln6968067454766640241/libnewt.so
7f3d0b86e000-7f3d0b86f000 r--p 0000a000 08:02 4587576                    /tmp/jogamp_0000/file_cache/jln2275282550743817494/jln6968067454766640241/libnewt.so
7f3d0b86f000-7f3d0b870000 rw-p 0000b000 08:02 4587576                    /tmp/jogamp_0000/file_cache/jln2275282550743817494/jln6968067454766640241/libnewt.so
7f3d0b870000-7f3d0ba70000 rw-s 551e3000 00:05 9184                       /dev/nvidia0
7f3d0ba70000-7f3d0bb70000 rw-s 6e016000 00:05 9184                       /dev/nvidia0
7f3d0bb70000-7f3d0bb72000 r-xp 00000000 08:02 1583942                    /usr/lib/x86_64-linux-gnu/libXinerama.so.1.0.0
7f3d0bb72000-7f3d0bd71000 ---p 00002000 08:02 1583942                    /usr/lib/x86_64-linux-gnu/libXinerama.so.1.0.0
7f3d0bd71000-7f3d0bd72000 r--p 00001000 08:02 1583942                    /usr/lib/x86_64-linux-gnu/libXinerama.so.1.0.0
7f3d0bd72000-7f3d0bd73000 rw-p 00002000 08:02 1583942                    /usr/lib/x86_64-linux-gnu/libXinerama.so.1.0.0
7f3d0bd73000-7f3d0bdff000 r-xp 00000000 08:02 4587568                    /tmp/jogamp_0000/file_cache/jln2275282550743817494/jln6968067454766640241/libjogl_desktop.so
7f3d0bdff000-7f3d0bffe000 ---p 0008c000 08:02 4587568                    /tmp/jogamp_0000/file_cache/jln2275282550743817494/jln6968067454766640241/libjogl_desktop.so
7f3d0bffe000-7f3d0bfff000 r--p 0008b000 08:02 4587568                    /tmp/jogamp_0000/file_cache/jln2275282550743817494/jln6968067454766640241/libjogl_desktop.so
7f3d0bfff000-7f3d0c000000 rw-p 0008c000 08:02 4587568                    /tmp/jogamp_0000/file_cache/jln2275282550743817494/jln6968067454766640241/libjogl_desktop.so
7f3d0c000000-7f3d0c18c000 rw-p 00000000 00:00 0 
7f3d0c18c000-7f3d10000000 ---p 00000000 00:00 0 
7f3d10000000-7f3d1059b000 rw-p 00000000 00:00 0 
7f3d1059b000-7f3d14000000 ---p 00000000 00:00 0 
7f3d14000000-7f3d1450f000 rw-p 00000000 00:00 0 
7f3d1450f000-7f3d18000000 ---p 00000000 00:00 0 
7f3d18017000-7f3d18057000 rw-s 648fc000 00:05 9184                       /dev/nvidia0
7f3d18057000-7f3d18077000 rw-s 78b8b000 00:05 9184                       /dev/nvidia0
7f3d18077000-7f3d180b7000 rw-s 06ace000 00:05 9184                       /dev/nvidia0
7f3d180b7000-7f3d19a86000 r-xp 00000000 08:02 4326356                    /usr/lib/nvidia-current/libnvidia-glcore.so.304.43
7f3d19a86000-7f3d19c85000 ---p 019cf000 08:02 4326356                    /usr/lib/nvidia-current/libnvidia-glcore.so.304.43
7f3d19c85000-7f3d1a486000 rwxp 019ce000 08:02 4326356                    /usr/lib/nvidia-current/libnvidia-glcore.so.304.43
7f3d1a486000-7f3d1a4a0000 rwxp 00000000 00:00 0 
7f3d1a4a0000-7f3d1a4a3000 r-xp 00000000 08:02 4326353                    /usr/lib/nvidia-current/tls/libnvidia-tls.so.304.43
7f3d1a4a3000-7f3d1a6a2000 ---p 00003000 08:02 4326353                    /usr/lib/nvidia-current/tls/libnvidia-tls.so.304.43
7f3d1a6a2000-7f3d1a6a3000 rw-p 00002000 08:02 4326353                    /usr/lib/nvidia-current/tls/libnvidia-tls.so.304.43
7f3d1a6a3000-7f3d1a76d000 r-xp 00000000 08:02 4326355                    /usr/lib/nvidia-current/libGL.so.304.43
7f3d1a76d000-7f3d1a96d000 ---p 000ca000 08:02 4326355                    /usr/lib/nvidia-current/libGL.so.304.43
7f3d1a96d000-7f3d1a9aa000 rwxp 000ca000 08:02 4326355                    /usr/lib/nvidia-current/libGL.so.304.43
7f3d1a9aa000-7f3d1a9c0000 rwxp 00000000 00:00 0 
7f3d1a9c0000-7f3d1a9c4000 r-xp 00000000 08:02 1584988                    /usr/lib/x86_64-linux-gnu/libXxf86vm.so.1.0.0
7f3d1a9c4000-7f3d1abc4000 ---p 00004000 08:02 1584988                    /usr/lib/x86_64-linux-gnu/libXxf86vm.so.1.0.0
7f3d1abc4000-7f3d1abc5000 r--p 00004000 08:02 1584988                    /usr/lib/x86_64-linux-gnu/libXxf86vm.so.1.0.0
7f3d1abc5000-7f3d1abc6000 rw-p 00005000 08:02 1584988                    /usr/lib/x86_64-linux-gnu/libXxf86vm.so.1.0.0
7f3d1abc6000-7f3d1abcc000 r-xp 00000000 08:02 4587571                    /tmp/jogamp_0000/file_cache/jln2275282550743817494/jln6968067454766640241/libnativewindow_x11.so
7f3d1abcc000-7f3d1adcb000 ---p 00006000 08:02 4587571                    /tmp/jogamp_0000/file_cache/jln2275282550743817494/jln6968067454766640241/libnativewindow_x11.so
7f3d1adcb000-7f3d1adcc000 r--p 00005000 08:02 4587571                    /tmp/jogamp_0000/file_cache/jln2275282550743817494/jln6968067454766640241/libnativewindow_x11.so
7f3d1adcc000-7f3d1adcd000 rw-p 00006000 08:02 4587571                    /tmp/jogamp_0000/file_cache/jln2275282550743817494/jln6968067454766640241/libnativewindow_x11.so
7f3d1adcd000-7f3d1adcf000 r-xp 00000000 08:02 4587570                    /tmp/jogamp_0000/file_cache/jln2275282550743817494/jln6968067454766640241/libnativewindow_awt.so
7f3d1adcf000-7f3d1afce000 ---p 00002000 08:02 4587570                    /tmp/jogamp_0000/file_cache/jln2275282550743817494/jln6968067454766640241/libnativewindow_awt.so
7f3d1afce000-7f3d1afcf000 r--p 00001000 08:02 4587570                    /tmp/jogamp_0000/file_cache/jln2275282550743817494/jln6968067454766640241/libnativewindow_awt.so
7f3d1afcf000-7f3d1afd0000 rw-p 00002000 08:02 4587570                    /tmp/jogamp_0000/file_cache/jln2275282550743817494/jln6968067454766640241/libnativewindow_awt.so
7f3d1afd0000-7f3d1afd1000 r-xp 00000000 08:02 1575194                    /usr/lib/jvm/java-6-openjdk-amd64/jre/lib/amd64/libjawt.so
7f3d1afd1000-7f3d1b1d0000 ---p 00001000 08:02 1575194                    /usr/lib/jvm/java-6-openjdk-amd64/jre/lib/amd64/libjawt.so
7f3d1b1d0000-7f3d1b1d1000 r--p 00000000 08:02 1575194                    /usr/lib/jvm/java-6-openjdk-amd64/jre/lib/amd64/libjawt.so
7f3d1b1d1000-7f3d1b1d2000 rw-p 00001000 08:02 1575194                    /usr/lib/jvm/java-6-openjdk-amd64/jre/lib/amd64/libjawt.so
7f3d1b1d2000-7f3d1b1d4000 r-xp 00000000 08:02 4587567                    /tmp/jogamp_0000/file_cache/jln2275282550743817494/jln6968067454766640241/libgluegen-rt.so
7f3d1b1d4000-7f3d1b3d3000 ---p 00002000 08:02 4587567                    /tmp/jogamp_0000/file_cache/jln2275282550743817494/jln6968067454766640241/libgluegen-rt.so
7f3d1b3d3000-7f3d1b3d4000 r--p 00001000 08:02 4587567                    /tmp/jogamp_0000/file_cache/jln2275282550743817494/jln6968067454766640241/libgluegen-rt.so
7f3d1b3d4000-7f3d1b3d5000 rw-p 00002000 08:02 4587567                    /tmp/jogamp_0000/file_cache/jln2275282550743817494/jln6968067454766640241/libgluegen-rt.so
7f3d1b3d5000-7f3d1b3d8000 ---p 00000000 00:00 0 
7f3d1b3d8000-7f3d1b4d6000 rw-p 00000000 00:00 0                          [stack:11771]
7f3d1b4d6000-7f3d1b4d9000 ---p 00000000 00:00 0 
7f3d1b4d9000-7f3d1b5d7000 rw-p 00000000 00:00 0                          [stack:11759]
7f3d1b5d7000-7f3d1b5da000 ---p 00000000 00:00 0 
7f3d1b5da000-7f3d1b6d8000 rw-p 00000000 00:00 0                          [stack:11760]
7f3d1b6d8000-7f3d1b6e0000 r-xp 00000000 08:02 1575103                    /usr/lib/jvm/java-6-openjdk-amd64/jre/lib/amd64/libnio.so
7f3d1b6e0000-7f3d1b8df000 ---p 00008000 08:02 1575103                    /usr/lib/jvm/java-6-openjdk-amd64/jre/lib/amd64/libnio.so
7f3d1b8df000-7f3d1b8e0000 r--p 00007000 08:02 1575103                    /usr/lib/jvm/java-6-openjdk-amd64/jre/lib/amd64/libnio.so
7f3d1b8e0000-7f3d1b8e1000 rw-p 00008000 08:02 1575103                    /usr/lib/jvm/java-6-openjdk-amd64/jre/lib/amd64/libnio.so
7f3d1b8e1000-7f3d1b8f6000 r-xp 00000000 08:02 1575107                    /usr/lib/jvm/java-6-openjdk-amd64/jre/lib/amd64/libnet.so
7f3d1b8f6000-7f3d1baf5000 ---p 00015000 08:02 1575107                    /usr/lib/jvm/java-6-openjdk-amd64/jre/lib/amd64/libnet.so
7f3d1baf5000-7f3d1baf6000 r--p 00014000 08:02 1575107                    /usr/lib/jvm/java-6-openjdk-amd64/jre/lib/amd64/libnet.so
7f3d1baf6000-7f3d1baf7000 rw-p 00015000 08:02 1575107                    /usr/lib/jvm/java-6-openjdk-amd64/jre/lib/amd64/libnet.so
7f3d1baf7000-7f3d1bafa000 ---p 00000000 00:00 0 
7f3d1bafa000-7f3d1bbf8000 rw-p 00000000 00:00 0                          [stack:11756]
7f3d1bbf8000-7f3d1bbfb000 ---p 00000000 00:00 0 
7f3d1bbfb000-7f3d1bcf9000 rw-p 00000000 00:00 0                          [stack:11754]
7f3d1bcf9000-7f3d1bcfc000 ---p 00000000 00:00 0 
7f3d1bcfc000-7f3d1bdfa000 rw-p 00000000 00:00 0                          [stack:11755]
7f3d1bdfa000-7f3d1bdff000 r-xp 00000000 08:02 1583967                    /usr/lib/x86_64-linux-gnu/libXfixes.so.3.1.0
7f3d1bdff000-7f3d1bffe000 ---p 00005000 08:02 1583967                    /usr/lib/x86_64-linux-gnu/libXfixes.so.3.1.0
7f3d1bffe000-7f3d1bfff000 r--p 00004000 08:02 1583967                    /usr/lib/x86_64-linux-gnu/libXfixes.so.3.1.0
7f3d1bfff000-7f3d1c000000 rw-p 00005000 08:02 1583967                    /usr/lib/x86_64-linux-gnu/libXfixes.so.3.1.0
7f3d1c000000-7f3d1c021000 rw-p 00000000 00:00 0 
7f3d1c021000-7f3d20000000 ---p 00000000 00:00 0 
7f3d20000000-7f3d20242000 rw-p 00000000 00:00 0 
7f3d20242000-7f3d24000000 ---p 00000000 00:00 0 
7f3d24000000-7f3d249cd000 rw-p 00000000 00:00 0 
7f3d249cd000-7f3d28000000 ---p 00000000 00:00 0 
7f3d28000000-7f3d28021000 rw-p 00000000 00:00 0 
7f3d28021000-7f3d2c000000 ---p 00000000 00:00 0 
7f3d2c000000-7f3d2c021000 rw-p 00000000 00:00 0 
7f3d2c021000-7f3d30000000 ---p 00000000 00:00 0 
7f3d30000000-7f3d30389000 rw-p 00000000 00:00 0 
7f3d30389000-7f3d34000000 ---p 00000000 00:00 0 
7f3d34000000-7f3d34021000 rw-p 00000000 00:00 0 
7f3d34021000-7f3d38000000 ---p 00000000 00:00 0 
7f3d38000000-7f3d38021000 rw-p 00000000 00:00 0 
7f3d38021000-7f3d3c000000 ---p 00000000 00:00 0 
7f3d3c000000-7f3d3c021000 rw-p 00000000 00:00 0 
7f3d3c021000-7f3d40000000 ---p 00000000 00:00 0 
7f3d40000000-7f3d40021000 rw-p 00000000 00:00 0 
7f3d40021000-7f3d44000000 ---p 00000000 00:00 0 
7f3d44000000-7f3d44021000 rw-p 00000000 00:00 0 
7f3d44021000-7f3d48000000 ---p 00000000 00:00 0 
7f3d48016000-7f3d48017000 r--s 00000000 08:02 2360001                    /var/cache/fontconfig/c05880de57d1f5e948fdfacc138775d9-le64.cache-3
7f3d48017000-7f3d48020000 r--s 00000000 08:02 2366149                    /var/cache/fontconfig/945677eb7aeaf62f1d50efc3fb3ec7d8-le64.cache-3
7f3d48020000-7f3d48024000 r--s 00000000 08:02 2361886                    /var/cache/fontconfig/99e8ed0e538f840c565b6ed5dad60d56-le64.cache-3
7f3d48024000-7f3d4802c000 r--s 00000000 08:02 2361773                    /var/cache/fontconfig/a6d8cf8e4ec09cdbc8633c31745a07dd-le64.cache-3
7f3d4802c000-7f3d48031000 r--s 00000000 08:02 2361883                    /var/cache/fontconfig/2cd17615ca594fa2959ae173292e504c-le64.cache-3
7f3d48031000-7f3d48032000 r--s 00000000 08:02 2366130                    /var/cache/fontconfig/e7071f4a29fa870f4323321c154eba04-le64.cache-3
7f3d48032000-7f3d48033000 r--s 00000000 08:02 2366129                    /var/cache/fontconfig/0d8c3b2ac0904cb8a57a757ad11a4a08-le64.cache-3
7f3d48033000-7f3d48039000 r--s 00000000 08:02 2366128                    /var/cache/fontconfig/a755afe4a08bf5b97852ceb7400b47bc-le64.cache-3
7f3d48039000-7f3d48042000 r--s 00000000 08:02 2366127                    /var/cache/fontconfig/6d41288fd70b0be22e8c3a91e032eec0-le64.cache-3
7f3d48042000-7f3d48052000 r--s 00000000 08:02 2361771                    /var/cache/fontconfig/04aabc0a78ac019cf9454389977116d2-le64.cache-3
7f3d48052000-7f3d48080000 r--s 00000000 08:02 2364547                    /var/cache/fontconfig/365b55f210c0a22e9a19e35191240f32-le64.cache-3
7f3d48094000-7f3d48098000 rw-s 6e6c1000 00:05 9184                       /dev/nvidia0
7f3d48098000-7f3d48099000 rw-s d000e000 00:05 9184                       /dev/nvidia0
7f3d48099000-7f3d4809a000 rw-s 72371000 00:05 9184                       /dev/nvidia0
7f3d4809a000-7f3d4809b000 rw-s f2c0e000 00:05 9184                       /dev/nvidia0
7f3d4809b000-7f3d4809f000 rw-s 552d4000 00:05 9184                       /dev/nvidia0
7f3d4809f000-7f3d480bf000 rw-s 76c81000 00:05 9184                       /dev/nvidia0
7f3d480bf000-7f3d480f0000 rw-p 00000000 00:00 0 
7f3d480f0000-7f3d480f3000 ---p 00000000 00:00 0 
7f3d480f3000-7f3d481f1000 rw-p 00000000 00:00 0                          [stack:11752]
7f3d481f1000-7f3d481f2000 r--s 00000000 08:02 2360001                    /var/cache/fontconfig/c05880de57d1f5e948fdfacc138775d9-le64.cache-3
7f3d481f2000-7f3d481fb000 r--s 00000000 08:02 2366149                    /var/cache/fontconfig/945677eb7aeaf62f1d50efc3fb3ec7d8-le64.cache-3
7f3d481fb000-7f3d481ff000 r--s 00000000 08:02 2361886                    /var/cache/fontconfig/99e8ed0e538f840c565b6ed5dad60d56-le64.cache-3
7f3d481ff000-7f3d48207000 r--s 00000000 08:02 2361773                    /var/cache/fontconfig/a6d8cf8e4ec09cdbc8633c31745a07dd-le64.cache-3
7f3d48207000-7f3d4820c000 r--s 00000000 08:02 2361883                    /var/cache/fontconfig/2cd17615ca594fa2959ae173292e504c-le64.cache-3
7f3d4820c000-7f3d4820d000 r--s 00000000 08:02 2366130                    /var/cache/fontconfig/e7071f4a29fa870f4323321c154eba04-le64.cache-3
7f3d4820d000-7f3d4820e000 r--s 00000000 08:02 2366129                    /var/cache/fontconfig/0d8c3b2ac0904cb8a57a757ad11a4a08-le64.cache-3
7f3d4820e000-7f3d48214000 r--s 00000000 08:02 2366128                    /var/cache/fontconfig/a755afe4a08bf5b97852ceb7400b47bc-le64.cache-3
7f3d48214000-7f3d4821d000 r--s 00000000 08:02 2366127                    /var/cache/fontconfig/6d41288fd70b0be22e8c3a91e032eec0-le64.cache-3
7f3d4821d000-7f3d4822d000 r--s 00000000 08:02 2361771                    /var/cache/fontconfig/04aabc0a78ac019cf9454389977116d2-le64.cache-3
7f3d4822d000-7f3d4822e000 r--s 00000000 08:02 2361069                    /var/cache/fontconfig/1ac9eb803944fde146138c791f5cc56a-le64.cache-3
7f3d4822e000-7f3d48231000 r--s 00000000 08:02 2365023                    /var/cache/fontconfig/385c0604a188198f04d133e54aba7fe7-le64.cache-3
7f3d48231000-7f3d48232000 r--s 00000000 08:02 2361068                    /var/cache/fontconfig/dc05db6664285cc2f12bf69c139ae4c3-le64.cache-3
7f3d48232000-7f3d48234000 r--s 00000000 08:02 2361067                    /var/cache/fontconfig/767a8244fc0220cfb567a839d0392e0b-le64.cache-3
7f3d48234000-7f3d48235000 r--s 00000000 08:02 2362369                    /var/cache/fontconfig/4794a0821666d79190d59a36cb4f44b5-le64.cache-3
7f3d48235000-7f3d48238000 r--s 00000000 08:02 2361768                    /var/cache/fontconfig/8801497958630a81b71ace7c5f9b32a8-le64.cache-3
7f3d48238000-7f3d48266000 r--s 00000000 08:02 2364547                    /var/cache/fontconfig/365b55f210c0a22e9a19e35191240f32-le64.cache-3
7f3d48266000-7f3d4826b000 r--s 00000000 08:02 2359476                    /var/cache/fontconfig/3047814df9a2f067bd2d96a2b9c36e5a-le64.cache-3
7f3d4826b000-7f3d4826c000 r--s 00000000 08:02 2364544                    /var/cache/fontconfig/56cf4f4769d0f4abc89a4895d7bd3ae1-le64.cache-3
7f3d4826c000-7f3d4826d000 r--s 00000000 08:02 2361767                    /var/cache/fontconfig/b9d506c9ac06c20b433354fa67a72993-le64.cache-3
7f3d4826d000-7f3d48272000 r--s 00000000 08:02 2361766                    /var/cache/fontconfig/b47c4e1ecd0709278f4910c18777a504-le64.cache-3
7f3d48272000-7f3d4827a000 r--s 00000000 08:02 2361769                    /var/cache/fontconfig/52f7bdb7ce746bfd7eaa1985bd9cfa93-le64.cache-3
7f3d4827a000-7f3d4827d000 r--s 00000000 08:02 2361065                    /var/cache/fontconfig/e49e89034d371f0f9de17aab02136486-le64.cache-3
7f3d4827d000-7f3d4827f000 r--s 00000000 08:02 2361066                    /var/cache/fontconfig/4b14b093aebc79c320de5e86ae1d3314-le64.cache-3
7f3d4827f000-7f3d48290000 r--s 00000000 08:02 2364540                    /var/cache/fontconfig/d52a8644073d54c13679302ca1180695-le64.cache-3
7f3d48290000-7f3d48291000 rw-s f2641000 00:05 9184                       /dev/nvidia0
7f3d48291000-7f3d48292000 rw-s 550a0000 00:05 9184                       /dev/nvidia0
7f3d48292000-7f3d48293000 rw-s 84da5000 00:05 9184                       /dev/nvidia0
7f3d48293000-7f3d482b0000 rw-s 11f2a6000 00:05 9184                      /dev/nvidia0
7f3d482b0000-7f3d482b9000 r-xp 00000000 08:02 1583970                    /usr/lib/x86_64-linux-gnu/libXcursor.so.1.0.2
7f3d482b9000-7f3d484b9000 ---p 00009000 08:02 1583970                    /usr/lib/x86_64-linux-gnu/libXcursor.so.1.0.2
7f3d484b9000-7f3d484ba000 r--p 00009000 08:02 1583970                    /usr/lib/x86_64-linux-gnu/libXcursor.so.1.0.2
7f3d484ba000-7f3d484bb000 rw-p 0000a000 08:02 1583970                    /usr/lib/x86_64-linux-gnu/libXcursor.so.1.0.2
7f3d484bb000-7f3d484bc000 rw-s d000b000 00:05 9184                       /dev/nvidia0
7f3d484bc000-7f3d484bd000 rw-s b5bcd000 00:05 9184                       /dev/nvidia0
7f3d484bd000-7f3d484be000 rw-s f2c0c000 00:05 9184                       /dev/nvidia0
7f3d484be000-7f3d484bf000 rw-s f2641000 00:05 9184                       /dev/nvidia0
7f3d484bf000-7f3d484c0000 rw-s 550a0000 00:05 9184                       /dev/nvidia0
7f3d484c0000-7f3d484c1000 rw-s 7549f000 00:05 9184                       /dev/nvidia0
7f3d484c1000-7f3d484c3000 rw-p 00000000 00:00 0 
7f3d484c3000-7f3d484c5000 rw-s 00000000 08:02 1048584                    /tmp/glzzbi14 (deleted)
7f3d484c5000-7f3d484c9000 rw-s a6475000 00:05 9184                       /dev/nvidia0
7f3d484c9000-7f3d484ca000 rw-s d0008000 00:05 9184                       /dev/nvidia0
7f3d484ca000-7f3d484cb000 rw-s a65ff000 00:05 9184                       /dev/nvidia0
7f3d484cb000-7f3d484cf000 rw-s 6e15f000 00:05 9184                       /dev/nvidia0
7f3d484cf000-7f3d484d0000 rw-s f2c0a000 00:05 9184                       /dev/nvidia0
7f3d484d0000-7f3d484d1000 rw-s f2641000 00:05 9184                       /dev/nvidia0
7f3d484d1000-7f3d484d2000 rw-s 550a0000 00:05 9184                       /dev/nvidia0
7f3d484d2000-7f3d484d3000 rw-s b2e29000 00:05 9184                       /dev/nvidia0
7f3d484d3000-7f3d484d4000 rw-s f2060000 00:05 9184                       /dev/nvidia0
7f3d484d4000-7f3d484d5000 r--p 00000000 00:00 0 
7f3d484d5000-7f3d484d8000 r--s 0007e000 08:02 1574637                    /usr/lib/jvm/java-6-openjdk-common/jre/lib/jsse.jar
7f3d484d8000-7f3d484df000 r--s 00000000 08:02 2359398                    /var/cache/fontconfig/3f7329c5293ffd510edef78f73874cfd-le64.cache-3
7f3d484df000-7f3d484e0000 r--s 00000000 08:02 2361064                    /var/cache/fontconfig/0c9eb80ebd1c36541ebe2852d3bb0c49-le64.cache-3
7f3d484e0000-7f3d484e3000 r--s 00000000 08:02 2361184                    /var/cache/fontconfig/e13b20fdb08344e0e664864cc2ede53d-le64.cache-3
7f3d484e3000-7f3d484e7000 r--s 00000000 08:02 2361062                    /var/cache/fontconfig/7ef2298fde41cc6eeb7af42e48b7d293-le64.cache-3
7f3d484e7000-7f3d484ec000 r--s 00000000 08:02 2359476                    /var/cache/fontconfig/3047814df9a2f067bd2d96a2b9c36e5a-le64.cache-3
7f3d484ec000-7f3d484ed000 r--s 00000000 08:02 2364544                    /var/cache/fontconfig/56cf4f4769d0f4abc89a4895d7bd3ae1-le64.cache-3
7f3d484ed000-7f3d484ee000 r--s 00000000 08:02 2361767                    /var/cache/fontconfig/b9d506c9ac06c20b433354fa67a72993-le64.cache-3
7f3d484ee000-7f3d484f3000 r--s 00000000 08:02 2361766                    /var/cache/fontconfig/b47c4e1ecd0709278f4910c18777a504-le64.cache-3
7f3d484f3000-7f3d484fb000 r--s 00000000 08:02 2361769                    /var/cache/fontconfig/52f7bdb7ce746bfd7eaa1985bd9cfa93-le64.cache-3
7f3d484fb000-7f3d484fe000 r--s 00000000 08:02 2361065                    /var/cache/fontconfig/e49e89034d371f0f9de17aab02136486-le64.cache-3
7f3d484fe000-7f3d48500000 r--s 00000000 08:02 2361066                    /var/cache/fontconfig/4b14b093aebc79c320de5e86ae1d3314-le64.cache-3
7f3d48500000-7f3d48596000 r-xp 00000000 08:02 1574082                    /usr/lib/x86_64-linux-gnu/libfreetype.so.6.9.0
7f3d48596000-7f3d48795000 ---p 00096000 08:02 1574082                    /usr/lib/x86_64-linux-gnu/libfreetype.so.6.9.0
7f3d48795000-7f3d4879b000 r--p 00095000 08:02 1574082                    /usr/lib/x86_64-linux-gnu/libfreetype.so.6.9.0
7f3d4879b000-7f3d4879c000 rw-p 0009b000 08:02 1574082                    /usr/lib/x86_64-linux-gnu/libfreetype.so.6.9.0
7f3d4879c000-7f3d487d6000 r-xp 00000000 08:02 1575113                    /usr/lib/jvm/java-6-openjdk-amd64/jre/lib/amd64/libfontmanager.so
7f3d487d6000-7f3d489d5000 ---p 0003a000 08:02 1575113                    /usr/lib/jvm/java-6-openjdk-amd64/jre/lib/amd64/libfontmanager.so
7f3d489d5000-7f3d489d7000 r--p 00039000 08:02 1575113                    /usr/lib/jvm/java-6-openjdk-amd64/jre/lib/amd64/libfontmanager.so
7f3d489d7000-7f3d489d8000 rw-p 0003b000 08:02 1575113                    /usr/lib/jvm/java-6-openjdk-amd64/jre/lib/amd64/libfontmanager.so
7f3d489d8000-7f3d489dd000 r-xp 00000000 08:02 1577868                    /usr/lib/x86_64-linux-gnu/libXdmcp.so.6.0.0
7f3d489dd000-7f3d48bdc000 ---p 00005000 08:02 1577868                    /usr/lib/x86_64-linux-gnu/libXdmcp.so.6.0.0
7f3d48bdc000-7f3d48bdd000 r--p 00004000 08:02 1577868                    /usr/lib/x86_64-linux-gnu/libXdmcp.so.6.0.0
7f3d48bdd000-7f3d48bde000 rw-p 00005000 08:02 1577868                    /usr/lib/x86_64-linux-gnu/libXdmcp.so.6.0.0
7f3d48bde000-7f3d48be0000 r-xp 00000000 08:02 1577098                    /usr/lib/x86_64-linux-gnu/libXau.so.6.0.0
7f3d48be0000-7f3d48de0000 ---p 00002000 08:02 1577098                    /usr/lib/x86_64-linux-gnu/libXau.so.6.0.0
7f3d48de0000-7f3d48de1000 r--p 00002000 08:02 1577098                    /usr/lib/x86_64-linux-gnu/libXau.so.6.0.0
7f3d48de1000-7f3d48de2000 rw-p 00003000 08:02 1577098                    /usr/lib/x86_64-linux-gnu/libXau.so.6.0.0
7f3d48de2000-7f3d48dff000 r-xp 00000000 08:02 1574274                    /usr/lib/x86_64-linux-gnu/libxcb.so.1.1.0
7f3d48dff000-7f3d48ffe000 ---p 0001d000 08:02 1574274                    /usr/lib/x86_64-linux-gnu/libxcb.so.1.1.0
7f3d48ffe000-7f3d48fff000 r--p 0001c000 08:02 1574274                    /usr/lib/x86_64-linux-gnu/libxcb.so.1.1.0
7f3d48fff000-7f3d49000000 rw-p 0001d000 08:02 1574274                    /usr/lib/x86_64-linux-gnu/libxcb.so.1.1.0
7f3d49000000-7f3d49270000 rwxp 00000000 00:00 0 
7f3d49270000-7f3d4c35c000 rw-p 00000000 00:00 0 
7f3d4c35c000-7f3d50000000 ---p 00000000 00:00 0 
7f3d50000000-7f3d50001000 r--s 00000000 08:02 2361069                    /var/cache/fontconfig/1ac9eb803944fde146138c791f5cc56a-le64.cache-3
7f3d50001000-7f3d50012000 r--s 00000000 08:02 2364540                    /var/cache/fontconfig/d52a8644073d54c13679302ca1180695-le64.cache-3
7f3d50012000-7f3d50019000 r--s 00000000 08:02 2359398                    /var/cache/fontconfig/3f7329c5293ffd510edef78f73874cfd-le64.cache-3
7f3d50019000-7f3d5001a000 r--s 00000000 08:02 2361064                    /var/cache/fontconfig/0c9eb80ebd1c36541ebe2852d3bb0c49-le64.cache-3
7f3d5001a000-7f3d5001d000 ---p 00000000 00:00 0 
7f3d5001d000-7f3d5011b000 rw-p 00000000 00:00 0                          [stack:11751]
7f3d5011b000-7f3d50121000 r--s 000fc000 08:02 1575065                    /usr/lib/jvm/java-6-openjdk-common/jre/lib/resources.jar
7f3d50121000-7f3d50123000 r--s 00012000 08:02 4587680                    /home/benjamin/Téléchargements/processing-2.0b7/lib/Shapes3d V2.1.3/library/Shapes3d.jar
7f3d50123000-7f3d50125000 r--s 00020000 08:02 1313439                    /home/benjamin/Téléchargements/processing-2.0b7/core/library/jogl-all-natives-windows-i586.jar
7f3d50125000-7f3d50126000 r--s 0001b000 08:02 1313449                    /home/benjamin/Téléchargements/processing-2.0b7/core/library/jogl-all-natives-windows-amd64.jar
7f3d50126000-7f3d50127000 r--s 00050000 08:02 1313437                    /home/benjamin/Téléchargements/processing-2.0b7/core/library/jogl-all-natives-macosx-universal.jar
7f3d50127000-7f3d50128000 r--s 00023000 08:02 1313445                    /home/benjamin/Téléchargements/processing-2.0b7/core/library/jogl-all-natives-linux-i586.jar
7f3d50128000-7f3d50136000 r-xp 00000000 08:02 1583953                    /usr/lib/x86_64-linux-gnu/libXi.so.6.1.0
7f3d50136000-7f3d50335000 ---p 0000e000 08:02 1583953                    /usr/lib/x86_64-linux-gnu/libXi.so.6.1.0
7f3d50335000-7f3d50336000 r--p 0000d000 08:02 1583953                    /usr/lib/x86_64-linux-gnu/libXi.so.6.1.0
7f3d50336000-7f3d50337000 rw-p 0000e000 08:02 1583953                    /usr/lib/x86_64-linux-gnu/libXi.so.6.1.0
7f3d50337000-7f3d5033c000 r-xp 00000000 08:02 1580334                    /usr/lib/x86_64-linux-gnu/libXtst.so.6.1.0
7f3d5033c000-7f3d5053b000 ---p 00005000 08:02 1580334                    /usr/lib/x86_64-linux-gnu/libXtst.so.6.1.0
7f3d5053b000-7f3d5053c000 r--p 00004000 08:02 1580334                    /usr/lib/x86_64-linux-gnu/libXtst.so.6.1.0
7f3d5053c000-7f3d5053d000 rw-p 00005000 08:02 1580334                    /usr/lib/x86_64-linux-gnu/libXtst.so.6.1.0
7f3d5053d000-7f3d50546000 r-xp 00000000 08:02 1578520                    /usr/lib/x86_64-linux-gnu/libXrender.so.1.3.0
7f3d50546000-7f3d50745000 ---p 00009000 08:02 1578520                    /usr/lib/x86_64-linux-gnu/libXrender.so.1.3.0
7f3d50745000-7f3d50746000 r--p 00008000 08:02 1578520                    /usr/lib/x86_64-linux-gnu/libXrender.so.1.3.0
7f3d50746000-7f3d50747000 rw-p 00009000 08:02 1578520                    /usr/lib/x86_64-linux-gnu/libXrender.so.1.3.0
7f3d50747000-7f3d5087b000 r-xp 00000000 08:02 1578402                    /usr/lib/x86_64-linux-gnu/libX11.so.6.3.0
7f3d5087b000-7f3d50a7b000 ---p 00134000 08:02 1578402                    /usr/lib/x86_64-linux-gnu/libX11.so.6.3.0
7f3d50a7b000-7f3d50a7c000 r--p 00134000 08:02 1578402                    /usr/lib/x86_64-linux-gnu/libX11.so.6.3.0
7f3d50a7c000-7f3d50a81000 rw-p 00135000 08:02 1578402                    /usr/lib/x86_64-linux-gnu/libX11.so.6.3.0
7f3d50a81000-7f3d50a91000 r-xp 00000000 08:02 1583934                    /usr/lib/x86_64-linux-gnu/libXext.so.6.4.0
7f3d50a91000-7f3d50c91000 ---p 00010000 08:02 1583934                    /usr/lib/x86_64-linux-gnu/libXext.so.6.4.0
7f3d50c91000-7f3d50c92000 r--p 00010000 08:02 1583934                    /usr/lib/x86_64-linux-gnu/libXext.so.6.4.0
7f3d50c92000-7f3d50c93000 rw-p 00011000 08:02 1583934                    /usr/lib/x86_64-linux-gnu/libXext.so.6.4.0
7f3d50c93000-7f3d50c94000 r--s 00023000 08:02 1313446                    /home/benjamin/Téléchargements/processing-2.0b7/core/library/jogl-all-natives-linux-amd64.jar
7f3d50c94000-7f3d50cb0000 r--s 0048b000 08:02 1313442                    /home/benjamin/Téléchargements/processing-2.0b7/core/library/jogl-all.jar
7f3d50cb0000-7f3d50cfb000 r-xp 00000000 08:02 1708878                    /usr/lib/jvm/java-6-openjdk-amd64/jre/lib/amd64/xawt/libmawt.so
7f3d50cfb000-7f3d50efb000 ---p 0004b000 08:02 1708878                    /usr/lib/jvm/java-6-openjdk-amd64/jre/lib/amd64/xawt/libmawt.so
7f3d50efb000-7f3d50efc000 r--p 0004b000 08:02 1708878                    /usr/lib/jvm/java-6-openjdk-amd64/jre/lib/amd64/xawt/libmawt.so
7f3d50efc000-7f3d50eff000 rw-p 0004c000 08:02 1708878                    /usr/lib/jvm/java-6-openjdk-amd64/jre/lib/amd64/xawt/libmawt.so
7f3d50eff000-7f3d50f00000 rw-p 00000000 00:00 0 
7f3d50f00000-7f3d50fae000 r-xp 00000000 08:02 1575116                    /usr/lib/jvm/java-6-openjdk-amd64/jre/lib/amd64/libawt.so
7f3d50fae000-7f3d511ad000 ---p 000ae000 08:02 1575116                    /usr/lib/jvm/java-6-openjdk-amd64/jre/lib/amd64/libawt.so
7f3d511ad000-7f3d511ae000 r--p 000ad000 08:02 1575116                    /usr/lib/jvm/java-6-openjdk-amd64/jre/lib/amd64/libawt.so
7f3d511ae000-7f3d511b9000 rw-p 000ae000 08:02 1575116                    /usr/lib/jvm/java-6-openjdk-amd64/jre/lib/amd64/libawt.so
7f3d511b9000-7f3d511de000 rw-p 00000000 00:00 0 
7f3d511de000-7f3d511df000 ---p 00000000 00:00 0 
7f3d511df000-7f3d512df000 rw-p 00000000 00:00 0                          [stack:11750]
7f3d512df000-7f3d512e2000 ---p 00000000 00:00 0 
7f3d512e2000-7f3d513e0000 rw-p 00000000 00:00 0                          [stack:11749]
7f3d513e0000-7f3d513e3000 ---p 00000000 00:00 0 
7f3d513e3000-7f3d514e1000 rw-p 00000000 00:00 0                          [stack:11748]
7f3d514e1000-7f3d514e4000 ---p 00000000 00:00 0 
7f3d514e4000-7f3d515e2000 rw-p 00000000 00:00 0                          [stack:11747]
7f3d515e2000-7f3d515e5000 ---p 00000000 00:00 0 
7f3d515e5000-7f3d516e3000 rw-p 00000000 00:00 0                          [stack:11746]
7f3d516e3000-7f3d51dcb000 r--p 00000000 08:02 1579401                    /usr/lib/locale/locale-archive
7f3d51dcb000-7f3d51dce000 ---p 00000000 00:00 0 
7f3d51dce000-7f3d51ecc000 rw-p 00000000 00:00 0                          [stack:11745]
7f3d51ecc000-7f3d51ecf000 ---p 00000000 00:00 0 
7f3d51ecf000-7f3d51fcd000 rw-p 00000000 00:00 0                          [stack:11744]
7f3d51fcd000-7f3d51fce000 ---p 00000000 00:00 0 
7f3d51fce000-7f3d52404000 rw-p 00000000 00:00 0                          [stack:11743]
7f3d52404000-7f3d52595000 r--s 037d3000 08:02 1575094                    /usr/lib/jvm/java-6-openjdk-amd64/jre/lib/rt.jar
7f3d52595000-7f3d525bd000 rw-p 00000000 00:00 0 
7f3d525bd000-7f3d525be000 ---p 00000000 00:00 0 
7f3d525be000-7f3d526be000 rw-p 00000000 00:00 0                          [stack:11742]
7f3d526be000-7f3d526bf000 ---p 00000000 00:00 0 
7f3d526bf000-7f3d527ca000 rw-p 00000000 00:00 0                          [stack:11740]
7f3d527ca000-7f3d52812000 rw-p 00000000 00:00 0 
7f3d52812000-7f3d52827000 rw-p 00000000 00:00 0 
7f3d52827000-7f3d5295c000 rw-p 00000000 00:00 0 
7f3d5295c000-7f3d52967000 rw-p 00000000 00:00 0 
7f3d52967000-7f3d529af000 rw-p 00000000 00:00 0 
7f3d529af000-7f3d529c4000 rw-p 00000000 00:00 0 
7f3d529c4000-7f3d52af8000 rw-p 00000000 00:00 0 
7f3d52af8000-7f3d52b03000 rw-p 00000000 00:00 0 
7f3d52b03000-7f3d52b9d000 rw-p 00000000 00:00 0 
7f3d52b9d000-7f3d52b9e000 rw-p 00000000 00:00 0 
7f3d52b9e000-7f3d52ba5000 r-xp 00000000 08:02 1575196                    /usr/lib/jvm/java-6-openjdk-amd64/jre/lib/amd64/libzip.so
7f3d52ba5000-7f3d52da4000 ---p 00007000 08:02 1575196                    /usr/lib/jvm/java-6-openjdk-amd64/jre/lib/amd64/libzip.so
7f3d52da4000-7f3d52da5000 r--p 00006000 08:02 1575196                    /usr/lib/jvm/java-6-openjdk-amd64/jre/lib/amd64/libzip.so
7f3d52da5000-7f3d52da6000 rw-p 00007000 08:02 1575196                    /usr/lib/jvm/java-6-openjdk-amd64/jre/lib/amd64/libzip.so
7f3d52da6000-7f3d52db2000 r-xp 00000000 08:02 8530577                    /lib/x86_64-linux-gnu/libnss_files-2.15.so
7f3d52db2000-7f3d52fb1000 ---p 0000c000 08:02 8530577                    /lib/x86_64-linux-gnu/libnss_files-2.15.so
7f3d52fb1000-7f3d52fb2000 r--p 0000b000 08:02 8530577                    /lib/x86_64-linux-gnu/libnss_files-2.15.so
7f3d52fb2000-7f3d52fb3000 rw-p 0000c000 08:02 8530577                    /lib/x86_64-linux-gnu/libnss_files-2.15.so
7f3d52fb3000-7f3d52fbd000 r-xp 00000000 08:02 8530573                    /lib/x86_64-linux-gnu/libnss_nis-2.15.so
7f3d52fbd000-7f3d531bd000 ---p 0000a000 08:02 8530573                    /lib/x86_64-linux-gnu/libnss_nis-2.15.so
7f3d531bd000-7f3d531be000 r--p 0000a000 08:02 8530573                    /lib/x86_64-linux-gnu/libnss_nis-2.15.so
7f3d531be000-7f3d531bf000 rw-p 0000b000 08:02 8530573                    /lib/x86_64-linux-gnu/libnss_nis-2.15.so
7f3d531bf000-7f3d531d6000 r-xp 00000000 08:02 8530586                    /lib/x86_64-linux-gnu/libnsl-2.15.so
7f3d531d6000-7f3d533d5000 ---p 00017000 08:02 8530586                    /lib/x86_64-linux-gnu/libnsl-2.15.so
7f3d533d5000-7f3d533d6000 r--p 00016000 08:02 8530586                    /lib/x86_64-linux-gnu/libnsl-2.15.so
7f3d533d6000-7f3d533d7000 rw-p 00017000 08:02 8530586                    /lib/x86_64-linux-gnu/libnsl-2.15.so
7f3d533d7000-7f3d533d9000 rw-p 00000000 00:00 0 
7f3d533d9000-7f3d533e1000 r-xp 00000000 08:02 8530578                    /lib/x86_64-linux-gnu/libnss_compat-2.15.so
7f3d533e1000-7f3d535e0000 ---p 00008000 08:02 8530578                    /lib/x86_64-linux-gnu/libnss_compat-2.15.so
7f3d535e0000-7f3d535e1000 r--p 00007000 08:02 8530578                    /lib/x86_64-linux-gnu/libnss_compat-2.15.so
7f3d535e1000-7f3d535e2000 rw-p 00008000 08:02 8530578                    /lib/x86_64-linux-gnu/libnss_compat-2.15.so
7f3d535e2000-7f3d5360f000 r-xp 00000000 08:02 1575115                    /usr/lib/jvm/java-6-openjdk-amd64/jre/lib/amd64/libjava.so
7f3d5360f000-7f3d5380f000 ---p 0002d000 08:02 1575115                    /usr/lib/jvm/java-6-openjdk-amd64/jre/lib/amd64/libjava.so
7f3d5380f000-7f3d53810000 r--p 0002d000 08:02 1575115                    /usr/lib/jvm/java-6-openjdk-amd64/jre/lib/amd64/libjava.so
7f3d53810000-7f3d53813000 rw-p 0002e000 08:02 1575115                    /usr/lib/jvm/java-6-openjdk-amd64/jre/lib/amd64/libjava.so
7f3d53813000-7f3d53822000 r-xp 00000000 08:02 1575114                    /usr/lib/jvm/java-6-openjdk-amd64/jre/lib/amd64/libverify.so
7f3d53822000-7f3d53a21000 ---p 0000f000 08:02 1575114                    /usr/lib/jvm/java-6-openjdk-amd64/jre/lib/amd64/libverify.so
7f3d53a21000-7f3d53a23000 r--p 0000e000 08:02 1575114                    /usr/lib/jvm/java-6-openjdk-amd64/jre/lib/amd64/libverify.so
7f3d53a23000-7f3d53a24000 rw-p 00010000 08:02 1575114                    /usr/lib/jvm/java-6-openjdk-amd64/jre/lib/amd64/libverify.so
7f3d53a24000-7f3d53a2b000 r-xp 00000000 08:02 8530571                    /lib/x86_64-linux-gnu/librt-2.15.so
7f3d53a2b000-7f3d53c2a000 ---p 00007000 08:02 8530571                    /lib/x86_64-linux-gnu/librt-2.15.so
7f3d53c2a000-7f3d53c2b000 r--p 00006000 08:02 8530571                    /lib/x86_64-linux-gnu/librt-2.15.so
7f3d53c2b000-7f3d53c2c000 rw-p 00007000 08:02 8530571                    /lib/x86_64-linux-gnu/librt-2.15.so
7f3d53c2c000-7f3d53c41000 r-xp 00000000 08:02 8526291                    /lib/x86_64-linux-gnu/libgcc_s.so.1
7f3d53c41000-7f3d53e40000 ---p 00015000 08:02 8526291                    /lib/x86_64-linux-gnu/libgcc_s.so.1
7f3d53e40000-7f3d53e41000 r--p 00014000 08:02 8526291                    /lib/x86_64-linux-gnu/libgcc_s.so.1
7f3d53e41000-7f3d53e42000 rw-p 00015000 08:02 8526291                    /lib/x86_64-linux-gnu/libgcc_s.so.1
7f3d53e42000-7f3d53f3d000 r-xp 00000000 08:02 8530575                    /lib/x86_64-linux-gnu/libm-2.15.so
7f3d53f3d000-7f3d5413c000 ---p 000fb000 08:02 8530575                    /lib/x86_64-linux-gnu/libm-2.15.so
7f3d5413c000-7f3d5413d000 r--p 000fa000 08:02 8530575                    /lib/x86_64-linux-gnu/libm-2.15.so
7f3d5413d000-7f3d5413e000 rw-p 000fb000 08:02 8530575                    /lib/x86_64-linux-gnu/libm-2.15.so
7f3d5413e000-7f3d54223000 r-xp 00000000 08:02 1578479                    /usr/lib/x86_64-linux-gnu/libstdc++.so.6.0.17
7f3d54223000-7f3d54422000 ---p 000e5000 08:02 1578479                    /usr/lib/x86_64-linux-gnu/libstdc++.so.6.0.17
7f3d54422000-7f3d5442a000 r--p 000e4000 08:02 1578479                    /usr/lib/x86_64-linux-gnu/libstdc++.so.6.0.17
7f3d5442a000-7f3d5442c000 rw-p 000ec000 08:02 1578479                    /usr/lib/x86_64-linux-gnu/libstdc++.so.6.0.17
7f3d5442c000-7f3d54441000 rw-p 00000000 00:00 0 
7f3d54441000-7f3d54d5f000 r-xp 00000000 08:02 1575119                    /usr/lib/jvm/java-6-openjdk-amd64/jre/lib/amd64/server/libjvm.so
7f3d54d5f000-7f3d54f5f000 ---p 0091e000 08:02 1575119                    /usr/lib/jvm/java-6-openjdk-amd64/jre/lib/amd64/server/libjvm.so
7f3d54f5f000-7f3d54fdf000 r--p 0091e000 08:02 1575119                    /usr/lib/jvm/java-6-openjdk-amd64/jre/lib/amd64/server/libjvm.so
7f3d54fdf000-7f3d54ffa000 rw-p 0099e000 08:02 1575119                    /usr/lib/jvm/java-6-openjdk-amd64/jre/lib/amd64/server/libjvm.so
7f3d54ffa000-7f3d55023000 rw-p 00000000 00:00 0 
7f3d55023000-7f3d55039000 r-xp 00000000 08:02 8519896                    /lib/x86_64-linux-gnu/libz.so.1.2.7
7f3d55039000-7f3d55238000 ---p 00016000 08:02 8519896                    /lib/x86_64-linux-gnu/libz.so.1.2.7
7f3d55238000-7f3d55239000 r--p 00015000 08:02 8519896                    /lib/x86_64-linux-gnu/libz.so.1.2.7
7f3d55239000-7f3d5523a000 rw-p 00016000 08:02 8519896                    /lib/x86_64-linux-gnu/libz.so.1.2.7
7f3d5523a000-7f3d553ef000 r-xp 00000000 08:02 8530567                    /lib/x86_64-linux-gnu/libc-2.15.so
7f3d553ef000-7f3d555ee000 ---p 001b5000 08:02 8530567                    /lib/x86_64-linux-gnu/libc-2.15.so
7f3d555ee000-7f3d555f2000 r--p 001b4000 08:02 8530567                    /lib/x86_64-linux-gnu/libc-2.15.so
7f3d555f2000-7f3d555f4000 rw-p 001b8000 08:02 8530567                    /lib/x86_64-linux-gnu/libc-2.15.so
7f3d555f4000-7f3d555f9000 rw-p 00000000 00:00 0 
7f3d555f9000-7f3d555fb000 r-xp 00000000 08:02 8528762                    /lib/x86_64-linux-gnu/libdl-2.15.so
7f3d555fb000-7f3d557fb000 ---p 00002000 08:02 8528762                    /lib/x86_64-linux-gnu/libdl-2.15.so
7f3d557fb000-7f3d557fc000 r--p 00002000 08:02 8528762                    /lib/x86_64-linux-gnu/libdl-2.15.so
7f3d557fc000-7f3d557fd000 rw-p 00003000 08:02 8528762                    /lib/x86_64-linux-gnu/libdl-2.15.so
7f3d557fd000-7f3d55801000 r-xp 00000000 08:02 1575099                    /usr/lib/jvm/java-6-openjdk-amd64/jre/lib/amd64/jli/libjli.so
7f3d55801000-7f3d55a00000 ---p 00004000 08:02 1575099                    /usr/lib/jvm/java-6-openjdk-amd64/jre/lib/amd64/jli/libjli.so
7f3d55a00000-7f3d55a01000 r--p 00003000 08:02 1575099                    /usr/lib/jvm/java-6-openjdk-amd64/jre/lib/amd64/jli/libjli.so
7f3d55a01000-7f3d55a02000 rw-p 00004000 08:02 1575099                    /usr/lib/jvm/java-6-openjdk-amd64/jre/lib/amd64/jli/libjli.so
7f3d55a02000-7f3d55a1a000 r-xp 00000000 08:02 8530569                    /lib/x86_64-linux-gnu/libpthread-2.15.so
7f3d55a1a000-7f3d55c19000 ---p 00018000 08:02 8530569                    /lib/x86_64-linux-gnu/libpthread-2.15.so
7f3d55c19000-7f3d55c1a000 r--p 00017000 08:02 8530569                    /lib/x86_64-linux-gnu/libpthread-2.15.so
7f3d55c1a000-7f3d55c1b000 rw-p 00018000 08:02 8530569                    /lib/x86_64-linux-gnu/libpthread-2.15.so
7f3d55c1b000-7f3d55c1f000 rw-p 00000000 00:00 0 
7f3d55c1f000-7f3d55c41000 r-xp 00000000 08:02 8530581                    /lib/x86_64-linux-gnu/ld-2.15.so
7f3d55c41000-7f3d55c44000 r--s 00000000 08:02 2365023                    /var/cache/fontconfig/385c0604a188198f04d133e54aba7fe7-le64.cache-3
7f3d55c44000-7f3d55c45000 r--s 00000000 08:02 2361068                    /var/cache/fontconfig/dc05db6664285cc2f12bf69c139ae4c3-le64.cache-3
7f3d55c45000-7f3d55c47000 r--s 00000000 08:02 2361067                    /var/cache/fontconfig/767a8244fc0220cfb567a839d0392e0b-le64.cache-3
7f3d55c47000-7f3d55c48000 r--s 00000000 08:02 2362369                    /var/cache/fontconfig/4794a0821666d79190d59a36cb4f44b5-le64.cache-3
7f3d55c48000-7f3d55c4b000 r--s 00000000 08:02 2361768                    /var/cache/fontconfig/8801497958630a81b71ace7c5f9b32a8-le64.cache-3
7f3d55c4b000-7f3d55c4e000 r--s 00000000 08:02 2361184                    /var/cache/fontconfig/e13b20fdb08344e0e664864cc2ede53d-le64.cache-3
7f3d55c4e000-7f3d55c52000 r--s 00000000 08:02 2361062                    /var/cache/fontconfig/7ef2298fde41cc6eeb7af42e48b7d293-le64.cache-3
7f3d55c52000-7f3d55c53000 r--s 00001000 08:02 1313441                    /home/benjamin/Téléchargements/processing-2.0b7/core/library/gluegen-rt-natives-windows-i586.jar
7f3d55c53000-7f3d55c54000 r--s 00001000 08:02 1313448                    /home/benjamin/Téléchargements/processing-2.0b7/core/library/gluegen-rt-natives-windows-amd64.jar
7f3d55c54000-7f3d55c55000 r--s 00000000 08:02 1313447                    /home/benjamin/Téléchargements/processing-2.0b7/core/library/gluegen-rt-natives-macosx-universal.jar
7f3d55c55000-7f3d55c56000 r--s 00000000 08:02 1313440                    /home/benjamin/Téléchargements/processing-2.0b7/core/library/gluegen-rt-natives-linux-i586.jar
7f3d55c56000-7f3d55c57000 r--s 00000000 08:02 1313443                    /home/benjamin/Téléchargements/processing-2.0b7/core/library/gluegen-rt-natives-linux-amd64.jar
7f3d55c57000-7f3d55c5c000 r--s 00030000 08:02 1313444                    /home/benjamin/Téléchargements/processing-2.0b7/core/library/gluegen-rt.jar
7f3d55c5c000-7f3d55c66000 rw-p 00000000 00:00 0 
7f3d55c66000-7f3d55d1c000 rw-p 00000000 00:00 0 
7f3d55d1c000-7f3d55d1f000 ---p 00000000 00:00 0 
7f3d55d1f000-7f3d55e22000 rw-p 00000000 00:00 0                          [stack:11737]
7f3d55e22000-7f3d55e25000 r--s 00077000 08:02 1313450                    /home/benjamin/Téléchargements/processing-2.0b7/core/library/core.jar
7f3d55e25000-7f3d55e29000 r--s 00039000 08:02 1575043                    /usr/lib/jvm/java-6-openjdk-common/jre/lib/ext/sunpkcs11.jar
7f3d55e29000-7f3d55e2b000 r--s 00001000 08:02 1575049                    /usr/lib/jvm/java-6-openjdk-common/jre/lib/ext/dnsns.jar
7f3d55e2b000-7f3d55e2e000 r--s 00077000 08:02 1575045                    /usr/lib/jvm/java-6-openjdk-common/jre/lib/ext/localedata.jar
7f3d55e2e000-7f3d55e30000 r--s 00006000 08:02 1847019                    /usr/share/java/java-atk-wrapper.jar
7f3d55e30000-7f3d55e33000 r--s 00031000 08:02 1575047                    /usr/lib/jvm/java-6-openjdk-common/jre/lib/ext/sunjce_provider.jar
7f3d55e33000-7f3d55e35000 r--s 0000f000 08:02 1575051                    /usr/lib/jvm/java-6-openjdk-common/jre/lib/ext/pulse-java.jar
7f3d55e35000-7f3d55e3d000 rw-s 00000000 08:02 3151446                    /tmp/hsperfdata_benjamin/11735
7f3d55e3d000-7f3d55e3e000 rw-p 00000000 00:00 0 
7f3d55e3e000-7f3d55e3f000 r--p 00000000 00:00 0 
7f3d55e3f000-7f3d55e41000 rw-p 00000000 00:00 0 
7f3d55e41000-7f3d55e42000 r--p 00022000 08:02 8530581                    /lib/x86_64-linux-gnu/ld-2.15.so
7f3d55e42000-7f3d55e44000 rw-p 00023000 08:02 8530581                    /lib/x86_64-linux-gnu/ld-2.15.so
7fff38244000-7fff38266000 rw-p 00000000 00:00 0                          [stack]
7fff38266000-7fff38267000 r-xp 00000000 00:00 0                          [vdso]
ffffffffff600000-ffffffffff601000 r-xp 00000000 00:00 0                  [vsyscall]

VM Arguments:
jvm_args: -Djava.security.policy=java.policy.applet -Dfile.encoding=UTF-8 
java_command: sun.applet.AppletViewer Test1361808403286.html
Launcher Type: SUN_STANDARD

Environment Variables:
PATH=/usr/lib/lightdm/lightdm:/usr/local/sbin:/usr/local/bin:/usr/sbin:/usr/bin:/sbin:/bin:/usr/games:/usr/local/games:/home/benjamin/commandes/
LD_LIBRARY_PATH=/usr/lib/jvm/java-6-openjdk-amd64/jre/lib/amd64/server:/usr/lib/jvm/java-6-openjdk-amd64/jre/lib/amd64:/usr/lib/jvm/java-6-openjdk-amd64/jre/../lib/amd64
SHELL=/bin/bash
DISPLAY=:0.0

Signal Handlers:
SIGSEGV: [libjvm.so+0x798890], sa_mask[0]=0x7ffbfeff, sa_flags=0x10000004
SIGBUS: [libjvm.so+0x798890], sa_mask[0]=0x7ffbfeff, sa_flags=0x10000004
SIGFPE: [libjvm.so+0x65f730], sa_mask[0]=0x7ffbfeff, sa_flags=0x10000004
SIGPIPE: [libjvm.so+0x65f730], sa_mask[0]=0x7ffbfeff, sa_flags=0x10000004
SIGXFSZ: [libjvm.so+0x65f730], sa_mask[0]=0x7ffbfeff, sa_flags=0x10000004
SIGILL: [libjvm.so+0x65f730], sa_mask[0]=0x7ffbfeff, sa_flags=0x10000004
SIGUSR1: SIG_DFL, sa_mask[0]=0x00000000, sa_flags=0x00000000
SIGUSR2: [libjvm.so+0x65f8f0], sa_mask[0]=0x00000004, sa_flags=0x10000004
SIGHUP: [libjvm.so+0x662250], sa_mask[0]=0x7ffbfeff, sa_flags=0x10000004
SIGINT: [libjvm.so+0x662250], sa_mask[0]=0x7ffbfeff, sa_flags=0x10000004
SIGTERM: [libjvm.so+0x662250], sa_mask[0]=0x7ffbfeff, sa_flags=0x10000004
SIGQUIT: [libjvm.so+0x662250], sa_mask[0]=0x7ffbfeff, sa_flags=0x10000004


---------------  S Y S T E M  ---------------

OS:Ubuntu 12.10 (quantal)
uname:Linux 3.5.0-24-generic #37-Ubuntu SMP Thu Feb 7 01:50:30 UTC 2013 x86_64
libc:glibc 2.15 NPTL 2.15 
rlimit: STACK 8192k, CORE 0k, NPROC 31455, NOFILE 4096, AS infinity
load average:1.49 0.83 0.73

/proc/meminfo:
MemTotal:        4044808 kB
MemFree:         1126556 kB
Buffers:           80940 kB
Cached:           700348 kB
SwapCached:         4372 kB
Active:          1616580 kB
Inactive:        1038108 kB
Active(anon):    1207912 kB
Inactive(anon):   674072 kB
Active(file):     408668 kB
Inactive(file):   364036 kB
Unevictable:       31408 kB
Mlocked:           31408 kB
SwapTotal:        498684 kB
SwapFree:         490084 kB
Dirty:              1116 kB
Writeback:             0 kB
AnonPages:       1901708 kB
Mapped:           218280 kB
Shmem:              2860 kB
Slab:              90504 kB
SReclaimable:      59024 kB
SUnreclaim:        31480 kB
KernelStack:        4392 kB
PageTables:        44768 kB
NFS_Unstable:          0 kB
Bounce:                0 kB
WritebackTmp:          0 kB
CommitLimit:     2521088 kB
Committed_AS:    5428012 kB
VmallocTotal:   34359738367 kB
VmallocUsed:      315960 kB
VmallocChunk:   34359406588 kB
HardwareCorrupted:     0 kB
AnonHugePages:         0 kB
HugePages_Total:       0
HugePages_Free:        0
HugePages_Rsvd:        0
HugePages_Surp:        0
Hugepagesize:       2048 kB
DirectMap4k:      366592 kB
DirectMap2M:     3825664 kB


CPU:total 2 (2 cores per cpu, 1 threads per core) family 6 model 23 stepping 10, cmov, cx8, fxsr, mmx, sse, sse2, sse3, ssse3, sse4.1

Memory: 4k page, physical 4044808k(1126556k free), swap 498684k(490084k free)

vm_info: OpenJDK 64-Bit Server VM (20.0-b12) for linux-amd64 JRE (1.6.0_27-b27), built on Feb  8 2013 03:54:15 by "buildd" with gcc 4.7.2

time: Mon Feb 25 17:07:00 2013
elapsed time: 17 seconds

