#
# A fatal error has been detected by the Java Runtime Environment:
#
#  SIGSEGV (0xb) at pc=0x00007f967b9cd309, pid=11795, tid=140285054879488
#
# JRE version: 6.0_27-b27
# Java VM: OpenJDK 64-Bit Server VM (20.0-b12 mixed mode linux-amd64 compressed oops)
# Derivative: IcedTea6 1.12.1
# Distribution: Ubuntu 12.10, package 6b27-1.12.1-2ubuntu0.12.10.2
# Problematic frame:
# C  [libGL.so.1+0x2fa309]  glDeleteBuffers+0x9
#
# If you would like to submit a bug report, please include
# instructions how to reproduce the bug and visit:
#   https://bugs.launchpad.net/ubuntu/+source/openjdk-6/
# The crash happened outside the Java Virtual Machine in native code.
# See problematic frame for where to report the bug.
#

---------------  T H R E A D  ---------------

Current thread (0x00007f96bc28c800):  JavaThread "thread applet-Test.class" [_thread_in_native, id=11814, stack(0x00007f96a8cd0000,0x00007f96a8dd1000)]

siginfo:si_signo=SIGSEGV: si_errno=0, si_code=1 (SEGV_MAPERR), si_addr=0x0000000000000ee0

Registers:
RAX=0x0000000000000000, RBX=0x00000000b8d27ca8, RCX=0x00007f967b9cd300, RDX=0x00000000ec58b320
RSP=0x00007f96a8dcf658, RBP=0x00007f96a8dcf6a0, RSI=0x00000000ec58b320, RDI=0x0000000000000001
R8 =0x00007f96c19d1aa0, R9 =0x0000000000000000, R10=0x00007f96b8bfbd3b, R11=0x00007f96c1bd88e0
R12=0x0000000000000000, R13=0x00000000b8d27ca8, R14=0x00007f96a8dcf778, R15=0x00007f96bc28c800
RIP=0x00007f967b9cd309, EFLAGS=0x0000000000010202, CSGSFS=0x0000000000000033, ERR=0x0000000000000004
  TRAPNO=0x000000000000000e

Top of Stack: (sp=0x00007f96a8dcf658)
0x00007f96a8dcf658:   00007f9678e9813c 00007f96a8dcf700
0x00007f96a8dcf668:   00000000000000b5 00007f96a8dcf768
0x00007f96a8dcf678:   0000000100000000 00007f96a8dcf778
0x00007f96a8dcf688:   00007f96bc28c9d0 00000000ec58b320
0x00007f96a8dcf698:   00007f967b9cd300 00007f96a8dcf728
0x00007f96a8dcf6a8:   00007f96b8bfbd68 00007f967b9cd300
0x00007f96a8dcf6b8:   00007f9694067e98 00007f96fffffffe
0x00007f96a8dcf6c8:   0000000000000594 00007f96a8dcf748
0x00007f96a8dcf6d8:   00007f96b8c06a83 00007f96b8befdd0
0x00007f96a8dcf6e8:   00007f96a8dcf6e8 00000000b8d27ca8
0x00007f96a8dcf6f8:   00007f96a8dcf778 00000000b8ed1668
0x00007f96a8dcf708:   0000000000000000 00000000b8d27ca8
0x00007f96a8dcf718:   0000000000000000 00007f96a8dcf748
0x00007f96a8dcf728:   00007f96a8dcf7c0 00007f96b8bf085a
0x00007f96a8dcf738:   0000000000000000 00007f96b8bf8f58
0x00007f96a8dcf748:   00007f967b9cd300 00007f96a8dcf7f8
0x00007f96a8dcf758:   0000000000000000 0000000000000000
0x00007f96a8dcf768:   00000000ec58b310 0000000000000001
0x00007f96a8dcf778:   00000000ebfca698 00007f96a8dcf780
0x00007f96a8dcf788:   00000000b8d27df5 00007f96a8dcf7f8
0x00007f96a8dcf798:   00000000b8ed1668 0000000000000000
0x00007f96a8dcf7a8:   00000000b8d27e08 00007f96a8dcf748
0x00007f96a8dcf7b8:   00007f96a8dcf7e0 00007f96a8dcf840
0x00007f96a8dcf7c8:   00007f96b8bf0d34 00007f967b9cd300
0x00007f96a8dcf7d8:   0000000000000000 0000000000000000
0x00007f96a8dcf7e8:   00000000ec58b310 0000000000000001
0x00007f96a8dcf7f8:   00000000ebfca698 00007f96a8dcf800
0x00007f96a8dcf808:   00000000b894351e 00007f96a8dcf868
0x00007f96a8dcf818:   00000000b8a5e858 0000000000000000
0x00007f96a8dcf828:   00000000b8943560 00007f96a8dcf7e0
0x00007f96a8dcf838:   00007f96a8dcf850 00007f96a8dcf8b0
0x00007f96a8dcf848:   00007f96b8bf085a 0000000000000000 

Instructions: (pc=0x00007f967b9cd309)
0x00007f967b9cd2e9:   ff a0 d8 0e 00 00 cc cc cc cc cc cc cc cc cc cc
0x00007f967b9cd2f9:   cc cc cc cc cc cc cc 64 48 8b 04 25 80 ff ff ff
0x00007f967b9cd309:   ff a0 e0 0e 00 00 cc cc cc cc cc cc cc cc cc cc
0x00007f967b9cd319:   cc cc cc cc cc cc cc 64 48 8b 04 25 80 ff ff ff 

Register to memory mapping:

RAX=0x0000000000000000 is an unknown value
RBX=0x00000000b8d27ca8 is an oop
{method} 
 - klass: {other class}
RCX=0x00007f967b9cd300: glDeleteBuffers+0 in /usr/lib/nvidia-current/libGL.so.1 at 0x00007f967b6d3000
RDX=0x00000000ec58b320 is an unknown value
RSP=0x00007f96a8dcf658 is pointing into the stack for thread: 0x00007f96bc28c800
RBP=0x00007f96a8dcf6a0 is pointing into the stack for thread: 0x00007f96bc28c800
RSI=0x00000000ec58b320 is an unknown value
RDI=0x0000000000000001 is an unknown value
R8 =0x00007f96c19d1aa0: <offset 0x4d1aa0> in /usr/lib/jvm/java-6-openjdk-amd64/jre/lib/amd64/server/libjvm.so at 0x00007f96c1500000
R9 =0x0000000000000000 is an unknown value
R10=0x00007f96b8bfbd3b is an Interpreter codelet
method entry point (kind = native)  [0x00007f96b8bfbae0, 0x00007f96b8bfc320]  2112 bytes
R11=0x00007f96c1bd88e0: <offset 0x6d88e0> in /usr/lib/jvm/java-6-openjdk-amd64/jre/lib/amd64/server/libjvm.so at 0x00007f96c1500000
R12=0x0000000000000000 is an unknown value
R13=0x00000000b8d27ca8 is an oop
{method} 
 - klass: {other class}
R14=0x00007f96a8dcf778 is pointing into the stack for thread: 0x00007f96bc28c800
R15=0x00007f96bc28c800 is a thread


Stack: [0x00007f96a8cd0000,0x00007f96a8dd1000],  sp=0x00007f96a8dcf658,  free space=1021k
Native frames: (J=compiled Java code, j=interpreted, Vv=VM code, C=native code)
C  [libGL.so.1+0x2fa309]  glDeleteBuffers+0x9
j  jogamp.opengl.gl4.GL4bcImpl.dispatch_glDeleteBuffers1(ILjava/lang/Object;IZJ)V+0
j  jogamp.opengl.gl4.GL4bcImpl.glDeleteBuffers(I[II)V+101
j  processing.opengl.PGL.deleteBuffers(I[II)V+6
j  processing.opengl.PGraphicsOpenGL.deleteVertexBufferObject(II)V+38
j  processing.opengl.PGraphicsOpenGL.deletePolyBuffers()V+19
j  processing.opengl.PGraphicsOpenGL.dispose()V+9
j  processing.core.PApplet.dispose()V+28
j  processing.core.PApplet.destroy()V+1
j  sun.applet.AppletPanel.run()V+562
j  java.lang.Thread.run()V+11
v  ~StubRoutines::call_stub
V  [libjvm.so+0x4bcdf7]  JavaCalls::call_helper(JavaValue*, methodHandle*, JavaCallArguments*, Thread*)+0x2a7
V  [libjvm.so+0x4bc215]  JavaCalls::call(JavaValue*, methodHandle, JavaCallArguments*, Thread*)+0x25
V  [libjvm.so+0x4bc702]  JavaCalls::call_virtual(JavaValue*, KlassHandle, symbolHandle, symbolHandle, JavaCallArguments*, Thread*)+0x1b2
V  [libjvm.so+0x4bc82f]  JavaCalls::call_virtual(JavaValue*, Handle, KlassHandle, symbolHandle, symbolHandle, Thread*)+0x4f
V  [libjvm.so+0x4f190f]  thread_entry(JavaThread*, Thread*)+0xaf
V  [libjvm.so+0x75f708]  JavaThread::thread_main_inner()+0x58
V  [libjvm.so+0x662e1a]  java_start(Thread*)+0xda

Java frames: (J=compiled Java code, j=interpreted, Vv=VM code)
j  jogamp.opengl.gl4.GL4bcImpl.dispatch_glDeleteBuffers1(ILjava/lang/Object;IZJ)V+0
j  jogamp.opengl.gl4.GL4bcImpl.glDeleteBuffers(I[II)V+101
j  processing.opengl.PGL.deleteBuffers(I[II)V+6
j  processing.opengl.PGraphicsOpenGL.deleteVertexBufferObject(II)V+38
j  processing.opengl.PGraphicsOpenGL.deletePolyBuffers()V+19
j  processing.opengl.PGraphicsOpenGL.dispose()V+9
j  processing.core.PApplet.dispose()V+28
j  processing.core.PApplet.destroy()V+1
j  sun.applet.AppletPanel.run()V+562
j  java.lang.Thread.run()V+11
v  ~StubRoutines::call_stub

---------------  P R O C E S S  ---------------

Java Threads: ( => current thread )
  0x00007f9680026000 JavaThread "Thread-6" [_thread_blocked, id=11834, stack(0x00007f967803b000,0x00007f967813c000)]
  0x00007f967c062000 JavaThread "Animation Thread-Display-.x11_:0.0-1-EDT-1" daemon [_thread_blocked, id=11832, stack(0x00007f9678423000,0x00007f9678524000)]
  0x00007f967c040000 JavaThread "Animation Thread-SharedResourceRunner" daemon [_thread_blocked, id=11831, stack(0x00007f96a84ad000,0x00007f96a85ae000)]
  0x00007f967c00b800 JavaThread "Animation Thread" [_thread_in_native, id=11820, stack(0x00007f96a85ae000,0x00007f96a86af000)]
  0x00007f967c008000 JavaThread "AWT-EventQueue-1" [_thread_blocked, id=11819, stack(0x00007f96a86af000,0x00007f96a87b0000)]
  0x00007f96bc008800 JavaThread "DestroyJavaVM" [_thread_blocked, id=11797, stack(0x00007f96c2ddb000,0x00007f96c2edc000)]
  0x00007f96bc294000 JavaThread "AWT-EventQueue-0" [_thread_blocked, id=11816, stack(0x00007f96a8bcf000,0x00007f96a8cd0000)]
  0x00007f96bc2a4800 JavaThread "AWT-Shutdown" [_thread_blocked, id=11815, stack(0x00007f96a8dd1000,0x00007f96a8ed2000)]
=>0x00007f96bc28c800 JavaThread "thread applet-Test.class" [_thread_in_native, id=11814, stack(0x00007f96a8cd0000,0x00007f96a8dd1000)]
  0x00007f96bc27c000 JavaThread "AWT-XAWT" daemon [_thread_in_native, id=11812, stack(0x00007f96a918d000,0x00007f96a928e000)]
  0x00007f96bc1ee800 JavaThread "Java2D Disposer" daemon [_thread_blocked, id=11811, stack(0x00007f96a9577000,0x00007f96a9678000)]
  0x00007f96bc09a800 JavaThread "Low Memory Detector" daemon [_thread_blocked, id=11809, stack(0x00007f96ab312000,0x00007f96ab413000)]
  0x00007f96bc098800 JavaThread "C2 CompilerThread1" daemon [_thread_in_native, id=11808, stack(0x00007f96ab413000,0x00007f96ab514000)]
  0x00007f96bc095800 JavaThread "C2 CompilerThread0" daemon [_thread_blocked, id=11807, stack(0x00007f96ab514000,0x00007f96ab615000)]
  0x00007f96bc087000 JavaThread "Signal Dispatcher" daemon [_thread_blocked, id=11806, stack(0x00007f96ab615000,0x00007f96ab716000)]
  0x00007f96bc075000 JavaThread "Finalizer" daemon [_thread_blocked, id=11805, stack(0x00007f96abdfe000,0x00007f96abeff000)]
  0x00007f96bc073000 JavaThread "Reference Handler" daemon [_thread_blocked, id=11804, stack(0x00007f96abeff000,0x00007f96ac000000)]

Other Threads:
  0x00007f96bc06e000 VMThread [stack: 0x00007f96b806d000,0x00007f96b816e000] [id=11803]
  0x00007f96bc09d000 WatcherThread [stack: 0x00007f96ab211000,0x00007f96ab312000] [id=11810]

VM state:not at safepoint (normal execution)

VM Mutex/Monitor currently owned by a thread: None

Heap
 PSYoungGen      total 18432K, used 16866K [0x00000000eb6b0000, 0x00000000ecb40000, 0x0000000100000000)
  eden space 15808K, 98% used [0x00000000eb6b0000,0x00000000ec5e7d90,0x00000000ec620000)
  from space 2624K, 48% used [0x00000000ec620000,0x00000000ec760ac0,0x00000000ec8b0000)
  to   space 2624K, 0% used [0x00000000ec8b0000,0x00000000ec8b0000,0x00000000ecb40000)
 PSOldGen        total 42176K, used 0K [0x00000000c2400000, 0x00000000c4d30000, 0x00000000eb6b0000)
  object space 42176K, 0% used [0x00000000c2400000,0x00000000c2400000,0x00000000c4d30000)
 PSPermGen       total 21248K, used 20727K [0x00000000b7e00000, 0x00000000b92c0000, 0x00000000c2400000)
  object space 21248K, 97% used [0x00000000b7e00000,0x00000000b923def0,0x00000000b92c0000)

Code Cache  [0x00007f96b8beb000, 0x00007f96b8e5b000, 0x00007f96bbbeb000)
 total_blobs=954 nmethods=159 adapters=749 free_code_cache=49321216 largest_free_block=6272

Dynamic libraries:
00400000-00409000 r-xp 00000000 08:02 1708375                            /usr/lib/jvm/java-6-openjdk-amd64/jre/bin/java
00608000-00609000 r--p 00008000 08:02 1708375                            /usr/lib/jvm/java-6-openjdk-amd64/jre/bin/java
00609000-0060a000 rw-p 00009000 08:02 1708375                            /usr/lib/jvm/java-6-openjdk-amd64/jre/bin/java
00889000-00a59000 rw-p 00000000 00:00 0                                  [heap]
40349000-4034b000 r-xs 00000000 08:02 1048584                            /tmp/glJTEACm (deleted)
40917000-40995000 rw-p 00000000 00:00 0 
41991000-41a0f000 rw-p 00000000 00:00 0 
b7e00000-b92c0000 rw-p 00000000 00:00 0 
b92c0000-c2400000 rw-p 00000000 00:00 0 
c2400000-c4d30000 rw-p 00000000 00:00 0 
c4d30000-eb6b0000 rw-p 00000000 00:00 0 
eb6b0000-ecb40000 rw-p 00000000 00:00 0 
ecb40000-100000000 rw-p 00000000 00:00 0 
7f967803b000-7f967803e000 ---p 00000000 00:00 0 
7f967803e000-7f967813c000 rw-p 00000000 00:00 0                          [stack:11834]
7f967813c000-7f9678143000 r--s 00000000 08:02 1839534                    /usr/lib/x86_64-linux-gnu/gconv/gconv-modules.cache
7f9678143000-7f96781c3000 rw-s a5da4000 00:05 9184                       /dev/nvidia0
7f96781c3000-7f96782c3000 rw-s 06737000 00:05 9184                       /dev/nvidia0
7f96782c3000-7f9678303000 rw-s 6492b000 00:05 9184                       /dev/nvidia0
7f9678323000-7f9678423000 rw-s 72a4f000 00:05 9184                       /dev/nvidia0
7f9678423000-7f9678426000 ---p 00000000 00:00 0 
7f9678426000-7f9678524000 rw-p 00000000 00:00 0                          [stack:11832]
7f9678524000-7f967852d000 r-xp 00000000 08:02 1583959                    /usr/lib/x86_64-linux-gnu/libXrandr.so.2.2.0
7f967852d000-7f967872c000 ---p 00009000 08:02 1583959                    /usr/lib/x86_64-linux-gnu/libXrandr.so.2.2.0
7f967872c000-7f967872d000 r--p 00008000 08:02 1583959                    /usr/lib/x86_64-linux-gnu/libXrandr.so.2.2.0
7f967872d000-7f967872e000 rw-p 00009000 08:02 1583959                    /usr/lib/x86_64-linux-gnu/libXrandr.so.2.2.0
7f967874b000-7f9678755000 r-xp 00000000 08:02 4587571                    /tmp/jogamp_0000/file_cache/jln1960265702076883660/jln6426806005031275321/libnewt.so
7f9678755000-7f9678955000 ---p 0000a000 08:02 4587571                    /tmp/jogamp_0000/file_cache/jln1960265702076883660/jln6426806005031275321/libnewt.so
7f9678955000-7f9678956000 r--p 0000a000 08:02 4587571                    /tmp/jogamp_0000/file_cache/jln1960265702076883660/jln6426806005031275321/libnewt.so
7f9678956000-7f9678957000 rw-p 0000b000 08:02 4587571                    /tmp/jogamp_0000/file_cache/jln1960265702076883660/jln6426806005031275321/libnewt.so
7f9678957000-7f9678b57000 rw-s 56486000 00:05 9184                       /dev/nvidia0
7f9678b57000-7f9678c57000 rw-s 5677c000 00:05 9184                       /dev/nvidia0
7f9678c57000-7f9678c59000 r-xp 00000000 08:02 1583942                    /usr/lib/x86_64-linux-gnu/libXinerama.so.1.0.0
7f9678c59000-7f9678e58000 ---p 00002000 08:02 1583942                    /usr/lib/x86_64-linux-gnu/libXinerama.so.1.0.0
7f9678e58000-7f9678e59000 r--p 00001000 08:02 1583942                    /usr/lib/x86_64-linux-gnu/libXinerama.so.1.0.0
7f9678e59000-7f9678e5a000 rw-p 00002000 08:02 1583942                    /usr/lib/x86_64-linux-gnu/libXinerama.so.1.0.0
7f9678e5a000-7f9678ee6000 r-xp 00000000 08:02 4587567                    /tmp/jogamp_0000/file_cache/jln1960265702076883660/jln6426806005031275321/libjogl_desktop.so
7f9678ee6000-7f96790e5000 ---p 0008c000 08:02 4587567                    /tmp/jogamp_0000/file_cache/jln1960265702076883660/jln6426806005031275321/libjogl_desktop.so
7f96790e5000-7f96790e6000 r--p 0008b000 08:02 4587567                    /tmp/jogamp_0000/file_cache/jln1960265702076883660/jln6426806005031275321/libjogl_desktop.so
7f96790e6000-7f96790e7000 rw-p 0008c000 08:02 4587567                    /tmp/jogamp_0000/file_cache/jln1960265702076883660/jln6426806005031275321/libjogl_desktop.so
7f96790e7000-7f967aab6000 r-xp 00000000 08:02 4326356                    /usr/lib/nvidia-current/libnvidia-glcore.so.304.43
7f967aab6000-7f967acb5000 ---p 019cf000 08:02 4326356                    /usr/lib/nvidia-current/libnvidia-glcore.so.304.43
7f967acb5000-7f967b4b6000 rwxp 019ce000 08:02 4326356                    /usr/lib/nvidia-current/libnvidia-glcore.so.304.43
7f967b4b6000-7f967b4d0000 rwxp 00000000 00:00 0 
7f967b4d0000-7f967b4d3000 r-xp 00000000 08:02 4326353                    /usr/lib/nvidia-current/tls/libnvidia-tls.so.304.43
7f967b4d3000-7f967b6d2000 ---p 00003000 08:02 4326353                    /usr/lib/nvidia-current/tls/libnvidia-tls.so.304.43
7f967b6d2000-7f967b6d3000 rw-p 00002000 08:02 4326353                    /usr/lib/nvidia-current/tls/libnvidia-tls.so.304.43
7f967b6d3000-7f967b79d000 r-xp 00000000 08:02 4326355                    /usr/lib/nvidia-current/libGL.so.304.43
7f967b79d000-7f967b99d000 ---p 000ca000 08:02 4326355                    /usr/lib/nvidia-current/libGL.so.304.43
7f967b99d000-7f967b9da000 rwxp 000ca000 08:02 4326355                    /usr/lib/nvidia-current/libGL.so.304.43
7f967b9da000-7f967b9f0000 rwxp 00000000 00:00 0 
7f967b9f0000-7f967b9f4000 r-xp 00000000 08:02 1584988                    /usr/lib/x86_64-linux-gnu/libXxf86vm.so.1.0.0
7f967b9f4000-7f967bbf4000 ---p 00004000 08:02 1584988                    /usr/lib/x86_64-linux-gnu/libXxf86vm.so.1.0.0
7f967bbf4000-7f967bbf5000 r--p 00004000 08:02 1584988                    /usr/lib/x86_64-linux-gnu/libXxf86vm.so.1.0.0
7f967bbf5000-7f967bbf6000 rw-p 00005000 08:02 1584988                    /usr/lib/x86_64-linux-gnu/libXxf86vm.so.1.0.0
7f967bbf6000-7f967bbfc000 r-xp 00000000 08:02 4587570                    /tmp/jogamp_0000/file_cache/jln1960265702076883660/jln6426806005031275321/libnativewindow_x11.so
7f967bbfc000-7f967bdfb000 ---p 00006000 08:02 4587570                    /tmp/jogamp_0000/file_cache/jln1960265702076883660/jln6426806005031275321/libnativewindow_x11.so
7f967bdfb000-7f967bdfc000 r--p 00005000 08:02 4587570                    /tmp/jogamp_0000/file_cache/jln1960265702076883660/jln6426806005031275321/libnativewindow_x11.so
7f967bdfc000-7f967bdfd000 rw-p 00006000 08:02 4587570                    /tmp/jogamp_0000/file_cache/jln1960265702076883660/jln6426806005031275321/libnativewindow_x11.so
7f967bdfd000-7f967bdff000 r-xp 00000000 08:02 4587569                    /tmp/jogamp_0000/file_cache/jln1960265702076883660/jln6426806005031275321/libnativewindow_awt.so
7f967bdff000-7f967bffe000 ---p 00002000 08:02 4587569                    /tmp/jogamp_0000/file_cache/jln1960265702076883660/jln6426806005031275321/libnativewindow_awt.so
7f967bffe000-7f967bfff000 r--p 00001000 08:02 4587569                    /tmp/jogamp_0000/file_cache/jln1960265702076883660/jln6426806005031275321/libnativewindow_awt.so
7f967bfff000-7f967c000000 rw-p 00002000 08:02 4587569                    /tmp/jogamp_0000/file_cache/jln1960265702076883660/jln6426806005031275321/libnativewindow_awt.so
7f967c000000-7f967c5c9000 rw-p 00000000 00:00 0 
7f967c5c9000-7f9680000000 ---p 00000000 00:00 0 
7f9680000000-7f9680078000 rw-p 00000000 00:00 0 
7f9680078000-7f9684000000 ---p 00000000 00:00 0 
7f9684000000-7f9684242000 rw-p 00000000 00:00 0 
7f9684242000-7f9688000000 ---p 00000000 00:00 0 
7f9688000000-7f9688510000 rw-p 00000000 00:00 0 
7f9688510000-7f968c000000 ---p 00000000 00:00 0 
7f968c000000-7f968c021000 rw-p 00000000 00:00 0 
7f968c021000-7f9690000000 ---p 00000000 00:00 0 
7f9690000000-7f9690021000 rw-p 00000000 00:00 0 
7f9690021000-7f9694000000 ---p 00000000 00:00 0 
7f9694000000-7f969430c000 rw-p 00000000 00:00 0 
7f969430c000-7f9698000000 ---p 00000000 00:00 0 
7f9698000000-7f9698aef000 rw-p 00000000 00:00 0 
7f9698aef000-7f969c000000 ---p 00000000 00:00 0 
7f969c000000-7f969c021000 rw-p 00000000 00:00 0 
7f969c021000-7f96a0000000 ---p 00000000 00:00 0 
7f96a0000000-7f96a0021000 rw-p 00000000 00:00 0 
7f96a0021000-7f96a4000000 ---p 00000000 00:00 0 
7f96a4000000-7f96a4021000 rw-p 00000000 00:00 0 
7f96a4021000-7f96a8000000 ---p 00000000 00:00 0 
7f96a8007000-7f96a8008000 rw-s f2c0c000 00:05 9184                       /dev/nvidia0
7f96a8008000-7f96a8048000 rw-s 755d5000 00:05 9184                       /dev/nvidia0
7f96a8048000-7f96a8068000 rw-s b1642000 00:05 9184                       /dev/nvidia0
7f96a8068000-7f96a80a8000 rw-s 5504e000 00:05 9184                       /dev/nvidia0
7f96a80a8000-7f96a80a9000 r-xp 00000000 08:02 1575194                    /usr/lib/jvm/java-6-openjdk-amd64/jre/lib/amd64/libjawt.so
7f96a80a9000-7f96a82a8000 ---p 00001000 08:02 1575194                    /usr/lib/jvm/java-6-openjdk-amd64/jre/lib/amd64/libjawt.so
7f96a82a8000-7f96a82a9000 r--p 00000000 08:02 1575194                    /usr/lib/jvm/java-6-openjdk-amd64/jre/lib/amd64/libjawt.so
7f96a82a9000-7f96a82aa000 rw-p 00001000 08:02 1575194                    /usr/lib/jvm/java-6-openjdk-amd64/jre/lib/amd64/libjawt.so
7f96a82aa000-7f96a82ac000 r-xp 00000000 08:02 4587823                    /tmp/jogamp_0000/file_cache/jln1960265702076883660/jln6426806005031275321/libgluegen-rt.so
7f96a82ac000-7f96a84ab000 ---p 00002000 08:02 4587823                    /tmp/jogamp_0000/file_cache/jln1960265702076883660/jln6426806005031275321/libgluegen-rt.so
7f96a84ab000-7f96a84ac000 r--p 00001000 08:02 4587823                    /tmp/jogamp_0000/file_cache/jln1960265702076883660/jln6426806005031275321/libgluegen-rt.so
7f96a84ac000-7f96a84ad000 rw-p 00002000 08:02 4587823                    /tmp/jogamp_0000/file_cache/jln1960265702076883660/jln6426806005031275321/libgluegen-rt.so
7f96a84ad000-7f96a84b0000 ---p 00000000 00:00 0 
7f96a84b0000-7f96a85ae000 rw-p 00000000 00:00 0                          [stack:11831]
7f96a85ae000-7f96a85b1000 ---p 00000000 00:00 0 
7f96a85b1000-7f96a86af000 rw-p 00000000 00:00 0                          [stack:11820]
7f96a86af000-7f96a86b2000 ---p 00000000 00:00 0 
7f96a86b2000-7f96a87b0000 rw-p 00000000 00:00 0                          [stack:11819]
7f96a87b0000-7f96a87b8000 r-xp 00000000 08:02 1575103                    /usr/lib/jvm/java-6-openjdk-amd64/jre/lib/amd64/libnio.so
7f96a87b8000-7f96a89b7000 ---p 00008000 08:02 1575103                    /usr/lib/jvm/java-6-openjdk-amd64/jre/lib/amd64/libnio.so
7f96a89b7000-7f96a89b8000 r--p 00007000 08:02 1575103                    /usr/lib/jvm/java-6-openjdk-amd64/jre/lib/amd64/libnio.so
7f96a89b8000-7f96a89b9000 rw-p 00008000 08:02 1575103                    /usr/lib/jvm/java-6-openjdk-amd64/jre/lib/amd64/libnio.so
7f96a89b9000-7f96a89ce000 r-xp 00000000 08:02 1575107                    /usr/lib/jvm/java-6-openjdk-amd64/jre/lib/amd64/libnet.so
7f96a89ce000-7f96a8bcd000 ---p 00015000 08:02 1575107                    /usr/lib/jvm/java-6-openjdk-amd64/jre/lib/amd64/libnet.so
7f96a8bcd000-7f96a8bce000 r--p 00014000 08:02 1575107                    /usr/lib/jvm/java-6-openjdk-amd64/jre/lib/amd64/libnet.so
7f96a8bce000-7f96a8bcf000 rw-p 00015000 08:02 1575107                    /usr/lib/jvm/java-6-openjdk-amd64/jre/lib/amd64/libnet.so
7f96a8bcf000-7f96a8bd2000 ---p 00000000 00:00 0 
7f96a8bd2000-7f96a8cd0000 rw-p 00000000 00:00 0                          [stack:11816]
7f96a8cd0000-7f96a8cd3000 ---p 00000000 00:00 0 
7f96a8cd3000-7f96a8dd1000 rw-p 00000000 00:00 0                          [stack:11814]
7f96a8dd1000-7f96a8dd4000 ---p 00000000 00:00 0 
7f96a8dd4000-7f96a8ed2000 rw-p 00000000 00:00 0                          [stack:11815]
7f96a8ed2000-7f96a8ed7000 r-xp 00000000 08:02 1583967                    /usr/lib/x86_64-linux-gnu/libXfixes.so.3.1.0
7f96a8ed7000-7f96a90d6000 ---p 00005000 08:02 1583967                    /usr/lib/x86_64-linux-gnu/libXfixes.so.3.1.0
7f96a90d6000-7f96a90d7000 r--p 00004000 08:02 1583967                    /usr/lib/x86_64-linux-gnu/libXfixes.so.3.1.0
7f96a90d7000-7f96a90d8000 rw-p 00005000 08:02 1583967                    /usr/lib/x86_64-linux-gnu/libXfixes.so.3.1.0
7f96a90d8000-7f96a90d9000 r--s 00000000 08:02 2360001                    /var/cache/fontconfig/c05880de57d1f5e948fdfacc138775d9-le64.cache-3
7f96a90d9000-7f96a90e2000 r--s 00000000 08:02 2366149                    /var/cache/fontconfig/945677eb7aeaf62f1d50efc3fb3ec7d8-le64.cache-3
7f96a90e2000-7f96a90e6000 r--s 00000000 08:02 2361886                    /var/cache/fontconfig/99e8ed0e538f840c565b6ed5dad60d56-le64.cache-3
7f96a90e6000-7f96a90ee000 r--s 00000000 08:02 2361773                    /var/cache/fontconfig/a6d8cf8e4ec09cdbc8633c31745a07dd-le64.cache-3
7f96a90ee000-7f96a90f3000 r--s 00000000 08:02 2361883                    /var/cache/fontconfig/2cd17615ca594fa2959ae173292e504c-le64.cache-3
7f96a90f3000-7f96a90f4000 r--s 00000000 08:02 2366130                    /var/cache/fontconfig/e7071f4a29fa870f4323321c154eba04-le64.cache-3
7f96a90f4000-7f96a90f5000 r--s 00000000 08:02 2366129                    /var/cache/fontconfig/0d8c3b2ac0904cb8a57a757ad11a4a08-le64.cache-3
7f96a90f5000-7f96a90fb000 r--s 00000000 08:02 2366128                    /var/cache/fontconfig/a755afe4a08bf5b97852ceb7400b47bc-le64.cache-3
7f96a90fb000-7f96a9104000 r--s 00000000 08:02 2366127                    /var/cache/fontconfig/6d41288fd70b0be22e8c3a91e032eec0-le64.cache-3
7f96a9104000-7f96a9114000 r--s 00000000 08:02 2361771                    /var/cache/fontconfig/04aabc0a78ac019cf9454389977116d2-le64.cache-3
7f96a911f000-7f96a913f000 rw-s 21bd9000 00:05 9184                       /dev/nvidia0
7f96a913f000-7f96a915c000 rw-s 11f2a6000 00:05 9184                      /dev/nvidia0
7f96a915c000-7f96a918d000 rw-p 00000000 00:00 0 
7f96a918d000-7f96a9190000 ---p 00000000 00:00 0 
7f96a9190000-7f96a928e000 rw-p 00000000 00:00 0                          [stack:11812]
7f96a928e000-7f96a928f000 r--s 00000000 08:02 2360001                    /var/cache/fontconfig/c05880de57d1f5e948fdfacc138775d9-le64.cache-3
7f96a928f000-7f96a9298000 r--s 00000000 08:02 2366149                    /var/cache/fontconfig/945677eb7aeaf62f1d50efc3fb3ec7d8-le64.cache-3
7f96a9298000-7f96a929c000 r--s 00000000 08:02 2361886                    /var/cache/fontconfig/99e8ed0e538f840c565b6ed5dad60d56-le64.cache-3
7f96a929c000-7f96a92a4000 r--s 00000000 08:02 2361773                    /var/cache/fontconfig/a6d8cf8e4ec09cdbc8633c31745a07dd-le64.cache-3
7f96a92a4000-7f96a92a9000 r--s 00000000 08:02 2361883                    /var/cache/fontconfig/2cd17615ca594fa2959ae173292e504c-le64.cache-3
7f96a92a9000-7f96a92aa000 r--s 00000000 08:02 2366130                    /var/cache/fontconfig/e7071f4a29fa870f4323321c154eba04-le64.cache-3
7f96a92aa000-7f96a92ab000 r--s 00000000 08:02 2366129                    /var/cache/fontconfig/0d8c3b2ac0904cb8a57a757ad11a4a08-le64.cache-3
7f96a92ab000-7f96a92b1000 r--s 00000000 08:02 2366128                    /var/cache/fontconfig/a755afe4a08bf5b97852ceb7400b47bc-le64.cache-3
7f96a92b1000-7f96a92ba000 r--s 00000000 08:02 2366127                    /var/cache/fontconfig/6d41288fd70b0be22e8c3a91e032eec0-le64.cache-3
7f96a92ba000-7f96a92ca000 r--s 00000000 08:02 2361771                    /var/cache/fontconfig/04aabc0a78ac019cf9454389977116d2-le64.cache-3
7f96a92ca000-7f96a92cb000 r--s 00000000 08:02 2361069                    /var/cache/fontconfig/1ac9eb803944fde146138c791f5cc56a-le64.cache-3
7f96a92cb000-7f96a92ce000 r--s 00000000 08:02 2365023                    /var/cache/fontconfig/385c0604a188198f04d133e54aba7fe7-le64.cache-3
7f96a92ce000-7f96a92cf000 r--s 00000000 08:02 2361068                    /var/cache/fontconfig/dc05db6664285cc2f12bf69c139ae4c3-le64.cache-3
7f96a92cf000-7f96a92d1000 r--s 00000000 08:02 2361067                    /var/cache/fontconfig/767a8244fc0220cfb567a839d0392e0b-le64.cache-3
7f96a92d1000-7f96a92d2000 r--s 00000000 08:02 2362369                    /var/cache/fontconfig/4794a0821666d79190d59a36cb4f44b5-le64.cache-3
7f96a92d2000-7f96a92d5000 r--s 00000000 08:02 2361768                    /var/cache/fontconfig/8801497958630a81b71ace7c5f9b32a8-le64.cache-3
7f96a92d5000-7f96a9303000 r--s 00000000 08:02 2364547                    /var/cache/fontconfig/365b55f210c0a22e9a19e35191240f32-le64.cache-3
7f96a9303000-7f96a9308000 r--s 00000000 08:02 2359476                    /var/cache/fontconfig/3047814df9a2f067bd2d96a2b9c36e5a-le64.cache-3
7f96a9308000-7f96a9309000 r--s 00000000 08:02 2364544                    /var/cache/fontconfig/56cf4f4769d0f4abc89a4895d7bd3ae1-le64.cache-3
7f96a9309000-7f96a930a000 r--s 00000000 08:02 2361767                    /var/cache/fontconfig/b9d506c9ac06c20b433354fa67a72993-le64.cache-3
7f96a930a000-7f96a930f000 r--s 00000000 08:02 2361766                    /var/cache/fontconfig/b47c4e1ecd0709278f4910c18777a504-le64.cache-3
7f96a930f000-7f96a9320000 r--s 00000000 08:02 2364540                    /var/cache/fontconfig/d52a8644073d54c13679302ca1180695-le64.cache-3
7f96a9330000-7f96a9334000 rw-s 55230000 00:05 9184                       /dev/nvidia0
7f96a9334000-7f96a933d000 r-xp 00000000 08:02 1583970                    /usr/lib/x86_64-linux-gnu/libXcursor.so.1.0.2
7f96a933d000-7f96a953d000 ---p 00009000 08:02 1583970                    /usr/lib/x86_64-linux-gnu/libXcursor.so.1.0.2
7f96a953d000-7f96a953e000 r--p 00009000 08:02 1583970                    /usr/lib/x86_64-linux-gnu/libXcursor.so.1.0.2
7f96a953e000-7f96a953f000 rw-p 0000a000 08:02 1583970                    /usr/lib/x86_64-linux-gnu/libXcursor.so.1.0.2
7f96a9540000-7f96a9541000 rw-s d000b000 00:05 9184                       /dev/nvidia0
7f96a9541000-7f96a9542000 rw-s 5df4d000 00:05 9184                       /dev/nvidia0
7f96a9542000-7f96a9543000 rw-s f2641000 00:05 9184                       /dev/nvidia0
7f96a9543000-7f96a9544000 rw-s 550a0000 00:05 9184                       /dev/nvidia0
7f96a9544000-7f96a9545000 rw-s 219e7000 00:05 9184                       /dev/nvidia0
7f96a9545000-7f96a9547000 rw-p 00000000 00:00 0 
7f96a9547000-7f96a9549000 rw-s 00000000 08:02 1048584                    /tmp/glJTEACm (deleted)
7f96a9549000-7f96a954d000 rw-s 2f053000 00:05 9184                       /dev/nvidia0
7f96a954d000-7f96a954e000 rw-s d0008000 00:05 9184                       /dev/nvidia0
7f96a954e000-7f96a954f000 rw-s 2f28c000 00:05 9184                       /dev/nvidia0
7f96a954f000-7f96a9553000 rw-s 648fc000 00:05 9184                       /dev/nvidia0
7f96a9553000-7f96a9554000 rw-s f2c0a000 00:05 9184                       /dev/nvidia0
7f96a9554000-7f96a9555000 rw-s f2641000 00:05 9184                       /dev/nvidia0
7f96a9555000-7f96a9556000 rw-s 550a0000 00:05 9184                       /dev/nvidia0
7f96a9556000-7f96a9557000 rw-s b8d09000 00:05 9184                       /dev/nvidia0
7f96a9557000-7f96a9558000 rw-s f2060000 00:05 9184                       /dev/nvidia0
7f96a9558000-7f96a9559000 r--p 00000000 00:00 0 
7f96a9559000-7f96a955c000 r--s 0007e000 08:02 1574637                    /usr/lib/jvm/java-6-openjdk-common/jre/lib/jsse.jar
7f96a955c000-7f96a9564000 r--s 00000000 08:02 2361769                    /var/cache/fontconfig/52f7bdb7ce746bfd7eaa1985bd9cfa93-le64.cache-3
7f96a9564000-7f96a9567000 r--s 00000000 08:02 2361065                    /var/cache/fontconfig/e49e89034d371f0f9de17aab02136486-le64.cache-3
7f96a9567000-7f96a9569000 r--s 00000000 08:02 2361066                    /var/cache/fontconfig/4b14b093aebc79c320de5e86ae1d3314-le64.cache-3
7f96a9569000-7f96a9570000 r--s 00000000 08:02 2359398                    /var/cache/fontconfig/3f7329c5293ffd510edef78f73874cfd-le64.cache-3
7f96a9570000-7f96a9573000 r--s 00000000 08:02 2361184                    /var/cache/fontconfig/e13b20fdb08344e0e664864cc2ede53d-le64.cache-3
7f96a9573000-7f96a9577000 r--s 00000000 08:02 2361062                    /var/cache/fontconfig/7ef2298fde41cc6eeb7af42e48b7d293-le64.cache-3
7f96a9577000-7f96a957a000 ---p 00000000 00:00 0 
7f96a957a000-7f96a9678000 rw-p 00000000 00:00 0                          [stack:11811]
7f96a9678000-7f96a970e000 r-xp 00000000 08:02 1574082                    /usr/lib/x86_64-linux-gnu/libfreetype.so.6.9.0
7f96a970e000-7f96a990d000 ---p 00096000 08:02 1574082                    /usr/lib/x86_64-linux-gnu/libfreetype.so.6.9.0
7f96a990d000-7f96a9913000 r--p 00095000 08:02 1574082                    /usr/lib/x86_64-linux-gnu/libfreetype.so.6.9.0
7f96a9913000-7f96a9914000 rw-p 0009b000 08:02 1574082                    /usr/lib/x86_64-linux-gnu/libfreetype.so.6.9.0
7f96a9914000-7f96a994e000 r-xp 00000000 08:02 1575113                    /usr/lib/jvm/java-6-openjdk-amd64/jre/lib/amd64/libfontmanager.so
7f96a994e000-7f96a9b4d000 ---p 0003a000 08:02 1575113                    /usr/lib/jvm/java-6-openjdk-amd64/jre/lib/amd64/libfontmanager.so
7f96a9b4d000-7f96a9b4f000 r--p 00039000 08:02 1575113                    /usr/lib/jvm/java-6-openjdk-amd64/jre/lib/amd64/libfontmanager.so
7f96a9b4f000-7f96a9b50000 rw-p 0003b000 08:02 1575113                    /usr/lib/jvm/java-6-openjdk-amd64/jre/lib/amd64/libfontmanager.so
7f96a9b50000-7f96a9b55000 r-xp 00000000 08:02 1577868                    /usr/lib/x86_64-linux-gnu/libXdmcp.so.6.0.0
7f96a9b55000-7f96a9d54000 ---p 00005000 08:02 1577868                    /usr/lib/x86_64-linux-gnu/libXdmcp.so.6.0.0
7f96a9d54000-7f96a9d55000 r--p 00004000 08:02 1577868                    /usr/lib/x86_64-linux-gnu/libXdmcp.so.6.0.0
7f96a9d55000-7f96a9d56000 rw-p 00005000 08:02 1577868                    /usr/lib/x86_64-linux-gnu/libXdmcp.so.6.0.0
7f96a9d56000-7f96a9d58000 r-xp 00000000 08:02 1577098                    /usr/lib/x86_64-linux-gnu/libXau.so.6.0.0
7f96a9d58000-7f96a9f58000 ---p 00002000 08:02 1577098                    /usr/lib/x86_64-linux-gnu/libXau.so.6.0.0
7f96a9f58000-7f96a9f59000 r--p 00002000 08:02 1577098                    /usr/lib/x86_64-linux-gnu/libXau.so.6.0.0
7f96a9f59000-7f96a9f5a000 rw-p 00003000 08:02 1577098                    /usr/lib/x86_64-linux-gnu/libXau.so.6.0.0
7f96a9f5a000-7f96a9f77000 r-xp 00000000 08:02 1574274                    /usr/lib/x86_64-linux-gnu/libxcb.so.1.1.0
7f96a9f77000-7f96aa176000 ---p 0001d000 08:02 1574274                    /usr/lib/x86_64-linux-gnu/libxcb.so.1.1.0
7f96aa176000-7f96aa177000 r--p 0001c000 08:02 1574274                    /usr/lib/x86_64-linux-gnu/libxcb.so.1.1.0
7f96aa177000-7f96aa178000 rw-p 0001d000 08:02 1574274                    /usr/lib/x86_64-linux-gnu/libxcb.so.1.1.0
7f96aa178000-7f96aa186000 r-xp 00000000 08:02 1583953                    /usr/lib/x86_64-linux-gnu/libXi.so.6.1.0
7f96aa186000-7f96aa385000 ---p 0000e000 08:02 1583953                    /usr/lib/x86_64-linux-gnu/libXi.so.6.1.0
7f96aa385000-7f96aa386000 r--p 0000d000 08:02 1583953                    /usr/lib/x86_64-linux-gnu/libXi.so.6.1.0
7f96aa386000-7f96aa387000 rw-p 0000e000 08:02 1583953                    /usr/lib/x86_64-linux-gnu/libXi.so.6.1.0
7f96aa387000-7f96aa38c000 r-xp 00000000 08:02 1580334                    /usr/lib/x86_64-linux-gnu/libXtst.so.6.1.0
7f96aa38c000-7f96aa58b000 ---p 00005000 08:02 1580334                    /usr/lib/x86_64-linux-gnu/libXtst.so.6.1.0
7f96aa58b000-7f96aa58c000 r--p 00004000 08:02 1580334                    /usr/lib/x86_64-linux-gnu/libXtst.so.6.1.0
7f96aa58c000-7f96aa58d000 rw-p 00005000 08:02 1580334                    /usr/lib/x86_64-linux-gnu/libXtst.so.6.1.0
7f96aa58d000-7f96aa596000 r-xp 00000000 08:02 1578520                    /usr/lib/x86_64-linux-gnu/libXrender.so.1.3.0
7f96aa596000-7f96aa795000 ---p 00009000 08:02 1578520                    /usr/lib/x86_64-linux-gnu/libXrender.so.1.3.0
7f96aa795000-7f96aa796000 r--p 00008000 08:02 1578520                    /usr/lib/x86_64-linux-gnu/libXrender.so.1.3.0
7f96aa796000-7f96aa797000 rw-p 00009000 08:02 1578520                    /usr/lib/x86_64-linux-gnu/libXrender.so.1.3.0
7f96aa797000-7f96aa8cb000 r-xp 00000000 08:02 1578402                    /usr/lib/x86_64-linux-gnu/libX11.so.6.3.0
7f96aa8cb000-7f96aaacb000 ---p 00134000 08:02 1578402                    /usr/lib/x86_64-linux-gnu/libX11.so.6.3.0
7f96aaacb000-7f96aaacc000 r--p 00134000 08:02 1578402                    /usr/lib/x86_64-linux-gnu/libX11.so.6.3.0
7f96aaacc000-7f96aaad1000 rw-p 00135000 08:02 1578402                    /usr/lib/x86_64-linux-gnu/libX11.so.6.3.0
7f96aaad1000-7f96aaae1000 r-xp 00000000 08:02 1583934                    /usr/lib/x86_64-linux-gnu/libXext.so.6.4.0
7f96aaae1000-7f96aace1000 ---p 00010000 08:02 1583934                    /usr/lib/x86_64-linux-gnu/libXext.so.6.4.0
7f96aace1000-7f96aace2000 r--p 00010000 08:02 1583934                    /usr/lib/x86_64-linux-gnu/libXext.so.6.4.0
7f96aace2000-7f96aace3000 rw-p 00011000 08:02 1583934                    /usr/lib/x86_64-linux-gnu/libXext.so.6.4.0
7f96aace3000-7f96aad2e000 r-xp 00000000 08:02 1708878                    /usr/lib/jvm/java-6-openjdk-amd64/jre/lib/amd64/xawt/libmawt.so
7f96aad2e000-7f96aaf2e000 ---p 0004b000 08:02 1708878                    /usr/lib/jvm/java-6-openjdk-amd64/jre/lib/amd64/xawt/libmawt.so
7f96aaf2e000-7f96aaf2f000 r--p 0004b000 08:02 1708878                    /usr/lib/jvm/java-6-openjdk-amd64/jre/lib/amd64/xawt/libmawt.so
7f96aaf2f000-7f96aaf32000 rw-p 0004c000 08:02 1708878                    /usr/lib/jvm/java-6-openjdk-amd64/jre/lib/amd64/xawt/libmawt.so
7f96aaf32000-7f96aaf33000 rw-p 00000000 00:00 0 
7f96aaf33000-7f96aafe1000 r-xp 00000000 08:02 1575116                    /usr/lib/jvm/java-6-openjdk-amd64/jre/lib/amd64/libawt.so
7f96aafe1000-7f96ab1e0000 ---p 000ae000 08:02 1575116                    /usr/lib/jvm/java-6-openjdk-amd64/jre/lib/amd64/libawt.so
7f96ab1e0000-7f96ab1e1000 r--p 000ad000 08:02 1575116                    /usr/lib/jvm/java-6-openjdk-amd64/jre/lib/amd64/libawt.so
7f96ab1e1000-7f96ab1ec000 rw-p 000ae000 08:02 1575116                    /usr/lib/jvm/java-6-openjdk-amd64/jre/lib/amd64/libawt.so
7f96ab1ec000-7f96ab211000 rw-p 00000000 00:00 0 
7f96ab211000-7f96ab212000 ---p 00000000 00:00 0 
7f96ab212000-7f96ab312000 rw-p 00000000 00:00 0                          [stack:11810]
7f96ab312000-7f96ab315000 ---p 00000000 00:00 0 
7f96ab315000-7f96ab413000 rw-p 00000000 00:00 0                          [stack:11809]
7f96ab413000-7f96ab416000 ---p 00000000 00:00 0 
7f96ab416000-7f96ab514000 rw-p 00000000 00:00 0                          [stack:11808]
7f96ab514000-7f96ab517000 ---p 00000000 00:00 0 
7f96ab517000-7f96ab615000 rw-p 00000000 00:00 0                          [stack:11807]
7f96ab615000-7f96ab618000 ---p 00000000 00:00 0 
7f96ab618000-7f96ab716000 rw-p 00000000 00:00 0                          [stack:11806]
7f96ab716000-7f96abdfe000 r--p 00000000 08:02 1579401                    /usr/lib/locale/locale-archive
7f96abdfe000-7f96abe01000 ---p 00000000 00:00 0 
7f96abe01000-7f96abeff000 rw-p 00000000 00:00 0                          [stack:11805]
7f96abeff000-7f96abf02000 ---p 00000000 00:00 0 
7f96abf02000-7f96ac000000 rw-p 00000000 00:00 0                          [stack:11804]
7f96ac000000-7f96ac021000 rw-p 00000000 00:00 0 
7f96ac021000-7f96b0000000 ---p 00000000 00:00 0 
7f96b0000000-7f96b0021000 rw-p 00000000 00:00 0 
7f96b0021000-7f96b4000000 ---p 00000000 00:00 0 
7f96b4000000-7f96b4021000 rw-p 00000000 00:00 0 
7f96b4021000-7f96b8000000 ---p 00000000 00:00 0 
7f96b8000000-7f96b8001000 r--s 00000000 08:02 2361064                    /var/cache/fontconfig/0c9eb80ebd1c36541ebe2852d3bb0c49-le64.cache-3
7f96b8001000-7f96b8002000 r--s 00000000 08:02 2361069                    /var/cache/fontconfig/1ac9eb803944fde146138c791f5cc56a-le64.cache-3
7f96b8002000-7f96b8005000 r--s 00000000 08:02 2365023                    /var/cache/fontconfig/385c0604a188198f04d133e54aba7fe7-le64.cache-3
7f96b8005000-7f96b8006000 r--s 00000000 08:02 2361068                    /var/cache/fontconfig/dc05db6664285cc2f12bf69c139ae4c3-le64.cache-3
7f96b8006000-7f96b8008000 r--s 00000000 08:02 2361067                    /var/cache/fontconfig/767a8244fc0220cfb567a839d0392e0b-le64.cache-3
7f96b8008000-7f96b8009000 r--s 00000000 08:02 2362369                    /var/cache/fontconfig/4794a0821666d79190d59a36cb4f44b5-le64.cache-3
7f96b8009000-7f96b800c000 r--s 00000000 08:02 2361768                    /var/cache/fontconfig/8801497958630a81b71ace7c5f9b32a8-le64.cache-3
7f96b800c000-7f96b803a000 r--s 00000000 08:02 2364547                    /var/cache/fontconfig/365b55f210c0a22e9a19e35191240f32-le64.cache-3
7f96b803a000-7f96b803f000 r--s 00000000 08:02 2359476                    /var/cache/fontconfig/3047814df9a2f067bd2d96a2b9c36e5a-le64.cache-3
7f96b803f000-7f96b8040000 r--s 00000000 08:02 2364544                    /var/cache/fontconfig/56cf4f4769d0f4abc89a4895d7bd3ae1-le64.cache-3
7f96b8040000-7f96b8041000 r--s 00000000 08:02 2361767                    /var/cache/fontconfig/b9d506c9ac06c20b433354fa67a72993-le64.cache-3
7f96b8041000-7f96b8046000 r--s 00000000 08:02 2361766                    /var/cache/fontconfig/b47c4e1ecd0709278f4910c18777a504-le64.cache-3
7f96b8046000-7f96b804e000 r--s 00000000 08:02 2361769                    /var/cache/fontconfig/52f7bdb7ce746bfd7eaa1985bd9cfa93-le64.cache-3
7f96b804e000-7f96b8051000 r--s 00000000 08:02 2361065                    /var/cache/fontconfig/e49e89034d371f0f9de17aab02136486-le64.cache-3
7f96b8051000-7f96b8062000 r--s 00000000 08:02 2364540                    /var/cache/fontconfig/d52a8644073d54c13679302ca1180695-le64.cache-3
7f96b8062000-7f96b8069000 r--s 00000000 08:02 2359398                    /var/cache/fontconfig/3f7329c5293ffd510edef78f73874cfd-le64.cache-3
7f96b8069000-7f96b806d000 r--s 00000000 08:02 2361062                    /var/cache/fontconfig/7ef2298fde41cc6eeb7af42e48b7d293-le64.cache-3
7f96b806d000-7f96b806e000 ---p 00000000 00:00 0 
7f96b806e000-7f96b84a4000 rw-p 00000000 00:00 0                          [stack:11803]
7f96b84a4000-7f96b8635000 r--s 037d3000 08:02 1575094                    /usr/lib/jvm/java-6-openjdk-amd64/jre/lib/rt.jar
7f96b8635000-7f96b865d000 rw-p 00000000 00:00 0 
7f96b865d000-7f96b865e000 ---p 00000000 00:00 0 
7f96b865e000-7f96b875e000 rw-p 00000000 00:00 0                          [stack:11802]
7f96b875e000-7f96b875f000 ---p 00000000 00:00 0 
7f96b875f000-7f96b8874000 rw-p 00000000 00:00 0                          [stack:11800]
7f96b8874000-7f96b89a9000 rw-p 00000000 00:00 0 
7f96b89a9000-7f96b89b4000 rw-p 00000000 00:00 0 
7f96b89b4000-7f96b89fc000 rw-p 00000000 00:00 0 
7f96b89fc000-7f96b8a11000 rw-p 00000000 00:00 0 
7f96b8a11000-7f96b8b45000 rw-p 00000000 00:00 0 
7f96b8b45000-7f96b8b50000 rw-p 00000000 00:00 0 
7f96b8b50000-7f96b8bea000 rw-p 00000000 00:00 0 
7f96b8bea000-7f96b8beb000 rw-p 00000000 00:00 0 
7f96b8beb000-7f96b8e5b000 rwxp 00000000 00:00 0 
7f96b8e5b000-7f96bbbeb000 rw-p 00000000 00:00 0 
7f96bbbeb000-7f96bbbf2000 r-xp 00000000 08:02 1575196                    /usr/lib/jvm/java-6-openjdk-amd64/jre/lib/amd64/libzip.so
7f96bbbf2000-7f96bbdf1000 ---p 00007000 08:02 1575196                    /usr/lib/jvm/java-6-openjdk-amd64/jre/lib/amd64/libzip.so
7f96bbdf1000-7f96bbdf2000 r--p 00006000 08:02 1575196                    /usr/lib/jvm/java-6-openjdk-amd64/jre/lib/amd64/libzip.so
7f96bbdf2000-7f96bbdf3000 rw-p 00007000 08:02 1575196                    /usr/lib/jvm/java-6-openjdk-amd64/jre/lib/amd64/libzip.so
7f96bbdf3000-7f96bbdff000 r-xp 00000000 08:02 8530577                    /lib/x86_64-linux-gnu/libnss_files-2.15.so
7f96bbdff000-7f96bbffe000 ---p 0000c000 08:02 8530577                    /lib/x86_64-linux-gnu/libnss_files-2.15.so
7f96bbffe000-7f96bbfff000 r--p 0000b000 08:02 8530577                    /lib/x86_64-linux-gnu/libnss_files-2.15.so
7f96bbfff000-7f96bc000000 rw-p 0000c000 08:02 8530577                    /lib/x86_64-linux-gnu/libnss_files-2.15.so
7f96bc000000-7f96bc2b4000 rw-p 00000000 00:00 0 
7f96bc2b4000-7f96c0000000 ---p 00000000 00:00 0 
7f96c0000000-7f96c0002000 r--s 00000000 08:02 2361066                    /var/cache/fontconfig/4b14b093aebc79c320de5e86ae1d3314-le64.cache-3
7f96c0002000-7f96c0003000 r--s 00000000 08:02 2361064                    /var/cache/fontconfig/0c9eb80ebd1c36541ebe2852d3bb0c49-le64.cache-3
7f96c0003000-7f96c001f000 r--s 0048b000 08:02 1313442                    /home/benjamin/Téléchargements/processing-2.0b7/core/library/jogl-all.jar
7f96c001f000-7f96c002a000 rw-p 00000000 00:00 0 
7f96c002a000-7f96c0072000 rw-p 00000000 00:00 0 
7f96c0072000-7f96c007c000 r-xp 00000000 08:02 8530573                    /lib/x86_64-linux-gnu/libnss_nis-2.15.so
7f96c007c000-7f96c027c000 ---p 0000a000 08:02 8530573                    /lib/x86_64-linux-gnu/libnss_nis-2.15.so
7f96c027c000-7f96c027d000 r--p 0000a000 08:02 8530573                    /lib/x86_64-linux-gnu/libnss_nis-2.15.so
7f96c027d000-7f96c027e000 rw-p 0000b000 08:02 8530573                    /lib/x86_64-linux-gnu/libnss_nis-2.15.so
7f96c027e000-7f96c0295000 r-xp 00000000 08:02 8530586                    /lib/x86_64-linux-gnu/libnsl-2.15.so
7f96c0295000-7f96c0494000 ---p 00017000 08:02 8530586                    /lib/x86_64-linux-gnu/libnsl-2.15.so
7f96c0494000-7f96c0495000 r--p 00016000 08:02 8530586                    /lib/x86_64-linux-gnu/libnsl-2.15.so
7f96c0495000-7f96c0496000 rw-p 00017000 08:02 8530586                    /lib/x86_64-linux-gnu/libnsl-2.15.so
7f96c0496000-7f96c0498000 rw-p 00000000 00:00 0 
7f96c0498000-7f96c04a0000 r-xp 00000000 08:02 8530578                    /lib/x86_64-linux-gnu/libnss_compat-2.15.so
7f96c04a0000-7f96c069f000 ---p 00008000 08:02 8530578                    /lib/x86_64-linux-gnu/libnss_compat-2.15.so
7f96c069f000-7f96c06a0000 r--p 00007000 08:02 8530578                    /lib/x86_64-linux-gnu/libnss_compat-2.15.so
7f96c06a0000-7f96c06a1000 rw-p 00008000 08:02 8530578                    /lib/x86_64-linux-gnu/libnss_compat-2.15.so
7f96c06a1000-7f96c06ce000 r-xp 00000000 08:02 1575115                    /usr/lib/jvm/java-6-openjdk-amd64/jre/lib/amd64/libjava.so
7f96c06ce000-7f96c08ce000 ---p 0002d000 08:02 1575115                    /usr/lib/jvm/java-6-openjdk-amd64/jre/lib/amd64/libjava.so
7f96c08ce000-7f96c08cf000 r--p 0002d000 08:02 1575115                    /usr/lib/jvm/java-6-openjdk-amd64/jre/lib/amd64/libjava.so
7f96c08cf000-7f96c08d2000 rw-p 0002e000 08:02 1575115                    /usr/lib/jvm/java-6-openjdk-amd64/jre/lib/amd64/libjava.so
7f96c08d2000-7f96c08e1000 r-xp 00000000 08:02 1575114                    /usr/lib/jvm/java-6-openjdk-amd64/jre/lib/amd64/libverify.so
7f96c08e1000-7f96c0ae0000 ---p 0000f000 08:02 1575114                    /usr/lib/jvm/java-6-openjdk-amd64/jre/lib/amd64/libverify.so
7f96c0ae0000-7f96c0ae2000 r--p 0000e000 08:02 1575114                    /usr/lib/jvm/java-6-openjdk-amd64/jre/lib/amd64/libverify.so
7f96c0ae2000-7f96c0ae3000 rw-p 00010000 08:02 1575114                    /usr/lib/jvm/java-6-openjdk-amd64/jre/lib/amd64/libverify.so
7f96c0ae3000-7f96c0aea000 r-xp 00000000 08:02 8530571                    /lib/x86_64-linux-gnu/librt-2.15.so
7f96c0aea000-7f96c0ce9000 ---p 00007000 08:02 8530571                    /lib/x86_64-linux-gnu/librt-2.15.so
7f96c0ce9000-7f96c0cea000 r--p 00006000 08:02 8530571                    /lib/x86_64-linux-gnu/librt-2.15.so
7f96c0cea000-7f96c0ceb000 rw-p 00007000 08:02 8530571                    /lib/x86_64-linux-gnu/librt-2.15.so
7f96c0ceb000-7f96c0d00000 r-xp 00000000 08:02 8526291                    /lib/x86_64-linux-gnu/libgcc_s.so.1
7f96c0d00000-7f96c0eff000 ---p 00015000 08:02 8526291                    /lib/x86_64-linux-gnu/libgcc_s.so.1
7f96c0eff000-7f96c0f00000 r--p 00014000 08:02 8526291                    /lib/x86_64-linux-gnu/libgcc_s.so.1
7f96c0f00000-7f96c0f01000 rw-p 00015000 08:02 8526291                    /lib/x86_64-linux-gnu/libgcc_s.so.1
7f96c0f01000-7f96c0ffc000 r-xp 00000000 08:02 8530575                    /lib/x86_64-linux-gnu/libm-2.15.so
7f96c0ffc000-7f96c11fb000 ---p 000fb000 08:02 8530575                    /lib/x86_64-linux-gnu/libm-2.15.so
7f96c11fb000-7f96c11fc000 r--p 000fa000 08:02 8530575                    /lib/x86_64-linux-gnu/libm-2.15.so
7f96c11fc000-7f96c11fd000 rw-p 000fb000 08:02 8530575                    /lib/x86_64-linux-gnu/libm-2.15.so
7f96c11fd000-7f96c12e2000 r-xp 00000000 08:02 1578479                    /usr/lib/x86_64-linux-gnu/libstdc++.so.6.0.17
7f96c12e2000-7f96c14e1000 ---p 000e5000 08:02 1578479                    /usr/lib/x86_64-linux-gnu/libstdc++.so.6.0.17
7f96c14e1000-7f96c14e9000 r--p 000e4000 08:02 1578479                    /usr/lib/x86_64-linux-gnu/libstdc++.so.6.0.17
7f96c14e9000-7f96c14eb000 rw-p 000ec000 08:02 1578479                    /usr/lib/x86_64-linux-gnu/libstdc++.so.6.0.17
7f96c14eb000-7f96c1500000 rw-p 00000000 00:00 0 
7f96c1500000-7f96c1e1e000 r-xp 00000000 08:02 1575119                    /usr/lib/jvm/java-6-openjdk-amd64/jre/lib/amd64/server/libjvm.so
7f96c1e1e000-7f96c201e000 ---p 0091e000 08:02 1575119                    /usr/lib/jvm/java-6-openjdk-amd64/jre/lib/amd64/server/libjvm.so
7f96c201e000-7f96c209e000 r--p 0091e000 08:02 1575119                    /usr/lib/jvm/java-6-openjdk-amd64/jre/lib/amd64/server/libjvm.so
7f96c209e000-7f96c20b9000 rw-p 0099e000 08:02 1575119                    /usr/lib/jvm/java-6-openjdk-amd64/jre/lib/amd64/server/libjvm.so
7f96c20b9000-7f96c20e2000 rw-p 00000000 00:00 0 
7f96c20e2000-7f96c20f8000 r-xp 00000000 08:02 8519896                    /lib/x86_64-linux-gnu/libz.so.1.2.7
7f96c20f8000-7f96c22f7000 ---p 00016000 08:02 8519896                    /lib/x86_64-linux-gnu/libz.so.1.2.7
7f96c22f7000-7f96c22f8000 r--p 00015000 08:02 8519896                    /lib/x86_64-linux-gnu/libz.so.1.2.7
7f96c22f8000-7f96c22f9000 rw-p 00016000 08:02 8519896                    /lib/x86_64-linux-gnu/libz.so.1.2.7
7f96c22f9000-7f96c24ae000 r-xp 00000000 08:02 8530567                    /lib/x86_64-linux-gnu/libc-2.15.so
7f96c24ae000-7f96c26ad000 ---p 001b5000 08:02 8530567                    /lib/x86_64-linux-gnu/libc-2.15.so
7f96c26ad000-7f96c26b1000 r--p 001b4000 08:02 8530567                    /lib/x86_64-linux-gnu/libc-2.15.so
7f96c26b1000-7f96c26b3000 rw-p 001b8000 08:02 8530567                    /lib/x86_64-linux-gnu/libc-2.15.so
7f96c26b3000-7f96c26b8000 rw-p 00000000 00:00 0 
7f96c26b8000-7f96c26ba000 r-xp 00000000 08:02 8528762                    /lib/x86_64-linux-gnu/libdl-2.15.so
7f96c26ba000-7f96c28ba000 ---p 00002000 08:02 8528762                    /lib/x86_64-linux-gnu/libdl-2.15.so
7f96c28ba000-7f96c28bb000 r--p 00002000 08:02 8528762                    /lib/x86_64-linux-gnu/libdl-2.15.so
7f96c28bb000-7f96c28bc000 rw-p 00003000 08:02 8528762                    /lib/x86_64-linux-gnu/libdl-2.15.so
7f96c28bc000-7f96c28c0000 r-xp 00000000 08:02 1575099                    /usr/lib/jvm/java-6-openjdk-amd64/jre/lib/amd64/jli/libjli.so
7f96c28c0000-7f96c2abf000 ---p 00004000 08:02 1575099                    /usr/lib/jvm/java-6-openjdk-amd64/jre/lib/amd64/jli/libjli.so
7f96c2abf000-7f96c2ac0000 r--p 00003000 08:02 1575099                    /usr/lib/jvm/java-6-openjdk-amd64/jre/lib/amd64/jli/libjli.so
7f96c2ac0000-7f96c2ac1000 rw-p 00004000 08:02 1575099                    /usr/lib/jvm/java-6-openjdk-amd64/jre/lib/amd64/jli/libjli.so
7f96c2ac1000-7f96c2ad9000 r-xp 00000000 08:02 8530569                    /lib/x86_64-linux-gnu/libpthread-2.15.so
7f96c2ad9000-7f96c2cd8000 ---p 00018000 08:02 8530569                    /lib/x86_64-linux-gnu/libpthread-2.15.so
7f96c2cd8000-7f96c2cd9000 r--p 00017000 08:02 8530569                    /lib/x86_64-linux-gnu/libpthread-2.15.so
7f96c2cd9000-7f96c2cda000 rw-p 00018000 08:02 8530569                    /lib/x86_64-linux-gnu/libpthread-2.15.so
7f96c2cda000-7f96c2cde000 rw-p 00000000 00:00 0 
7f96c2cde000-7f96c2d00000 r-xp 00000000 08:02 8530581                    /lib/x86_64-linux-gnu/ld-2.15.so
7f96c2d00000-7f96c2d03000 r--s 00000000 08:02 2361184                    /var/cache/fontconfig/e13b20fdb08344e0e664864cc2ede53d-le64.cache-3
7f96c2d03000-7f96c2d09000 r--s 000fc000 08:02 1575065                    /usr/lib/jvm/java-6-openjdk-common/jre/lib/resources.jar
7f96c2d09000-7f96c2d0b000 r--s 00012000 08:02 4587680                    /home/benjamin/Téléchargements/processing-2.0b7/lib/Shapes3d V2.1.3/library/Shapes3d.jar
7f96c2d0b000-7f96c2d0d000 r--s 00020000 08:02 1313439                    /home/benjamin/Téléchargements/processing-2.0b7/core/library/jogl-all-natives-windows-i586.jar
7f96c2d0d000-7f96c2d0e000 r--s 0001b000 08:02 1313449                    /home/benjamin/Téléchargements/processing-2.0b7/core/library/jogl-all-natives-windows-amd64.jar
7f96c2d0e000-7f96c2d0f000 r--s 00050000 08:02 1313437                    /home/benjamin/Téléchargements/processing-2.0b7/core/library/jogl-all-natives-macosx-universal.jar
7f96c2d0f000-7f96c2d10000 r--s 00023000 08:02 1313445                    /home/benjamin/Téléchargements/processing-2.0b7/core/library/jogl-all-natives-linux-i586.jar
7f96c2d10000-7f96c2d11000 r--s 00023000 08:02 1313446                    /home/benjamin/Téléchargements/processing-2.0b7/core/library/jogl-all-natives-linux-amd64.jar
7f96c2d11000-7f96c2d12000 r--s 00001000 08:02 1313441                    /home/benjamin/Téléchargements/processing-2.0b7/core/library/gluegen-rt-natives-windows-i586.jar
7f96c2d12000-7f96c2d13000 r--s 00001000 08:02 1313448                    /home/benjamin/Téléchargements/processing-2.0b7/core/library/gluegen-rt-natives-windows-amd64.jar
7f96c2d13000-7f96c2d14000 r--s 00000000 08:02 1313447                    /home/benjamin/Téléchargements/processing-2.0b7/core/library/gluegen-rt-natives-macosx-universal.jar
7f96c2d14000-7f96c2d15000 r--s 00000000 08:02 1313440                    /home/benjamin/Téléchargements/processing-2.0b7/core/library/gluegen-rt-natives-linux-i586.jar
7f96c2d15000-7f96c2d16000 r--s 00000000 08:02 1313443                    /home/benjamin/Téléchargements/processing-2.0b7/core/library/gluegen-rt-natives-linux-amd64.jar
7f96c2d16000-7f96c2d1b000 r--s 00030000 08:02 1313444                    /home/benjamin/Téléchargements/processing-2.0b7/core/library/gluegen-rt.jar
7f96c2d1b000-7f96c2d25000 rw-p 00000000 00:00 0 
7f96c2d25000-7f96c2ddb000 rw-p 00000000 00:00 0 
7f96c2ddb000-7f96c2dde000 ---p 00000000 00:00 0 
7f96c2dde000-7f96c2ee1000 rw-p 00000000 00:00 0                          [stack:11797]
7f96c2ee1000-7f96c2ee4000 r--s 00077000 08:02 1313450                    /home/benjamin/Téléchargements/processing-2.0b7/core/library/core.jar
7f96c2ee4000-7f96c2ee8000 r--s 00039000 08:02 1575043                    /usr/lib/jvm/java-6-openjdk-common/jre/lib/ext/sunpkcs11.jar
7f96c2ee8000-7f96c2eea000 r--s 00001000 08:02 1575049                    /usr/lib/jvm/java-6-openjdk-common/jre/lib/ext/dnsns.jar
7f96c2eea000-7f96c2eed000 r--s 00077000 08:02 1575045                    /usr/lib/jvm/java-6-openjdk-common/jre/lib/ext/localedata.jar
7f96c2eed000-7f96c2eef000 r--s 00006000 08:02 1847019                    /usr/share/java/java-atk-wrapper.jar
7f96c2eef000-7f96c2ef2000 r--s 00031000 08:02 1575047                    /usr/lib/jvm/java-6-openjdk-common/jre/lib/ext/sunjce_provider.jar
7f96c2ef2000-7f96c2ef4000 r--s 0000f000 08:02 1575051                    /usr/lib/jvm/java-6-openjdk-common/jre/lib/ext/pulse-java.jar
7f96c2ef4000-7f96c2efc000 rw-s 00000000 08:02 3151446                    /tmp/hsperfdata_benjamin/11795
7f96c2efc000-7f96c2efd000 rw-p 00000000 00:00 0 
7f96c2efd000-7f96c2efe000 r--p 00000000 00:00 0 
7f96c2efe000-7f96c2f00000 rw-p 00000000 00:00 0 
7f96c2f00000-7f96c2f01000 r--p 00022000 08:02 8530581                    /lib/x86_64-linux-gnu/ld-2.15.so
7f96c2f01000-7f96c2f03000 rw-p 00023000 08:02 8530581                    /lib/x86_64-linux-gnu/ld-2.15.so
7fff8c7b4000-7fff8c7d6000 rw-p 00000000 00:00 0                          [stack]
7fff8c7e2000-7fff8c7e3000 r-xp 00000000 00:00 0                          [vdso]
ffffffffff600000-ffffffffff601000 r-xp 00000000 00:00 0                  [vsyscall]

VM Arguments:
jvm_args: -Djava.security.policy=java.policy.applet -Dfile.encoding=UTF-8 
java_command: sun.applet.AppletViewer Test1361808445168.html
Launcher Type: SUN_STANDARD

Environment Variables:
PATH=/usr/lib/lightdm/lightdm:/usr/local/sbin:/usr/local/bin:/usr/sbin:/usr/bin:/sbin:/bin:/usr/games:/usr/local/games:/home/benjamin/commandes/
LD_LIBRARY_PATH=/usr/lib/jvm/java-6-openjdk-amd64/jre/lib/amd64/server:/usr/lib/jvm/java-6-openjdk-amd64/jre/lib/amd64:/usr/lib/jvm/java-6-openjdk-amd64/jre/../lib/amd64
SHELL=/bin/bash
DISPLAY=:0.0

Signal Handlers:
SIGSEGV: [libjvm.so+0x798890], sa_mask[0]=0x7ffbfeff, sa_flags=0x10000004
SIGBUS: [libjvm.so+0x798890], sa_mask[0]=0x7ffbfeff, sa_flags=0x10000004
SIGFPE: [libjvm.so+0x65f730], sa_mask[0]=0x7ffbfeff, sa_flags=0x10000004
SIGPIPE: [libjvm.so+0x65f730], sa_mask[0]=0x7ffbfeff, sa_flags=0x10000004
SIGXFSZ: [libjvm.so+0x65f730], sa_mask[0]=0x7ffbfeff, sa_flags=0x10000004
SIGILL: [libjvm.so+0x65f730], sa_mask[0]=0x7ffbfeff, sa_flags=0x10000004
SIGUSR1: SIG_DFL, sa_mask[0]=0x00000000, sa_flags=0x00000000
SIGUSR2: [libjvm.so+0x65f8f0], sa_mask[0]=0x00000004, sa_flags=0x10000004
SIGHUP: [libjvm.so+0x662250], sa_mask[0]=0x7ffbfeff, sa_flags=0x10000004
SIGINT: [libjvm.so+0x662250], sa_mask[0]=0x7ffbfeff, sa_flags=0x10000004
SIGTERM: [libjvm.so+0x662250], sa_mask[0]=0x7ffbfeff, sa_flags=0x10000004
SIGQUIT: [libjvm.so+0x662250], sa_mask[0]=0x7ffbfeff, sa_flags=0x10000004


---------------  S Y S T E M  ---------------

OS:Ubuntu 12.10 (quantal)
uname:Linux 3.5.0-24-generic #37-Ubuntu SMP Thu Feb 7 01:50:30 UTC 2013 x86_64
libc:glibc 2.15 NPTL 2.15 
rlimit: STACK 8192k, CORE 0k, NPROC 31455, NOFILE 4096, AS infinity
load average:0.99 0.77 0.71

/proc/meminfo:
MemTotal:        4044808 kB
MemFree:         1127756 kB
Buffers:           81004 kB
Cached:           701668 kB
SwapCached:         4372 kB
Active:          1617368 kB
Inactive:        1036752 kB
Active(anon):    1206064 kB
Inactive(anon):   674072 kB
Active(file):     411304 kB
Inactive(file):   362680 kB
Unevictable:       31408 kB
Mlocked:           31408 kB
SwapTotal:        498684 kB
SwapFree:         490084 kB
Dirty:              1180 kB
Writeback:             0 kB
AnonPages:       1899740 kB
Mapped:           217568 kB
Shmem:              2860 kB
Slab:              90500 kB
SReclaimable:      59020 kB
SUnreclaim:        31480 kB
KernelStack:        4400 kB
PageTables:        44764 kB
NFS_Unstable:          0 kB
Bounce:                0 kB
WritebackTmp:          0 kB
CommitLimit:     2521088 kB
Committed_AS:    5429508 kB
VmallocTotal:   34359738367 kB
VmallocUsed:      315944 kB
VmallocChunk:   34359406588 kB
HardwareCorrupted:     0 kB
AnonHugePages:         0 kB
HugePages_Total:       0
HugePages_Free:        0
HugePages_Rsvd:        0
HugePages_Surp:        0
Hugepagesize:       2048 kB
DirectMap4k:      366592 kB
DirectMap2M:     3825664 kB


CPU:total 2 (2 cores per cpu, 1 threads per core) family 6 model 23 stepping 10, cmov, cx8, fxsr, mmx, sse, sse2, sse3, ssse3, sse4.1

Memory: 4k page, physical 4044808k(1127756k free), swap 498684k(490084k free)

vm_info: OpenJDK 64-Bit Server VM (20.0-b12) for linux-amd64 JRE (1.6.0_27-b27), built on Feb  8 2013 03:54:15 by "buildd" with gcc 4.7.2

time: Mon Feb 25 17:07:35 2013
elapsed time: 10 seconds

